[0.428s] Invoking command in '/home/kendell/retail_assistant_ws/build/retail_assistant_bringup': DEBUGINFOD_URLS=https://debuginfod.ubuntu.com PYTHONPATH=/home/kendell/retail_assistant_ws/build/retail_assistant_bringup/prefix_override:/usr/lib/python3/dist-packages/colcon_core/task/python/colcon_distutils_commands:/home/kendell/retail_assistant_ws/install/retail_assistant_bringup/lib/python3.12/site-packages:${PYTHONPATH} /usr/bin/python3 -W ignore:setup.py install is deprecated -W ignore:easy_install command is deprecated setup.py develop --editable --build-directory /home/kendell/retail_assistant_ws/build/retail_assistant_bringup/build --no-deps symlink_data
[0.605s] running develop
[0.703s] running egg_info
[0.703s] creating retail_assistant_bringup.egg-info
[0.712s] writing retail_assistant_bringup.egg-info/PKG-INFO
[0.713s] writing dependency_links to retail_assistant_bringup.egg-info/dependency_links.txt
[0.713s] writing requirements to retail_assistant_bringup.egg-info/requires.txt
[0.713s] writing top-level names to retail_assistant_bringup.egg-info/top_level.txt
[0.713s] writing manifest file 'retail_assistant_bringup.egg-info/SOURCES.txt'
[0.732s] reading manifest file 'retail_assistant_bringup.egg-info/SOURCES.txt'
[0.732s] writing manifest file 'retail_assistant_bringup.egg-info/SOURCES.txt'
[0.743s] running build_ext
[0.743s] Creating /home/kendell/retail_assistant_ws/install/retail_assistant_bringup/lib/python3.12/site-packages/retail-assistant-bringup.egg-link (link to .)
[0.743s] 
[0.743s] Installed /home/kendell/retail_assistant_ws/build/retail_assistant_bringup
[0.743s] running symlink_data
[0.743s] creating /home/kendell/retail_assistant_ws/install/retail_assistant_bringup/share/ament_index
[0.743s] creating /home/kendell/retail_assistant_ws/install/retail_assistant_bringup/share/ament_index/resource_index
[0.743s] creating /home/kendell/retail_assistant_ws/install/retail_assistant_bringup/share/ament_index/resource_index/packages
[0.744s] symbolically linking /home/kendell/retail_assistant_ws/build/retail_assistant_bringup/resource/retail_assistant_bringup -> /home/kendell/retail_assistant_ws/install/retail_assistant_bringup/share/ament_index/resource_index/packages
[0.744s] symbolically linking /home/kendell/retail_assistant_ws/build/retail_assistant_bringup/package.xml -> /home/kendell/retail_assistant_ws/install/retail_assistant_bringup/share/retail_assistant_bringup
[0.744s] creating /home/kendell/retail_assistant_ws/install/retail_assistant_bringup/share/retail_assistant_bringup/launch
[0.744s] symbolically linking /home/kendell/retail_assistant_ws/build/retail_assistant_bringup/launch/rsp.py -> /home/kendell/retail_assistant_ws/install/retail_assistant_bringup/share/retail_assistant_bringup/launch
[0.744s] symbolically linking /home/kendell/retail_assistant_ws/build/retail_assistant_bringup/launch/gazebo_sim.launch.py -> /home/kendell/retail_assistant_ws/install/retail_assistant_bringup/share/retail_assistant_bringup/launch
[0.744s] symbolically linking /home/kendell/retail_assistant_ws/build/retail_assistant_bringup/launch/slam_launch.py -> /home/kendell/retail_assistant_ws/install/retail_assistant_bringup/share/retail_assistant_bringup/launch
[0.744s] creating /home/kendell/retail_assistant_ws/install/retail_assistant_bringup/share/retail_assistant_bringup/description
[0.744s] symbolically linking /home/kendell/retail_assistant_ws/build/retail_assistant_bringup/description/robot_core.xacro -> /home/kendell/retail_assistant_ws/install/retail_assistant_bringup/share/retail_assistant_bringup/description
[0.744s] symbolically linking /home/kendell/retail_assistant_ws/build/retail_assistant_bringup/description/robot.urdf.xacro -> /home/kendell/retail_assistant_ws/install/retail_assistant_bringup/share/retail_assistant_bringup/description
[0.744s] symbolically linking /home/kendell/retail_assistant_ws/build/retail_assistant_bringup/description/inertial_macros.xacro -> /home/kendell/retail_assistant_ws/install/retail_assistant_bringup/share/retail_assistant_bringup/description
[0.744s] creating /home/kendell/retail_assistant_ws/install/retail_assistant_bringup/share/retail_assistant_bringup/rviz
[0.763s] Invoked command in '/home/kendell/retail_assistant_ws/build/retail_assistant_bringup' returned '0': DEBUGINFOD_URLS=https://debuginfod.ubuntu.com PYTHONPATH=/home/kendell/retail_assistant_ws/build/retail_assistant_bringup/prefix_override:/usr/lib/python3/dist-packages/colcon_core/task/python/colcon_distutils_commands:/home/kendell/retail_assistant_ws/install/retail_assistant_bringup/lib/python3.12/site-packages:${PYTHONPATH} /usr/bin/python3 -W ignore:setup.py install is deprecated -W ignore:easy_install command is deprecated setup.py develop --editable --build-directory /home/kendell/retail_assistant_ws/build/retail_assistant_bringup/build --no-deps symlink_data
