/home/retail-assistant/SLAM/install/retail_assistant_bringup/lib/python3.10/site-packages/retail_assistant_bringup/navigation.py
/home/retail-assistant/SLAM/install/retail_assistant_bringup/lib/python3.10/site-packages/retail_assistant_bringup/test_stm.py
/home/retail-assistant/SLAM/install/retail_assistant_bringup/lib/python3.10/site-packages/retail_assistant_bringup/MCU_to_Pi.py
/home/retail-assistant/SLAM/install/retail_assistant_bringup/lib/python3.10/site-packages/retail_assistant_bringup/ultrasonic_front.py
/home/retail-assistant/SLAM/install/retail_assistant_bringup/lib/python3.10/site-packages/retail_assistant_bringup/__init__.py
/home/retail-assistant/SLAM/install/retail_assistant_bringup/lib/python3.10/site-packages/retail_assistant_bringup/test.py
/home/retail-assistant/SLAM/install/retail_assistant_bringup/lib/python3.10/site-packages/retail_assistant_bringup/auto_drive.py
/home/retail-assistant/SLAM/install/retail_assistant_bringup/lib/python3.10/site-packages/retail_assistant_bringup/roboclaw.py
/home/retail-assistant/SLAM/install/retail_assistant_bringup/lib/python3.10/site-packages/retail_assistant_bringup/Pi_to_MCU.py
/home/retail-assistant/SLAM/install/retail_assistant_bringup/lib/python3.10/site-packages/retail_assistant_bringup/stm32_communication.py
/home/retail-assistant/SLAM/install/retail_assistant_bringup/lib/python3.10/site-packages/retail_assistant_bringup/ultrasonic_back.py
/home/retail-assistant/SLAM/install/retail_assistant_bringup/lib/python3.10/site-packages/retail_assistant_bringup/__pycache__/navigation.cpython-310.pyc
/home/retail-assistant/SLAM/install/retail_assistant_bringup/lib/python3.10/site-packages/retail_assistant_bringup/__pycache__/test_stm.cpython-310.pyc
/home/retail-assistant/SLAM/install/retail_assistant_bringup/lib/python3.10/site-packages/retail_assistant_bringup/__pycache__/MCU_to_Pi.cpython-310.pyc
/home/retail-assistant/SLAM/install/retail_assistant_bringup/lib/python3.10/site-packages/retail_assistant_bringup/__pycache__/ultrasonic_front.cpython-310.pyc
/home/retail-assistant/SLAM/install/retail_assistant_bringup/lib/python3.10/site-packages/retail_assistant_bringup/__pycache__/__init__.cpython-310.pyc
/home/retail-assistant/SLAM/install/retail_assistant_bringup/lib/python3.10/site-packages/retail_assistant_bringup/__pycache__/test.cpython-310.pyc
/home/retail-assistant/SLAM/install/retail_assistant_bringup/lib/python3.10/site-packages/retail_assistant_bringup/__pycache__/auto_drive.cpython-310.pyc
/home/retail-assistant/SLAM/install/retail_assistant_bringup/lib/python3.10/site-packages/retail_assistant_bringup/__pycache__/roboclaw.cpython-310.pyc
/home/retail-assistant/SLAM/install/retail_assistant_bringup/lib/python3.10/site-packages/retail_assistant_bringup/__pycache__/Pi_to_MCU.cpython-310.pyc
/home/retail-assistant/SLAM/install/retail_assistant_bringup/lib/python3.10/site-packages/retail_assistant_bringup/__pycache__/stm32_communication.cpython-310.pyc
/home/retail-assistant/SLAM/install/retail_assistant_bringup/lib/python3.10/site-packages/retail_assistant_bringup/__pycache__/ultrasonic_back.cpython-310.pyc
/home/retail-assistant/SLAM/install/retail_assistant_bringup/share/ament_index/resource_index/packages/retail_assistant_bringup
/home/retail-assistant/SLAM/install/retail_assistant_bringup/share/retail_assistant_bringup/package.xml
/home/retail-assistant/SLAM/install/retail_assistant_bringup/share/retail_assistant_bringup/launch/gazebo_sim.launch.py
/home/retail-assistant/SLAM/install/retail_assistant_bringup/share/retail_assistant_bringup/launch/gazebo_sim_auto_mapping.launch.py
/home/retail-assistant/SLAM/install/retail_assistant_bringup/share/retail_assistant_bringup/launch/gazebo_sim_local.launch.py
/home/retail-assistant/SLAM/install/retail_assistant_bringup/share/retail_assistant_bringup/launch/slam_world.launch.py
/home/retail-assistant/SLAM/install/retail_assistant_bringup/share/retail_assistant_bringup/launch/navigation_world.launch.py
/home/retail-assistant/SLAM/install/retail_assistant_bringup/share/retail_assistant_bringup/launch/gazebo_sim_slam.launch.py
/home/retail-assistant/SLAM/install/retail_assistant_bringup/share/retail_assistant_bringup/launch/rsp.py
/home/retail-assistant/SLAM/install/retail_assistant_bringup/share/retail_assistant_bringup/launch/navigation_amcl.launch.py
/home/retail-assistant/SLAM/install/retail_assistant_bringup/share/retail_assistant_bringup/description/example.xacro
/home/retail-assistant/SLAM/install/retail_assistant_bringup/share/retail_assistant_bringup/description/notes
/home/retail-assistant/SLAM/install/retail_assistant_bringup/share/retail_assistant_bringup/description/imu.xacro
/home/retail-assistant/SLAM/install/retail_assistant_bringup/share/retail_assistant_bringup/description/robot_core_treads.xacro
/home/retail-assistant/SLAM/install/retail_assistant_bringup/share/retail_assistant_bringup/description/inertial_macros.xacro
/home/retail-assistant/SLAM/install/retail_assistant_bringup/share/retail_assistant_bringup/description/gazebo_control.xacro
/home/retail-assistant/SLAM/install/retail_assistant_bringup/share/retail_assistant_bringup/description/lidar.xacro
/home/retail-assistant/SLAM/install/retail_assistant_bringup/share/retail_assistant_bringup/description/gazebo_control_tracked.xacro
/home/retail-assistant/SLAM/install/retail_assistant_bringup/share/retail_assistant_bringup/description/fake_person_robot.xacro
/home/retail-assistant/SLAM/install/retail_assistant_bringup/share/retail_assistant_bringup/description/robot.urdf.xacro
/home/retail-assistant/SLAM/install/retail_assistant_bringup/share/retail_assistant_bringup/description/proximity.xacro
/home/retail-assistant/SLAM/install/retail_assistant_bringup/share/retail_assistant_bringup/description/robot_core.xacro
/home/retail-assistant/SLAM/install/retail_assistant_bringup/share/retail_assistant_bringup/worlds/fake_store_layout.world
/home/retail-assistant/SLAM/install/retail_assistant_bringup/share/retail_assistant_bringup/worlds/demo_store.world
/home/retail-assistant/SLAM/install/retail_assistant_bringup/share/retail_assistant_bringup/config/ekf.yaml
/home/retail-assistant/SLAM/install/retail_assistant_bringup/share/retail_assistant_bringup/config/nav2_params.yaml
/home/retail-assistant/SLAM/install/retail_assistant_bringup/share/retail_assistant_bringup/config/test_slam.rviz
/home/retail-assistant/SLAM/install/retail_assistant_bringup/share/retail_assistant_bringup/config/nav2_params_slam.yaml
/home/retail-assistant/SLAM/install/retail_assistant_bringup/share/retail_assistant_bringup/config/mapper_params_online_async_local.yaml
/home/retail-assistant/SLAM/install/retail_assistant_bringup/share/retail_assistant_bringup/config/mapper_params_online_async.yaml
/home/retail-assistant/SLAM/install/retail_assistant_bringup/share/retail_assistant_bringup/rviz
/home/retail-assistant/SLAM/install/retail_assistant_bringup/lib/python3.10/site-packages/retail_assistant_bringup-0.0.0-py3.10.egg-info/zip-safe
/home/retail-assistant/SLAM/install/retail_assistant_bringup/lib/python3.10/site-packages/retail_assistant_bringup-0.0.0-py3.10.egg-info/PKG-INFO
/home/retail-assistant/SLAM/install/retail_assistant_bringup/lib/python3.10/site-packages/retail_assistant_bringup-0.0.0-py3.10.egg-info/top_level.txt
/home/retail-assistant/SLAM/install/retail_assistant_bringup/lib/python3.10/site-packages/retail_assistant_bringup-0.0.0-py3.10.egg-info/requires.txt
/home/retail-assistant/SLAM/install/retail_assistant_bringup/lib/python3.10/site-packages/retail_assistant_bringup-0.0.0-py3.10.egg-info/entry_points.txt
/home/retail-assistant/SLAM/install/retail_assistant_bringup/lib/python3.10/site-packages/retail_assistant_bringup-0.0.0-py3.10.egg-info/dependency_links.txt
/home/retail-assistant/SLAM/install/retail_assistant_bringup/lib/python3.10/site-packages/retail_assistant_bringup-0.0.0-py3.10.egg-info/SOURCES.txt
/home/retail-assistant/SLAM/install/retail_assistant_bringup/lib/retail_assistant_bringup/auto_drive
/home/retail-assistant/SLAM/install/retail_assistant_bringup/lib/retail_assistant_bringup/mcu_to_pi
/home/retail-assistant/SLAM/install/retail_assistant_bringup/lib/retail_assistant_bringup/navigation
/home/retail-assistant/SLAM/install/retail_assistant_bringup/lib/retail_assistant_bringup/roboclaw
/home/retail-assistant/SLAM/install/retail_assistant_bringup/lib/retail_assistant_bringup/stm32
/home/retail-assistant/SLAM/install/retail_assistant_bringup/lib/retail_assistant_bringup/stm_m
/home/retail-assistant/SLAM/install/retail_assistant_bringup/lib/retail_assistant_bringup/ultrasonic
