[2.797s] Invoking command in '/home/retail-assistant/SLAM/src/retail_assistant_bringup': PYTHONPATH=/home/retail-assistant/SLAM/build/retail_assistant_bringup/prefix_override:/usr/lib/python3/dist-packages/colcon_core/task/python/colcon_distutils_commands:/home/retail-assistant/SLAM/install/retail_assistant_bringup/lib/python3.10/site-packages:${PYTHONPATH} /usr/bin/python3 -W ignore:setup.py install is deprecated -W ignore:easy_install command is deprecated setup.py egg_info --egg-base ../../build/retail_assistant_bringup build --build-base /home/retail-assistant/SLAM/build/retail_assistant_bringup/build install --record /home/retail-assistant/SLAM/build/retail_assistant_bringup/install.log --single-version-externally-managed install_data
[3.795s] running egg_info
[3.815s] writing ../../build/retail_assistant_bringup/retail_assistant_bringup.egg-info/PKG-INFO
[3.854s] writing dependency_links to ../../build/retail_assistant_bringup/retail_assistant_bringup.egg-info/dependency_links.txt
[3.857s] writing entry points to ../../build/retail_assistant_bringup/retail_assistant_bringup.egg-info/entry_points.txt
[3.859s] writing requirements to ../../build/retail_assistant_bringup/retail_assistant_bringup.egg-info/requires.txt
[3.860s] writing top-level names to ../../build/retail_assistant_bringup/retail_assistant_bringup.egg-info/top_level.txt
[3.872s] reading manifest file '../../build/retail_assistant_bringup/retail_assistant_bringup.egg-info/SOURCES.txt'
[3.878s] writing manifest file '../../build/retail_assistant_bringup/retail_assistant_bringup.egg-info/SOURCES.txt'
[3.879s] running build
[3.879s] running build_py
[3.883s] running install
[3.884s] running install_lib
[3.893s] running install_data
[3.896s] copying description/lidar.xacro -> /home/retail-assistant/SLAM/install/retail_assistant_bringup/share/retail_assistant_bringup/description
[3.900s] running install_egg_info
[3.907s] removing '/home/retail-assistant/SLAM/install/retail_assistant_bringup/lib/python3.10/site-packages/retail_assistant_bringup-0.0.0-py3.10.egg-info' (and everything under it)
[3.908s] Copying ../../build/retail_assistant_bringup/retail_assistant_bringup.egg-info to /home/retail-assistant/SLAM/install/retail_assistant_bringup/lib/python3.10/site-packages/retail_assistant_bringup-0.0.0-py3.10.egg-info
[3.914s] running install_scripts
[3.994s] Installing auto_drive script to /home/retail-assistant/SLAM/install/retail_assistant_bringup/lib/retail_assistant_bringup
[3.995s] Installing mcu_to_pi script to /home/retail-assistant/SLAM/install/retail_assistant_bringup/lib/retail_assistant_bringup
[3.996s] Installing navigation script to /home/retail-assistant/SLAM/install/retail_assistant_bringup/lib/retail_assistant_bringup
[3.996s] Installing roboclaw script to /home/retail-assistant/SLAM/install/retail_assistant_bringup/lib/retail_assistant_bringup
[3.997s] Installing stm32 script to /home/retail-assistant/SLAM/install/retail_assistant_bringup/lib/retail_assistant_bringup
[3.998s] Installing stm_m script to /home/retail-assistant/SLAM/install/retail_assistant_bringup/lib/retail_assistant_bringup
[3.999s] Installing ultrasonic script to /home/retail-assistant/SLAM/install/retail_assistant_bringup/lib/retail_assistant_bringup
[4.001s] writing list of installed files to '/home/retail-assistant/SLAM/build/retail_assistant_bringup/install.log'
[4.120s] Invoked command in '/home/retail-assistant/SLAM/src/retail_assistant_bringup' returned '0': PYTHONPATH=/home/retail-assistant/SLAM/build/retail_assistant_bringup/prefix_override:/usr/lib/python3/dist-packages/colcon_core/task/python/colcon_distutils_commands:/home/retail-assistant/SLAM/install/retail_assistant_bringup/lib/python3.10/site-packages:${PYTHONPATH} /usr/bin/python3 -W ignore:setup.py install is deprecated -W ignore:easy_install command is deprecated setup.py egg_info --egg-base ../../build/retail_assistant_bringup build --build-base /home/retail-assistant/SLAM/build/retail_assistant_bringup/build install --record /home/retail-assistant/SLAM/build/retail_assistant_bringup/install.log --single-version-externally-managed install_data
