[0.640s] Invoking command in '/home/kendell/retail_assistant_ws/src/retail_assistant_bringup': PYTHONPATH=/home/kendell/retail_assistant_ws/build/retail_assistant_bringup/prefix_override:/usr/lib/python3/dist-packages/colcon_core/task/python/colcon_distutils_commands:/home/kendell/retail_assistant_ws/install/retail_assistant_bringup/lib/python3.10/site-packages:${PYTHONPATH} /usr/bin/python3 -W ignore:setup.py install is deprecated -W ignore:easy_install command is deprecated setup.py egg_info --egg-base ../../build/retail_assistant_bringup build --build-base /home/kendell/retail_assistant_ws/build/retail_assistant_bringup/build install --record /home/kendell/retail_assistant_ws/build/retail_assistant_bringup/install.log --single-version-externally-managed install_data
[0.759s] running egg_info
[0.759s] writing ../../build/retail_assistant_bringup/retail_assistant_bringup.egg-info/PKG-INFO
[0.759s] writing dependency_links to ../../build/retail_assistant_bringup/retail_assistant_bringup.egg-info/dependency_links.txt
[0.759s] writing entry points to ../../build/retail_assistant_bringup/retail_assistant_bringup.egg-info/entry_points.txt
[0.764s] writing requirements to ../../build/retail_assistant_bringup/retail_assistant_bringup.egg-info/requires.txt
[0.764s] writing top-level names to ../../build/retail_assistant_bringup/retail_assistant_bringup.egg-info/top_level.txt
[0.765s] reading manifest file '../../build/retail_assistant_bringup/retail_assistant_bringup.egg-info/SOURCES.txt'
[0.766s] writing manifest file '../../build/retail_assistant_bringup/retail_assistant_bringup.egg-info/SOURCES.txt'
[0.766s] running build
[0.766s] running build_py
[0.766s] copying retail_assistant_bringup/auto_drive.py -> /home/kendell/retail_assistant_ws/build/retail_assistant_bringup/build/lib/retail_assistant_bringup
[0.766s] copying retail_assistant_bringup/navigation.py -> /home/kendell/retail_assistant_ws/build/retail_assistant_bringup/build/lib/retail_assistant_bringup
[0.766s] copying retail_assistant_bringup/test.py -> /home/kendell/retail_assistant_ws/build/retail_assistant_bringup/build/lib/retail_assistant_bringup
[0.766s] running install
[0.766s] running install_lib
[0.767s] copying /home/kendell/retail_assistant_ws/build/retail_assistant_bringup/build/lib/retail_assistant_bringup/auto_drive.py -> /home/kendell/retail_assistant_ws/install/retail_assistant_bringup/lib/python3.10/site-packages/retail_assistant_bringup
[0.767s] copying /home/kendell/retail_assistant_ws/build/retail_assistant_bringup/build/lib/retail_assistant_bringup/navigation.py -> /home/kendell/retail_assistant_ws/install/retail_assistant_bringup/lib/python3.10/site-packages/retail_assistant_bringup
[0.767s] copying /home/kendell/retail_assistant_ws/build/retail_assistant_bringup/build/lib/retail_assistant_bringup/test.py -> /home/kendell/retail_assistant_ws/install/retail_assistant_bringup/lib/python3.10/site-packages/retail_assistant_bringup
[0.767s] byte-compiling /home/kendell/retail_assistant_ws/install/retail_assistant_bringup/lib/python3.10/site-packages/retail_assistant_bringup/auto_drive.py to auto_drive.cpython-310.pyc
[0.768s] byte-compiling /home/kendell/retail_assistant_ws/install/retail_assistant_bringup/lib/python3.10/site-packages/retail_assistant_bringup/navigation.py to navigation.cpython-310.pyc
[0.768s] byte-compiling /home/kendell/retail_assistant_ws/install/retail_assistant_bringup/lib/python3.10/site-packages/retail_assistant_bringup/test.py to test.cpython-310.pyc
[0.768s] running install_data
[0.768s] copying launch/rsp.py -> /home/kendell/retail_assistant_ws/install/retail_assistant_bringup/share/retail_assistant_bringup/launch
[0.768s] copying config/mapper_params_online_async_local.yaml -> /home/kendell/retail_assistant_ws/install/retail_assistant_bringup/share/retail_assistant_bringup/config
[0.768s] running install_egg_info
[0.770s] removing '/home/kendell/retail_assistant_ws/install/retail_assistant_bringup/lib/python3.10/site-packages/retail_assistant_bringup-0.0.0-py3.10.egg-info' (and everything under it)
[0.770s] Copying ../../build/retail_assistant_bringup/retail_assistant_bringup.egg-info to /home/kendell/retail_assistant_ws/install/retail_assistant_bringup/lib/python3.10/site-packages/retail_assistant_bringup-0.0.0-py3.10.egg-info
[0.804s] running install_scripts
[0.816s] Installing auto_drive script to /home/kendell/retail_assistant_ws/install/retail_assistant_bringup/lib/retail_assistant_bringup
[0.817s] writing list of installed files to '/home/kendell/retail_assistant_ws/build/retail_assistant_bringup/install.log'
[0.831s] Invoked command in '/home/kendell/retail_assistant_ws/src/retail_assistant_bringup' returned '0': PYTHONPATH=/home/kendell/retail_assistant_ws/build/retail_assistant_bringup/prefix_override:/usr/lib/python3/dist-packages/colcon_core/task/python/colcon_distutils_commands:/home/kendell/retail_assistant_ws/install/retail_assistant_bringup/lib/python3.10/site-packages:${PYTHONPATH} /usr/bin/python3 -W ignore:setup.py install is deprecated -W ignore:easy_install command is deprecated setup.py egg_info --egg-base ../../build/retail_assistant_bringup build --build-base /home/kendell/retail_assistant_ws/build/retail_assistant_bringup/build install --record /home/kendell/retail_assistant_ws/build/retail_assistant_bringup/install.log --single-version-externally-managed install_data
