[0.420s] Invoking command in '/home/kendell/retail_assistant_ws/build/sllidar_ros2': CMAKE_PREFIX_PATH=${CMAKE_PREFIX_PATH}:/home/kendell/retail_assistant_ws/install/retail_assistant_bringup:/opt/ros/humble /usr/bin/cmake /home/kendell/retail_assistant_ws/src/sllidar_ros2 -DCMAKE_INSTALL_PREFIX=/home/kendell/retail_assistant_ws/install/sllidar_ros2
[3.034s] -- Found ament_cmake: 1.3.12 (/opt/ros/humble/share/ament_cmake/cmake)
[4.926s] -- Override CMake install command with custom implementation using symlinks instead of copying resources
[6.664s] -- Found rclcpp: 16.0.15 (/opt/ros/humble/share/rclcpp/cmake)
[8.341s] -- Found rosidl_generator_c: 3.1.7 (/opt/ros/humble/share/rosidl_generator_c/cmake)
[8.539s] -- Found rosidl_adapter: 3.1.7 (/opt/ros/humble/share/rosidl_adapter/cmake)
[8.856s] -- Found rosidl_generator_cpp: 3.1.7 (/opt/ros/humble/share/rosidl_generator_cpp/cmake)
[9.263s] -- Using all available rosidl_typesupport_c: rosidl_typesupport_fastrtps_c;rosidl_typesupport_introspection_c
[9.975s] -- Using all available rosidl_typesupport_cpp: rosidl_typesupport_fastrtps_cpp;rosidl_typesupport_introspection_cpp
[12.256s] -- Found rmw_implementation_cmake: 6.1.2 (/opt/ros/humble/share/rmw_implementation_cmake/cmake)
[12.365s] -- Found rmw_fastrtps_cpp: 6.2.8 (/opt/ros/humble/share/rmw_fastrtps_cpp/cmake)
[14.323s] -- Using RMW implementation 'rmw_fastrtps_cpp' as default
[16.296s] -- Found sensor_msgs: 4.9.0 (/opt/ros/humble/share/sensor_msgs/cmake)
[17.062s] -- Found std_srvs: 4.9.0 (/opt/ros/humble/share/std_srvs/cmake)
[17.880s] -- Configuring done
[18.093s] -- Generating done
[18.098s] -- Build files have been written to: /home/kendell/retail_assistant_ws/build/sllidar_ros2
[18.135s] Invoked command in '/home/kendell/retail_assistant_ws/build/sllidar_ros2' returned '0': CMAKE_PREFIX_PATH=${CMAKE_PREFIX_PATH}:/home/kendell/retail_assistant_ws/install/retail_assistant_bringup:/opt/ros/humble /usr/bin/cmake /home/kendell/retail_assistant_ws/src/sllidar_ros2 -DCMAKE_INSTALL_PREFIX=/home/kendell/retail_assistant_ws/install/sllidar_ros2
[18.136s] Invoking command in '/home/kendell/retail_assistant_ws/build/sllidar_ros2': CMAKE_PREFIX_PATH=${CMAKE_PREFIX_PATH}:/home/kendell/retail_assistant_ws/install/retail_assistant_bringup:/opt/ros/humble /usr/bin/cmake --build /home/kendell/retail_assistant_ws/build/sllidar_ros2 -- -j12 -l12
[18.196s] [35m[1mConsolidate compiler generated dependencies of target sllidar_client[0m
[18.421s] [35m[1mConsolidate compiler generated dependencies of target sllidar_node[0m
[18.588s] [ 10%] Built target sllidar_client
[18.602s] [100%] Built target sllidar_node
[18.611s] Invoked command in '/home/kendell/retail_assistant_ws/build/sllidar_ros2' returned '0': CMAKE_PREFIX_PATH=${CMAKE_PREFIX_PATH}:/home/kendell/retail_assistant_ws/install/retail_assistant_bringup:/opt/ros/humble /usr/bin/cmake --build /home/kendell/retail_assistant_ws/build/sllidar_ros2 -- -j12 -l12
[18.636s] Invoking command in '/home/kendell/retail_assistant_ws/build/sllidar_ros2': CMAKE_PREFIX_PATH=${CMAKE_PREFIX_PATH}:/home/kendell/retail_assistant_ws/install/retail_assistant_bringup:/opt/ros/humble /usr/bin/cmake --install /home/kendell/retail_assistant_ws/build/sllidar_ros2
[18.641s] -- Install configuration: ""
[18.642s] -- Execute custom install script
[18.642s] -- Up-to-date symlink: /home/kendell/retail_assistant_ws/install/sllidar_ros2/share/sllidar_ros2/launch/sllidar_a1_launch.py
[18.655s] -- Up-to-date symlink: /home/kendell/retail_assistant_ws/install/sllidar_ros2/share/sllidar_ros2/launch/sllidar_a2m12_launch .py
[18.656s] -- Up-to-date symlink: /home/kendell/retail_assistant_ws/install/sllidar_ros2/share/sllidar_ros2/launch/sllidar_a2m7_launch.py
[18.656s] -- Up-to-date symlink: /home/kendell/retail_assistant_ws/install/sllidar_ros2/share/sllidar_ros2/launch/sllidar_a2m8_launch.py
[18.656s] -- Up-to-date symlink: /home/kendell/retail_assistant_ws/install/sllidar_ros2/share/sllidar_ros2/launch/sllidar_a3_launch.py
[18.669s] -- Up-to-date symlink: /home/kendell/retail_assistant_ws/install/sllidar_ros2/share/sllidar_ros2/launch/sllidar_c1_launch.py
[18.669s] -- Up-to-date symlink: /home/kendell/retail_assistant_ws/install/sllidar_ros2/share/sllidar_ros2/launch/sllidar_s1_launch.py
[18.669s] -- Up-to-date symlink: /home/kendell/retail_assistant_ws/install/sllidar_ros2/share/sllidar_ros2/launch/sllidar_s1_tcp_launch.py
[18.670s] -- Up-to-date symlink: /home/kendell/retail_assistant_ws/install/sllidar_ros2/share/sllidar_ros2/launch/sllidar_s2_launch.py
[18.670s] -- Up-to-date symlink: /home/kendell/retail_assistant_ws/install/sllidar_ros2/share/sllidar_ros2/launch/sllidar_s2e_launch.py
[18.670s] -- Up-to-date symlink: /home/kendell/retail_assistant_ws/install/sllidar_ros2/share/sllidar_ros2/launch/sllidar_s3_launch.py
[18.671s] -- Up-to-date symlink: /home/kendell/retail_assistant_ws/install/sllidar_ros2/share/sllidar_ros2/launch/sllidar_t1_launch.py
[18.671s] -- Up-to-date symlink: /home/kendell/retail_assistant_ws/install/sllidar_ros2/share/sllidar_ros2/launch/view_sllidar_a1_launch.py
[18.671s] -- Up-to-date symlink: /home/kendell/retail_assistant_ws/install/sllidar_ros2/share/sllidar_ros2/launch/view_sllidar_a2m12_launch.py
[18.672s] -- Up-to-date symlink: /home/kendell/retail_assistant_ws/install/sllidar_ros2/share/sllidar_ros2/launch/view_sllidar_a2m7_launch.py
[18.672s] -- Up-to-date symlink: /home/kendell/retail_assistant_ws/install/sllidar_ros2/share/sllidar_ros2/launch/view_sllidar_a2m8_launch.py
[18.672s] -- Up-to-date symlink: /home/kendell/retail_assistant_ws/install/sllidar_ros2/share/sllidar_ros2/launch/view_sllidar_a3_launch.py
[18.672s] -- Up-to-date symlink: /home/kendell/retail_assistant_ws/install/sllidar_ros2/share/sllidar_ros2/launch/view_sllidar_c1_launch.py
[18.673s] -- Up-to-date symlink: /home/kendell/retail_assistant_ws/install/sllidar_ros2/share/sllidar_ros2/launch/view_sllidar_s1_launch.py
[18.673s] -- Up-to-date symlink: /home/kendell/retail_assistant_ws/install/sllidar_ros2/share/sllidar_ros2/launch/view_sllidar_s1_tcp_launch.py
[18.673s] -- Up-to-date symlink: /home/kendell/retail_assistant_ws/install/sllidar_ros2/share/sllidar_ros2/launch/view_sllidar_s2_launch.py
[18.673s] -- Up-to-date symlink: /home/kendell/retail_assistant_ws/install/sllidar_ros2/share/sllidar_ros2/launch/view_sllidar_s2e_launch.py
[18.673s] -- Up-to-date symlink: /home/kendell/retail_assistant_ws/install/sllidar_ros2/share/sllidar_ros2/launch/view_sllidar_s3_launch.py
[18.674s] -- Up-to-date symlink: /home/kendell/retail_assistant_ws/install/sllidar_ros2/share/sllidar_ros2/launch/view_sllidar_t1_launch.py
[18.674s] -- Up-to-date symlink: /home/kendell/retail_assistant_ws/install/sllidar_ros2/share/sllidar_ros2/rviz/sllidar_ros2.rviz
[18.675s] -- Up-to-date symlink: /home/kendell/retail_assistant_ws/install/sllidar_ros2/lib/sllidar_ros2/sllidar_node
[18.675s] -- Up-to-date symlink: /home/kendell/retail_assistant_ws/install/sllidar_ros2/lib/sllidar_ros2/sllidar_client
[18.675s] -- Up-to-date symlink: /home/kendell/retail_assistant_ws/install/sllidar_ros2/share/ament_index/resource_index/package_run_dependencies/sllidar_ros2
[18.676s] -- Up-to-date symlink: /home/kendell/retail_assistant_ws/install/sllidar_ros2/share/ament_index/resource_index/parent_prefix_path/sllidar_ros2
[18.676s] -- Up-to-date symlink: /home/kendell/retail_assistant_ws/install/sllidar_ros2/share/sllidar_ros2/environment/ament_prefix_path.sh
[18.676s] -- Up-to-date symlink: /home/kendell/retail_assistant_ws/install/sllidar_ros2/share/sllidar_ros2/environment/ament_prefix_path.dsv
[18.676s] -- Up-to-date symlink: /home/kendell/retail_assistant_ws/install/sllidar_ros2/share/sllidar_ros2/environment/path.sh
[18.677s] -- Up-to-date symlink: /home/kendell/retail_assistant_ws/install/sllidar_ros2/share/sllidar_ros2/environment/path.dsv
[18.677s] -- Up-to-date symlink: /home/kendell/retail_assistant_ws/install/sllidar_ros2/share/sllidar_ros2/local_setup.bash
[18.677s] -- Up-to-date symlink: /home/kendell/retail_assistant_ws/install/sllidar_ros2/share/sllidar_ros2/local_setup.sh
[18.677s] -- Up-to-date symlink: /home/kendell/retail_assistant_ws/install/sllidar_ros2/share/sllidar_ros2/local_setup.zsh
[18.678s] -- Up-to-date symlink: /home/kendell/retail_assistant_ws/install/sllidar_ros2/share/sllidar_ros2/local_setup.dsv
[18.678s] -- Symlinking: /home/kendell/retail_assistant_ws/install/sllidar_ros2/share/sllidar_ros2/package.dsv
[18.685s] -- Up-to-date symlink: /home/kendell/retail_assistant_ws/install/sllidar_ros2/share/ament_index/resource_index/packages/sllidar_ros2
[18.686s] -- Up-to-date symlink: /home/kendell/retail_assistant_ws/install/sllidar_ros2/share/sllidar_ros2/cmake/ament_cmake_export_dependencies-extras.cmake
[18.686s] -- Up-to-date symlink: /home/kendell/retail_assistant_ws/install/sllidar_ros2/share/sllidar_ros2/cmake/ament_cmake_export_include_directories-extras.cmake
[18.687s] -- Up-to-date symlink: /home/kendell/retail_assistant_ws/install/sllidar_ros2/share/sllidar_ros2/cmake/sllidar_ros2Config.cmake
[18.687s] -- Up-to-date symlink: /home/kendell/retail_assistant_ws/install/sllidar_ros2/share/sllidar_ros2/cmake/sllidar_ros2Config-version.cmake
[18.687s] -- Up-to-date symlink: /home/kendell/retail_assistant_ws/install/sllidar_ros2/share/sllidar_ros2/package.xml
[18.689s] Invoked command in '/home/kendell/retail_assistant_ws/build/sllidar_ros2' returned '0': CMAKE_PREFIX_PATH=${CMAKE_PREFIX_PATH}:/home/kendell/retail_assistant_ws/install/retail_assistant_bringup:/opt/ros/humble /usr/bin/cmake --install /home/kendell/retail_assistant_ws/build/sllidar_ros2
