[0.225s] DEBUG:colcon:Command line arguments: ['/usr/bin/colcon', 'build']
[0.226s] DEBUG:colcon:Parsed command line arguments: Namespace(log_base=None, log_level=None, verb_name='build', build_base='build', install_base='install', merge_install=False, symlink_install=False, test_result_base=None, continue_on_error=False, executor='parallel', parallel_workers=12, event_handlers=None, ignore_user_meta=False, metas=['./colcon.meta'], base_paths=['.'], packages_ignore=None, packages_ignore_regex=None, paths=None, packages_up_to=None, packages_up_to_regex=None, packages_above=None, packages_above_and_dependencies=None, packages_above_depth=None, packages_select_by_dep=None, packages_skip_by_dep=None, packages_skip_up_to=None, packages_select_build_failed=False, packages_skip_build_finished=False, packages_select_test_failures=False, packages_skip_test_passed=False, packages_select=None, packages_skip=None, packages_select_regex=None, packages_skip_regex=None, packages_start=None, packages_end=None, allow_overriding=[], cmake_args=None, cmake_target=None, cmake_target_skip_unavailable=False, cmake_clean_cache=False, cmake_clean_first=False, cmake_force_configure=False, ament_cmake_args=None, catkin_cmake_args=None, catkin_skip_building_tests=False, mixin_files=None, mixin=None, verb_parser=<colcon_mixin.mixin.mixin_argument.MixinArgumentDecorator object at 0x7d91a1f217b0>, verb_extension=<colcon_core.verb.build.BuildVerb object at 0x7d91a205e710>, main=<bound method BuildVerb.main of <colcon_core.verb.build.BuildVerb object at 0x7d91a205e710>>, mixin_verb=('build',))
[3.843s] Level 1:colcon.colcon_core.package_discovery:discover_packages(colcon_meta) check parameters
[3.843s] Level 1:colcon.colcon_core.package_discovery:discover_packages(recursive) check parameters
[3.843s] Level 1:colcon.colcon_core.package_discovery:discover_packages(ignore) check parameters
[3.843s] Level 1:colcon.colcon_core.package_discovery:discover_packages(path) check parameters
[3.843s] Level 1:colcon.colcon_core.package_discovery:discover_packages(colcon_meta) discover
[3.843s] Level 1:colcon.colcon_core.package_discovery:discover_packages(recursive) discover
[3.843s] INFO:colcon.colcon_core.package_discovery:Crawling recursively for packages in '/home/kendell/retail_assistant_ws'
[3.844s] Level 1:colcon.colcon_core.package_identification:_identify(.) by extensions ['ignore', 'ignore_ament_install']
[3.844s] Level 1:colcon.colcon_core.package_identification:_identify(.) by extension 'ignore'
[3.844s] Level 1:colcon.colcon_core.package_identification:_identify(.) by extension 'ignore_ament_install'
[3.844s] Level 1:colcon.colcon_core.package_identification:_identify(.) by extensions ['colcon_pkg']
[3.844s] Level 1:colcon.colcon_core.package_identification:_identify(.) by extension 'colcon_pkg'
[3.844s] Level 1:colcon.colcon_core.package_identification:_identify(.) by extensions ['colcon_meta']
[3.844s] Level 1:colcon.colcon_core.package_identification:_identify(.) by extension 'colcon_meta'
[3.844s] Level 1:colcon.colcon_core.package_identification:_identify(.) by extensions ['ros']
[3.844s] Level 1:colcon.colcon_core.package_identification:_identify(.) by extension 'ros'
[3.857s] Level 1:colcon.colcon_core.package_identification:_identify(.) by extensions ['cmake', 'python']
[3.857s] Level 1:colcon.colcon_core.package_identification:_identify(.) by extension 'cmake'
[3.857s] Level 1:colcon.colcon_core.package_identification:_identify(.) by extension 'python'
[3.857s] Level 1:colcon.colcon_core.package_identification:_identify(.) by extensions ['python_setup_py']
[3.857s] Level 1:colcon.colcon_core.package_identification:_identify(.) by extension 'python_setup_py'
[3.857s] Level 1:colcon.colcon_core.package_identification:_identify(build) by extensions ['ignore', 'ignore_ament_install']
[3.858s] Level 1:colcon.colcon_core.package_identification:_identify(build) by extension 'ignore'
[3.858s] Level 1:colcon.colcon_core.package_identification:_identify(build) ignored
[3.858s] Level 1:colcon.colcon_core.package_identification:_identify(config) by extensions ['ignore', 'ignore_ament_install']
[3.858s] Level 1:colcon.colcon_core.package_identification:_identify(config) by extension 'ignore'
[3.858s] Level 1:colcon.colcon_core.package_identification:_identify(config) by extension 'ignore_ament_install'
[3.858s] Level 1:colcon.colcon_core.package_identification:_identify(config) by extensions ['colcon_pkg']
[3.858s] Level 1:colcon.colcon_core.package_identification:_identify(config) by extension 'colcon_pkg'
[3.858s] Level 1:colcon.colcon_core.package_identification:_identify(config) by extensions ['colcon_meta']
[3.858s] Level 1:colcon.colcon_core.package_identification:_identify(config) by extension 'colcon_meta'
[3.858s] Level 1:colcon.colcon_core.package_identification:_identify(config) by extensions ['ros']
[3.858s] Level 1:colcon.colcon_core.package_identification:_identify(config) by extension 'ros'
[3.858s] Level 1:colcon.colcon_core.package_identification:_identify(config) by extensions ['cmake', 'python']
[3.858s] Level 1:colcon.colcon_core.package_identification:_identify(config) by extension 'cmake'
[3.858s] Level 1:colcon.colcon_core.package_identification:_identify(config) by extension 'python'
[3.858s] Level 1:colcon.colcon_core.package_identification:_identify(config) by extensions ['python_setup_py']
[3.858s] Level 1:colcon.colcon_core.package_identification:_identify(config) by extension 'python_setup_py'
[3.858s] Level 1:colcon.colcon_core.package_identification:_identify(install) by extensions ['ignore', 'ignore_ament_install']
[3.858s] Level 1:colcon.colcon_core.package_identification:_identify(install) by extension 'ignore'
[3.858s] Level 1:colcon.colcon_core.package_identification:_identify(install) ignored
[3.859s] Level 1:colcon.colcon_core.package_identification:_identify(log) by extensions ['ignore', 'ignore_ament_install']
[3.859s] Level 1:colcon.colcon_core.package_identification:_identify(log) by extension 'ignore'
[3.859s] Level 1:colcon.colcon_core.package_identification:_identify(log) ignored
[3.859s] Level 1:colcon.colcon_core.package_identification:_identify(src) by extensions ['ignore', 'ignore_ament_install']
[3.859s] Level 1:colcon.colcon_core.package_identification:_identify(src) by extension 'ignore'
[3.859s] Level 1:colcon.colcon_core.package_identification:_identify(src) by extension 'ignore_ament_install'
[3.859s] Level 1:colcon.colcon_core.package_identification:_identify(src) by extensions ['colcon_pkg']
[3.859s] Level 1:colcon.colcon_core.package_identification:_identify(src) by extension 'colcon_pkg'
[3.859s] Level 1:colcon.colcon_core.package_identification:_identify(src) by extensions ['colcon_meta']
[3.859s] Level 1:colcon.colcon_core.package_identification:_identify(src) by extension 'colcon_meta'
[3.859s] Level 1:colcon.colcon_core.package_identification:_identify(src) by extensions ['ros']
[3.859s] Level 1:colcon.colcon_core.package_identification:_identify(src) by extension 'ros'
[3.859s] Level 1:colcon.colcon_core.package_identification:_identify(src) by extensions ['cmake', 'python']
[3.859s] Level 1:colcon.colcon_core.package_identification:_identify(src) by extension 'cmake'
[3.859s] Level 1:colcon.colcon_core.package_identification:_identify(src) by extension 'python'
[3.859s] Level 1:colcon.colcon_core.package_identification:_identify(src) by extensions ['python_setup_py']
[3.859s] Level 1:colcon.colcon_core.package_identification:_identify(src) by extension 'python_setup_py'
[3.859s] Level 1:colcon.colcon_core.package_identification:_identify(src/retail_assistant_bringup) by extensions ['ignore', 'ignore_ament_install']
[3.859s] Level 1:colcon.colcon_core.package_identification:_identify(src/retail_assistant_bringup) by extension 'ignore'
[3.860s] Level 1:colcon.colcon_core.package_identification:_identify(src/retail_assistant_bringup) by extension 'ignore_ament_install'
[3.860s] Level 1:colcon.colcon_core.package_identification:_identify(src/retail_assistant_bringup) by extensions ['colcon_pkg']
[3.860s] Level 1:colcon.colcon_core.package_identification:_identify(src/retail_assistant_bringup) by extension 'colcon_pkg'
[3.860s] Level 1:colcon.colcon_core.package_identification:_identify(src/retail_assistant_bringup) by extensions ['colcon_meta']
[3.860s] Level 1:colcon.colcon_core.package_identification:_identify(src/retail_assistant_bringup) by extension 'colcon_meta'
[3.860s] Level 1:colcon.colcon_core.package_identification:_identify(src/retail_assistant_bringup) by extensions ['ros']
[3.860s] Level 1:colcon.colcon_core.package_identification:_identify(src/retail_assistant_bringup) by extension 'ros'
[3.881s] DEBUG:colcon.colcon_core.package_identification:Package 'src/retail_assistant_bringup' with type 'ros.ament_python' and name 'retail_assistant_bringup'
[3.881s] Level 1:colcon.colcon_core.package_discovery:discover_packages(recursive) using defaults
[3.881s] Level 1:colcon.colcon_core.package_discovery:discover_packages(ignore) discover
[3.881s] Level 1:colcon.colcon_core.package_discovery:discover_packages(ignore) using defaults
[3.881s] Level 1:colcon.colcon_core.package_discovery:discover_packages(path) discover
[3.881s] Level 1:colcon.colcon_core.package_discovery:discover_packages(path) using defaults
[4.062s] Level 1:colcon.colcon_core.package_discovery:discover_packages(prefix_path) check parameters
[4.062s] Level 1:colcon.colcon_core.package_discovery:discover_packages(prefix_path) discover
[4.068s] DEBUG:colcon.colcon_installed_package_information.package_discovery:Found 1 installed packages in /home/kendell/retail_assistant_ws/install
[4.070s] DEBUG:colcon.colcon_installed_package_information.package_discovery:Found 331 installed packages in /opt/ros/humble
[4.072s] Level 1:colcon.colcon_core.package_discovery:discover_packages(prefix_path) using defaults
[4.139s] Level 5:colcon.colcon_core.verb:set package 'retail_assistant_bringup' build argument 'cmake_args' from command line to 'None'
[4.139s] Level 5:colcon.colcon_core.verb:set package 'retail_assistant_bringup' build argument 'cmake_target' from command line to 'None'
[4.139s] Level 5:colcon.colcon_core.verb:set package 'retail_assistant_bringup' build argument 'cmake_target_skip_unavailable' from command line to 'False'
[4.139s] Level 5:colcon.colcon_core.verb:set package 'retail_assistant_bringup' build argument 'cmake_clean_cache' from command line to 'False'
[4.139s] Level 5:colcon.colcon_core.verb:set package 'retail_assistant_bringup' build argument 'cmake_clean_first' from command line to 'False'
[4.139s] Level 5:colcon.colcon_core.verb:set package 'retail_assistant_bringup' build argument 'cmake_force_configure' from command line to 'False'
[4.139s] Level 5:colcon.colcon_core.verb:set package 'retail_assistant_bringup' build argument 'ament_cmake_args' from command line to 'None'
[4.139s] Level 5:colcon.colcon_core.verb:set package 'retail_assistant_bringup' build argument 'catkin_cmake_args' from command line to 'None'
[4.139s] Level 5:colcon.colcon_core.verb:set package 'retail_assistant_bringup' build argument 'catkin_skip_building_tests' from command line to 'False'
[4.139s] DEBUG:colcon.colcon_core.verb:Building package 'retail_assistant_bringup' with the following arguments: {'ament_cmake_args': None, 'build_base': '/home/kendell/retail_assistant_ws/build/retail_assistant_bringup', 'catkin_cmake_args': None, 'catkin_skip_building_tests': False, 'cmake_args': None, 'cmake_clean_cache': False, 'cmake_clean_first': False, 'cmake_force_configure': False, 'cmake_target': None, 'cmake_target_skip_unavailable': False, 'install_base': '/home/kendell/retail_assistant_ws/install/retail_assistant_bringup', 'merge_install': False, 'path': '/home/kendell/retail_assistant_ws/src/retail_assistant_bringup', 'symlink_install': False, 'test_result_base': None}
[4.139s] INFO:colcon.colcon_core.executor:Executing jobs using 'parallel' executor
[4.140s] DEBUG:colcon.colcon_parallel_executor.executor.parallel:run_until_complete
[4.141s] INFO:colcon.colcon_ros.task.ament_python.build:Building ROS package in '/home/kendell/retail_assistant_ws/src/retail_assistant_bringup' with build type 'ament_python'
[4.141s] Level 1:colcon.colcon_core.shell:create_environment_hook('retail_assistant_bringup', 'ament_prefix_path')
[4.164s] INFO:colcon.colcon_core.plugin_system:Skipping extension 'colcon_core.shell.bat': Not used on non-Windows systems
[4.165s] INFO:colcon.colcon_core.shell:Creating environment hook '/home/kendell/retail_assistant_ws/install/retail_assistant_bringup/share/retail_assistant_bringup/hook/ament_prefix_path.ps1'
[4.166s] INFO:colcon.colcon_core.shell:Creating environment descriptor '/home/kendell/retail_assistant_ws/install/retail_assistant_bringup/share/retail_assistant_bringup/hook/ament_prefix_path.dsv'
[4.181s] INFO:colcon.colcon_core.shell:Creating environment hook '/home/kendell/retail_assistant_ws/install/retail_assistant_bringup/share/retail_assistant_bringup/hook/ament_prefix_path.sh'
[4.184s] INFO:colcon.colcon_core.shell:Skip shell extension 'powershell' for command environment: Not usable outside of PowerShell
[4.184s] DEBUG:colcon.colcon_core.shell:Skip shell extension 'dsv' for command environment
[4.504s] INFO:colcon.colcon_core.task.python.build:Building Python package in '/home/kendell/retail_assistant_ws/src/retail_assistant_bringup'
[4.504s] INFO:colcon.colcon_core.shell:Skip shell extension 'powershell' for command environment: Not usable outside of PowerShell
[4.504s] DEBUG:colcon.colcon_core.shell:Skip shell extension 'dsv' for command environment
[5.209s] DEBUG:colcon.colcon_core.event_handler.log_command:Invoking command in '/home/kendell/retail_assistant_ws/src/retail_assistant_bringup': PYTHONPATH=/home/kendell/retail_assistant_ws/build/retail_assistant_bringup/prefix_override:/usr/lib/python3/dist-packages/colcon_core/task/python/colcon_distutils_commands:/home/kendell/retail_assistant_ws/install/retail_assistant_bringup/lib/python3.10/site-packages:${PYTHONPATH} /usr/bin/python3 -W ignore:setup.py install is deprecated -W ignore:easy_install command is deprecated setup.py egg_info --egg-base ../../build/retail_assistant_bringup build --build-base /home/kendell/retail_assistant_ws/build/retail_assistant_bringup/build install --record /home/kendell/retail_assistant_ws/build/retail_assistant_bringup/install.log --single-version-externally-managed install_data
[5.578s] DEBUG:colcon.colcon_core.event_handler.log_command:Invoked command in '/home/kendell/retail_assistant_ws/src/retail_assistant_bringup' returned '0': PYTHONPATH=/home/kendell/retail_assistant_ws/build/retail_assistant_bringup/prefix_override:/usr/lib/python3/dist-packages/colcon_core/task/python/colcon_distutils_commands:/home/kendell/retail_assistant_ws/install/retail_assistant_bringup/lib/python3.10/site-packages:${PYTHONPATH} /usr/bin/python3 -W ignore:setup.py install is deprecated -W ignore:easy_install command is deprecated setup.py egg_info --egg-base ../../build/retail_assistant_bringup build --build-base /home/kendell/retail_assistant_ws/build/retail_assistant_bringup/build install --record /home/kendell/retail_assistant_ws/build/retail_assistant_bringup/install.log --single-version-externally-managed install_data
[5.582s] Level 1:colcon.colcon_core.environment:checking '/home/kendell/retail_assistant_ws/install/retail_assistant_bringup' for CMake module files
[5.583s] Level 1:colcon.colcon_core.environment:checking '/home/kendell/retail_assistant_ws/install/retail_assistant_bringup' for CMake config files
[5.584s] Level 1:colcon.colcon_core.environment:checking '/home/kendell/retail_assistant_ws/install/retail_assistant_bringup/lib'
[5.585s] Level 1:colcon.colcon_core.environment:checking '/home/kendell/retail_assistant_ws/install/retail_assistant_bringup/bin'
[5.585s] Level 1:colcon.colcon_core.environment:checking '/home/kendell/retail_assistant_ws/install/retail_assistant_bringup/lib/pkgconfig/retail_assistant_bringup.pc'
[5.585s] Level 1:colcon.colcon_core.environment:checking '/home/kendell/retail_assistant_ws/install/retail_assistant_bringup/lib/python3.10/site-packages'
[5.585s] Level 1:colcon.colcon_core.shell:create_environment_hook('retail_assistant_bringup', 'pythonpath')
[5.585s] INFO:colcon.colcon_core.shell:Creating environment hook '/home/kendell/retail_assistant_ws/install/retail_assistant_bringup/share/retail_assistant_bringup/hook/pythonpath.ps1'
[5.586s] INFO:colcon.colcon_core.shell:Creating environment descriptor '/home/kendell/retail_assistant_ws/install/retail_assistant_bringup/share/retail_assistant_bringup/hook/pythonpath.dsv'
[5.587s] INFO:colcon.colcon_core.shell:Creating environment hook '/home/kendell/retail_assistant_ws/install/retail_assistant_bringup/share/retail_assistant_bringup/hook/pythonpath.sh'
[5.587s] Level 1:colcon.colcon_core.environment:checking '/home/kendell/retail_assistant_ws/install/retail_assistant_bringup/bin'
[5.587s] Level 1:colcon.colcon_core.environment:create_environment_scripts_only(retail_assistant_bringup)
[5.588s] INFO:colcon.colcon_core.shell:Creating package script '/home/kendell/retail_assistant_ws/install/retail_assistant_bringup/share/retail_assistant_bringup/package.ps1'
[5.589s] INFO:colcon.colcon_core.shell:Creating package descriptor '/home/kendell/retail_assistant_ws/install/retail_assistant_bringup/share/retail_assistant_bringup/package.dsv'
[5.590s] INFO:colcon.colcon_core.shell:Creating package script '/home/kendell/retail_assistant_ws/install/retail_assistant_bringup/share/retail_assistant_bringup/package.sh'
[5.592s] INFO:colcon.colcon_core.shell:Creating package script '/home/kendell/retail_assistant_ws/install/retail_assistant_bringup/share/retail_assistant_bringup/package.bash'
[5.594s] INFO:colcon.colcon_core.shell:Creating package script '/home/kendell/retail_assistant_ws/install/retail_assistant_bringup/share/retail_assistant_bringup/package.zsh'
[5.625s] Level 1:colcon.colcon_core.environment:create_file_with_runtime_dependencies(/home/kendell/retail_assistant_ws/install/retail_assistant_bringup/share/colcon-core/packages/retail_assistant_bringup)
[5.626s] DEBUG:colcon.colcon_parallel_executor.executor.parallel:closing loop
[5.627s] DEBUG:colcon.colcon_parallel_executor.executor.parallel:loop closed
[5.627s] DEBUG:colcon.colcon_parallel_executor.executor.parallel:run_until_complete finished with '0'
[5.627s] DEBUG:colcon.colcon_core.event_reactor:joining thread
[5.642s] INFO:colcon.colcon_core.plugin_system:Skipping extension 'colcon_notification.desktop_notification.terminal_notifier': Not used on non-Darwin systems
[5.642s] INFO:colcon.colcon_core.plugin_system:Skipping extension 'colcon_notification.desktop_notification.win32': Not used on non-Windows systems
[5.642s] INFO:colcon.colcon_notification.desktop_notification:Sending desktop notification using 'notify2'
[5.682s] DEBUG:colcon.colcon_core.event_reactor:joined thread
[5.682s] INFO:colcon.colcon_core.shell:Creating prefix script '/home/kendell/retail_assistant_ws/install/local_setup.ps1'
[5.684s] INFO:colcon.colcon_core.shell:Creating prefix util module '/home/kendell/retail_assistant_ws/install/_local_setup_util_ps1.py'
[5.687s] INFO:colcon.colcon_core.shell:Creating prefix chain script '/home/kendell/retail_assistant_ws/install/setup.ps1'
[5.689s] INFO:colcon.colcon_core.shell:Creating prefix script '/home/kendell/retail_assistant_ws/install/local_setup.sh'
[5.691s] INFO:colcon.colcon_core.shell:Creating prefix util module '/home/kendell/retail_assistant_ws/install/_local_setup_util_sh.py'
[5.691s] INFO:colcon.colcon_core.shell:Creating prefix chain script '/home/kendell/retail_assistant_ws/install/setup.sh'
[5.693s] INFO:colcon.colcon_core.shell:Creating prefix script '/home/kendell/retail_assistant_ws/install/local_setup.bash'
[5.695s] INFO:colcon.colcon_core.shell:Creating prefix chain script '/home/kendell/retail_assistant_ws/install/setup.bash'
[5.697s] INFO:colcon.colcon_core.shell:Creating prefix script '/home/kendell/retail_assistant_ws/install/local_setup.zsh'
[5.699s] INFO:colcon.colcon_core.shell:Creating prefix chain script '/home/kendell/retail_assistant_ws/install/setup.zsh'
