[3.366s] Invoking command in '/home/retail-assistant/SLAM/src/retail_assistant_bringup': PYTHONPATH=/home/retail-assistant/SLAM/build/retail_assistant_bringup/prefix_override:/usr/lib/python3/dist-packages/colcon_core/task/python/colcon_distutils_commands:/home/retail-assistant/SLAM/install/retail_assistant_bringup/lib/python3.10/site-packages:${PYTHONPATH} /usr/bin/python3 -W ignore:setup.py install is deprecated -W ignore:easy_install command is deprecated setup.py egg_info --egg-base ../../build/retail_assistant_bringup build --build-base /home/retail-assistant/SLAM/build/retail_assistant_bringup/build install --record /home/retail-assistant/SLAM/build/retail_assistant_bringup/install.log --single-version-externally-managed install_data
[4.345s] running egg_info
[4.348s] writing ../../build/retail_assistant_bringup/retail_assistant_bringup.egg-info/PKG-INFO
[4.350s] writing dependency_links to ../../build/retail_assistant_bringup/retail_assistant_bringup.egg-info/dependency_links.txt
[4.351s] writing entry points to ../../build/retail_assistant_bringup/retail_assistant_bringup.egg-info/entry_points.txt
[4.352s] writing requirements to ../../build/retail_assistant_bringup/retail_assistant_bringup.egg-info/requires.txt
[4.353s] writing top-level names to ../../build/retail_assistant_bringup/retail_assistant_bringup.egg-info/top_level.txt
[4.362s] reading manifest file '../../build/retail_assistant_bringup/retail_assistant_bringup.egg-info/SOURCES.txt'
[4.369s] writing manifest file '../../build/retail_assistant_bringup/retail_assistant_bringup.egg-info/SOURCES.txt'
[4.370s] running build
[4.370s] running build_py
[4.373s] copying retail_assistant_bringup/test_stm.py -> /home/retail-assistant/SLAM/build/retail_assistant_bringup/build/lib/retail_assistant_bringup
[4.374s] copying retail_assistant_bringup/ultrasonic_front.py -> /home/retail-assistant/SLAM/build/retail_assistant_bringup/build/lib/retail_assistant_bringup
[4.375s] copying retail_assistant_bringup/auto_drive.py -> /home/retail-assistant/SLAM/build/retail_assistant_bringup/build/lib/retail_assistant_bringup
[4.377s] copying retail_assistant_bringup/ultrasonic_back.py -> /home/retail-assistant/SLAM/build/retail_assistant_bringup/build/lib/retail_assistant_bringup
[4.379s] running install
[4.381s] running install_lib
[4.385s] copying /home/retail-assistant/SLAM/build/retail_assistant_bringup/build/lib/retail_assistant_bringup/test_stm.py -> /home/retail-assistant/SLAM/install/retail_assistant_bringup/lib/python3.10/site-packages/retail_assistant_bringup
[4.386s] copying /home/retail-assistant/SLAM/build/retail_assistant_bringup/build/lib/retail_assistant_bringup/ultrasonic_front.py -> /home/retail-assistant/SLAM/install/retail_assistant_bringup/lib/python3.10/site-packages/retail_assistant_bringup
[4.388s] copying /home/retail-assistant/SLAM/build/retail_assistant_bringup/build/lib/retail_assistant_bringup/auto_drive.py -> /home/retail-assistant/SLAM/install/retail_assistant_bringup/lib/python3.10/site-packages/retail_assistant_bringup
[4.390s] copying /home/retail-assistant/SLAM/build/retail_assistant_bringup/build/lib/retail_assistant_bringup/ultrasonic_back.py -> /home/retail-assistant/SLAM/install/retail_assistant_bringup/lib/python3.10/site-packages/retail_assistant_bringup
[4.393s] byte-compiling /home/retail-assistant/SLAM/install/retail_assistant_bringup/lib/python3.10/site-packages/retail_assistant_bringup/test_stm.py to test_stm.cpython-310.pyc
[4.399s] byte-compiling /home/retail-assistant/SLAM/install/retail_assistant_bringup/lib/python3.10/site-packages/retail_assistant_bringup/ultrasonic_front.py to ultrasonic_front.cpython-310.pyc
[4.402s] byte-compiling /home/retail-assistant/SLAM/install/retail_assistant_bringup/lib/python3.10/site-packages/retail_assistant_bringup/auto_drive.py to auto_drive.cpython-310.pyc
[4.409s] byte-compiling /home/retail-assistant/SLAM/install/retail_assistant_bringup/lib/python3.10/site-packages/retail_assistant_bringup/ultrasonic_back.py to ultrasonic_back.cpython-310.pyc
[4.412s] running install_data
[4.421s] copying config/nav2_params.yaml -> /home/retail-assistant/SLAM/install/retail_assistant_bringup/share/retail_assistant_bringup/config
[4.424s] running install_egg_info
[4.432s] removing '/home/retail-assistant/SLAM/install/retail_assistant_bringup/lib/python3.10/site-packages/retail_assistant_bringup-0.0.0-py3.10.egg-info' (and everything under it)
[4.435s] Copying ../../build/retail_assistant_bringup/retail_assistant_bringup.egg-info to /home/retail-assistant/SLAM/install/retail_assistant_bringup/lib/python3.10/site-packages/retail_assistant_bringup-0.0.0-py3.10.egg-info
[4.442s] running install_scripts
[4.521s] Installing auto_drive script to /home/retail-assistant/SLAM/install/retail_assistant_bringup/lib/retail_assistant_bringup
[4.522s] Installing mcu_to_pi script to /home/retail-assistant/SLAM/install/retail_assistant_bringup/lib/retail_assistant_bringup
[4.523s] Installing navigation script to /home/retail-assistant/SLAM/install/retail_assistant_bringup/lib/retail_assistant_bringup
[4.524s] Installing roboclaw script to /home/retail-assistant/SLAM/install/retail_assistant_bringup/lib/retail_assistant_bringup
[4.525s] Installing stm32 script to /home/retail-assistant/SLAM/install/retail_assistant_bringup/lib/retail_assistant_bringup
[4.526s] Installing stm_m script to /home/retail-assistant/SLAM/install/retail_assistant_bringup/lib/retail_assistant_bringup
[4.527s] Installing ultrasonic script to /home/retail-assistant/SLAM/install/retail_assistant_bringup/lib/retail_assistant_bringup
[4.529s] writing list of installed files to '/home/retail-assistant/SLAM/build/retail_assistant_bringup/install.log'
[4.647s] Invoked command in '/home/retail-assistant/SLAM/src/retail_assistant_bringup' returned '0': PYTHONPATH=/home/retail-assistant/SLAM/build/retail_assistant_bringup/prefix_override:/usr/lib/python3/dist-packages/colcon_core/task/python/colcon_distutils_commands:/home/retail-assistant/SLAM/install/retail_assistant_bringup/lib/python3.10/site-packages:${PYTHONPATH} /usr/bin/python3 -W ignore:setup.py install is deprecated -W ignore:easy_install command is deprecated setup.py egg_info --egg-base ../../build/retail_assistant_bringup build --build-base /home/retail-assistant/SLAM/build/retail_assistant_bringup/build install --record /home/retail-assistant/SLAM/build/retail_assistant_bringup/install.log --single-version-externally-managed install_data
