[2.983s] Invoking command in '/home/retail-assistant/SLAM/src/retail_assistant_bringup': PYTHONPATH=/home/retail-assistant/SLAM/build/retail_assistant_bringup/prefix_override:/usr/lib/python3/dist-packages/colcon_core/task/python/colcon_distutils_commands:/home/retail-assistant/SLAM/install/retail_assistant_bringup/lib/python3.10/site-packages:${PYTHONPATH} /usr/bin/python3 -W ignore:setup.py install is deprecated -W ignore:easy_install command is deprecated setup.py egg_info --egg-base ../../build/retail_assistant_bringup build --build-base /home/retail-assistant/SLAM/build/retail_assistant_bringup/build install --record /home/retail-assistant/SLAM/build/retail_assistant_bringup/install.log --single-version-externally-managed install_data
[4.023s] running egg_info
[4.026s] writing ../../build/retail_assistant_bringup/retail_assistant_bringup.egg-info/PKG-INFO
[4.028s] writing dependency_links to ../../build/retail_assistant_bringup/retail_assistant_bringup.egg-info/dependency_links.txt
[4.029s] writing entry points to ../../build/retail_assistant_bringup/retail_assistant_bringup.egg-info/entry_points.txt
[4.030s] writing requirements to ../../build/retail_assistant_bringup/retail_assistant_bringup.egg-info/requires.txt
[4.030s] writing top-level names to ../../build/retail_assistant_bringup/retail_assistant_bringup.egg-info/top_level.txt
[4.039s] reading manifest file '../../build/retail_assistant_bringup/retail_assistant_bringup.egg-info/SOURCES.txt'
[4.046s] writing manifest file '../../build/retail_assistant_bringup/retail_assistant_bringup.egg-info/SOURCES.txt'
[4.047s] running build
[4.047s] running build_py
[4.048s] copying retail_assistant_bringup/MCU_to_Pi.py -> /home/retail-assistant/SLAM/build/retail_assistant_bringup/build/lib/retail_assistant_bringup
[4.052s] running install
[4.053s] running install_lib
[4.057s] copying /home/retail-assistant/SLAM/build/retail_assistant_bringup/build/lib/retail_assistant_bringup/MCU_to_Pi.py -> /home/retail-assistant/SLAM/install/retail_assistant_bringup/lib/python3.10/site-packages/retail_assistant_bringup
[4.062s] byte-compiling /home/retail-assistant/SLAM/install/retail_assistant_bringup/lib/python3.10/site-packages/retail_assistant_bringup/MCU_to_Pi.py to MCU_to_Pi.cpython-310.pyc
[4.069s] running install_data
[4.076s] running install_egg_info
[4.083s] removing '/home/retail-assistant/SLAM/install/retail_assistant_bringup/lib/python3.10/site-packages/retail_assistant_bringup-0.0.0-py3.10.egg-info' (and everything under it)
[4.084s] Copying ../../build/retail_assistant_bringup/retail_assistant_bringup.egg-info to /home/retail-assistant/SLAM/install/retail_assistant_bringup/lib/python3.10/site-packages/retail_assistant_bringup-0.0.0-py3.10.egg-info
[4.090s] running install_scripts
[4.171s] Installing auto_drive script to /home/retail-assistant/SLAM/install/retail_assistant_bringup/lib/retail_assistant_bringup
[4.172s] Installing mcu_to_pi script to /home/retail-assistant/SLAM/install/retail_assistant_bringup/lib/retail_assistant_bringup
[4.173s] Installing navigation script to /home/retail-assistant/SLAM/install/retail_assistant_bringup/lib/retail_assistant_bringup
[4.174s] Installing roboclaw script to /home/retail-assistant/SLAM/install/retail_assistant_bringup/lib/retail_assistant_bringup
[4.175s] Installing stm32 script to /home/retail-assistant/SLAM/install/retail_assistant_bringup/lib/retail_assistant_bringup
[4.176s] Installing stm_m script to /home/retail-assistant/SLAM/install/retail_assistant_bringup/lib/retail_assistant_bringup
[4.177s] Installing ultrasonic script to /home/retail-assistant/SLAM/install/retail_assistant_bringup/lib/retail_assistant_bringup
[4.179s] writing list of installed files to '/home/retail-assistant/SLAM/build/retail_assistant_bringup/install.log'
[4.303s] Invoked command in '/home/retail-assistant/SLAM/src/retail_assistant_bringup' returned '0': PYTHONPATH=/home/retail-assistant/SLAM/build/retail_assistant_bringup/prefix_override:/usr/lib/python3/dist-packages/colcon_core/task/python/colcon_distutils_commands:/home/retail-assistant/SLAM/install/retail_assistant_bringup/lib/python3.10/site-packages:${PYTHONPATH} /usr/bin/python3 -W ignore:setup.py install is deprecated -W ignore:easy_install command is deprecated setup.py egg_info --egg-base ../../build/retail_assistant_bringup build --build-base /home/retail-assistant/SLAM/build/retail_assistant_bringup/build install --record /home/retail-assistant/SLAM/build/retail_assistant_bringup/install.log --single-version-externally-managed install_data
