[0.304s] Invoking command in '/home/kendell/retail_assistant_ws/src/retail_assistant_bringup': PYTHONPATH=/home/kendell/retail_assistant_ws/build/retail_assistant_bringup/prefix_override:/usr/lib/python3/dist-packages/colcon_core/task/python/colcon_distutils_commands:/home/kendell/retail_assistant_ws/install/retail_assistant_bringup/lib/python3.10/site-packages:${PYTHONPATH} /usr/bin/python3 -W ignore:setup.py install is deprecated -W ignore:easy_install command is deprecated setup.py egg_info --egg-base ../../build/retail_assistant_bringup build --build-base /home/kendell/retail_assistant_ws/build/retail_assistant_bringup/build install --record /home/kendell/retail_assistant_ws/build/retail_assistant_bringup/install.log --single-version-externally-managed install_data
[0.421s] running egg_info
[0.421s] writing ../../build/retail_assistant_bringup/retail_assistant_bringup.egg-info/PKG-INFO
[0.421s] writing dependency_links to ../../build/retail_assistant_bringup/retail_assistant_bringup.egg-info/dependency_links.txt
[0.421s] writing entry points to ../../build/retail_assistant_bringup/retail_assistant_bringup.egg-info/entry_points.txt
[0.422s] writing requirements to ../../build/retail_assistant_bringup/retail_assistant_bringup.egg-info/requires.txt
[0.422s] writing top-level names to ../../build/retail_assistant_bringup/retail_assistant_bringup.egg-info/top_level.txt
[0.422s] reading manifest file '../../build/retail_assistant_bringup/retail_assistant_bringup.egg-info/SOURCES.txt'
[0.424s] writing manifest file '../../build/retail_assistant_bringup/retail_assistant_bringup.egg-info/SOURCES.txt'
[0.424s] running build
[0.424s] running build_py
[0.424s] copying retail_assistant_bringup/auto_drive.py -> /home/kendell/retail_assistant_ws/build/retail_assistant_bringup/build/lib/retail_assistant_bringup
[0.424s] running install
[0.424s] running install_lib
[0.424s] copying /home/kendell/retail_assistant_ws/build/retail_assistant_bringup/build/lib/retail_assistant_bringup/auto_drive.py -> /home/kendell/retail_assistant_ws/install/retail_assistant_bringup/lib/python3.10/site-packages/retail_assistant_bringup
[0.425s] byte-compiling /home/kendell/retail_assistant_ws/install/retail_assistant_bringup/lib/python3.10/site-packages/retail_assistant_bringup/auto_drive.py to auto_drive.cpython-310.pyc
[0.426s] running install_data
[0.426s] running install_egg_info
[0.427s] removing '/home/kendell/retail_assistant_ws/install/retail_assistant_bringup/lib/python3.10/site-packages/retail_assistant_bringup-0.0.0-py3.10.egg-info' (and everything under it)
[0.427s] Copying ../../build/retail_assistant_bringup/retail_assistant_bringup.egg-info to /home/kendell/retail_assistant_ws/install/retail_assistant_bringup/lib/python3.10/site-packages/retail_assistant_bringup-0.0.0-py3.10.egg-info
[0.428s] running install_scripts
[0.439s] Installing auto_drive script to /home/kendell/retail_assistant_ws/install/retail_assistant_bringup/lib/retail_assistant_bringup
[0.439s] Installing navigation script to /home/kendell/retail_assistant_ws/install/retail_assistant_bringup/lib/retail_assistant_bringup
[0.439s] writing list of installed files to '/home/kendell/retail_assistant_ws/build/retail_assistant_bringup/install.log'
[0.456s] Invoked command in '/home/kendell/retail_assistant_ws/src/retail_assistant_bringup' returned '0': PYTHONPATH=/home/kendell/retail_assistant_ws/build/retail_assistant_bringup/prefix_override:/usr/lib/python3/dist-packages/colcon_core/task/python/colcon_distutils_commands:/home/kendell/retail_assistant_ws/install/retail_assistant_bringup/lib/python3.10/site-packages:${PYTHONPATH} /usr/bin/python3 -W ignore:setup.py install is deprecated -W ignore:easy_install command is deprecated setup.py egg_info --egg-base ../../build/retail_assistant_bringup build --build-base /home/kendell/retail_assistant_ws/build/retail_assistant_bringup/build install --record /home/kendell/retail_assistant_ws/build/retail_assistant_bringup/install.log --single-version-externally-managed install_data
