[0.190s] Invoking command in '/home/kendell/retail_assistant_ws/build/sllidar_ros2': CMAKE_PREFIX_PATH=${CMAKE_PREFIX_PATH}:/home/kendell/retail_assistant_ws/install/retail_assistant_bringup:/opt/ros/humble /usr/bin/cmake --build /home/kendell/retail_assistant_ws/build/sllidar_ros2 -- -j12 -l12
[1.514s] [ 90%] Built target sllidar_node
[1.565s] [100%] Built target sllidar_client
[1.576s] Invoked command in '/home/kendell/retail_assistant_ws/build/sllidar_ros2' returned '0': CMAKE_PREFIX_PATH=${CMAKE_PREFIX_PATH}:/home/kendell/retail_assistant_ws/install/retail_assistant_bringup:/opt/ros/humble /usr/bin/cmake --build /home/kendell/retail_assistant_ws/build/sllidar_ros2 -- -j12 -l12
[1.600s] Invoking command in '/home/kendell/retail_assistant_ws/build/sllidar_ros2': CMAKE_PREFIX_PATH=${CMAKE_PREFIX_PATH}:/home/kendell/retail_assistant_ws/install/retail_assistant_bringup:/opt/ros/humble /usr/bin/cmake --install /home/kendell/retail_assistant_ws/build/sllidar_ros2
[1.607s] -- Install configuration: ""
[1.671s] -- Execute custom install script
[1.699s] -- Up-to-date symlink: /home/kendell/retail_assistant_ws/install/sllidar_ros2/share/sllidar_ros2/launch/sllidar_a1_launch.py
[1.731s] -- Up-to-date symlink: /home/kendell/retail_assistant_ws/install/sllidar_ros2/share/sllidar_ros2/launch/sllidar_a2m12_launch .py
[1.733s] -- Up-to-date symlink: /home/kendell/retail_assistant_ws/install/sllidar_ros2/share/sllidar_ros2/launch/sllidar_a2m7_launch.py
[1.733s] -- Up-to-date symlink: /home/kendell/retail_assistant_ws/install/sllidar_ros2/share/sllidar_ros2/launch/sllidar_a2m8_launch.py
[1.735s] -- Up-to-date symlink: /home/kendell/retail_assistant_ws/install/sllidar_ros2/share/sllidar_ros2/launch/sllidar_a3_launch.py
[1.744s] -- Up-to-date symlink: /home/kendell/retail_assistant_ws/install/sllidar_ros2/share/sllidar_ros2/launch/sllidar_c1_launch.py
[1.745s] -- Up-to-date symlink: /home/kendell/retail_assistant_ws/install/sllidar_ros2/share/sllidar_ros2/launch/sllidar_s1_launch.py
[1.745s] -- Up-to-date symlink: /home/kendell/retail_assistant_ws/install/sllidar_ros2/share/sllidar_ros2/launch/sllidar_s1_tcp_launch.py
[1.745s] -- Up-to-date symlink: /home/kendell/retail_assistant_ws/install/sllidar_ros2/share/sllidar_ros2/launch/sllidar_s2_launch.py
[1.746s] -- Up-to-date symlink: /home/kendell/retail_assistant_ws/install/sllidar_ros2/share/sllidar_ros2/launch/sllidar_s2e_launch.py
[1.746s] -- Up-to-date symlink: /home/kendell/retail_assistant_ws/install/sllidar_ros2/share/sllidar_ros2/launch/sllidar_s3_launch.py
[1.747s] -- Up-to-date symlink: /home/kendell/retail_assistant_ws/install/sllidar_ros2/share/sllidar_ros2/launch/sllidar_t1_launch.py
[1.748s] -- Up-to-date symlink: /home/kendell/retail_assistant_ws/install/sllidar_ros2/share/sllidar_ros2/launch/view_sllidar_a1_launch.py
[1.748s] -- Up-to-date symlink: /home/kendell/retail_assistant_ws/install/sllidar_ros2/share/sllidar_ros2/launch/view_sllidar_a2m12_launch.py
[1.748s] -- Up-to-date symlink: /home/kendell/retail_assistant_ws/install/sllidar_ros2/share/sllidar_ros2/launch/view_sllidar_a2m7_launch.py
[1.749s] -- Up-to-date symlink: /home/kendell/retail_assistant_ws/install/sllidar_ros2/share/sllidar_ros2/launch/view_sllidar_a2m8_launch.py
[1.749s] -- Up-to-date symlink: /home/kendell/retail_assistant_ws/install/sllidar_ros2/share/sllidar_ros2/launch/view_sllidar_a3_launch.py
[1.749s] -- Up-to-date symlink: /home/kendell/retail_assistant_ws/install/sllidar_ros2/share/sllidar_ros2/launch/view_sllidar_c1_launch.py
[1.749s] -- Up-to-date symlink: /home/kendell/retail_assistant_ws/install/sllidar_ros2/share/sllidar_ros2/launch/view_sllidar_s1_launch.py
[1.749s] -- Up-to-date symlink: /home/kendell/retail_assistant_ws/install/sllidar_ros2/share/sllidar_ros2/launch/view_sllidar_s1_tcp_launch.py
[1.749s] -- Up-to-date symlink: /home/kendell/retail_assistant_ws/install/sllidar_ros2/share/sllidar_ros2/launch/view_sllidar_s2_launch.py
[1.750s] -- Up-to-date symlink: /home/kendell/retail_assistant_ws/install/sllidar_ros2/share/sllidar_ros2/launch/view_sllidar_s2e_launch.py
[1.750s] -- Up-to-date symlink: /home/kendell/retail_assistant_ws/install/sllidar_ros2/share/sllidar_ros2/launch/view_sllidar_s3_launch.py
[1.750s] -- Up-to-date symlink: /home/kendell/retail_assistant_ws/install/sllidar_ros2/share/sllidar_ros2/launch/view_sllidar_t1_launch.py
[1.751s] -- Up-to-date symlink: /home/kendell/retail_assistant_ws/install/sllidar_ros2/share/sllidar_ros2/rviz/sllidar_ros2.rviz
[1.767s] -- Up-to-date symlink: /home/kendell/retail_assistant_ws/install/sllidar_ros2/lib/sllidar_ros2/sllidar_node
[1.768s] -- Up-to-date symlink: /home/kendell/retail_assistant_ws/install/sllidar_ros2/lib/sllidar_ros2/sllidar_client
[1.770s] -- Up-to-date symlink: /home/kendell/retail_assistant_ws/install/sllidar_ros2/share/ament_index/resource_index/package_run_dependencies/sllidar_ros2
[1.771s] -- Up-to-date symlink: /home/kendell/retail_assistant_ws/install/sllidar_ros2/share/ament_index/resource_index/parent_prefix_path/sllidar_ros2
[1.771s] -- Up-to-date symlink: /home/kendell/retail_assistant_ws/install/sllidar_ros2/share/sllidar_ros2/environment/ament_prefix_path.sh
[1.772s] -- Up-to-date symlink: /home/kendell/retail_assistant_ws/install/sllidar_ros2/share/sllidar_ros2/environment/ament_prefix_path.dsv
[1.772s] -- Up-to-date symlink: /home/kendell/retail_assistant_ws/install/sllidar_ros2/share/sllidar_ros2/environment/path.sh
[1.772s] -- Up-to-date symlink: /home/kendell/retail_assistant_ws/install/sllidar_ros2/share/sllidar_ros2/environment/path.dsv
[1.773s] -- Up-to-date symlink: /home/kendell/retail_assistant_ws/install/sllidar_ros2/share/sllidar_ros2/local_setup.bash
[1.774s] -- Up-to-date symlink: /home/kendell/retail_assistant_ws/install/sllidar_ros2/share/sllidar_ros2/local_setup.sh
[1.774s] -- Up-to-date symlink: /home/kendell/retail_assistant_ws/install/sllidar_ros2/share/sllidar_ros2/local_setup.zsh
[1.774s] -- Up-to-date symlink: /home/kendell/retail_assistant_ws/install/sllidar_ros2/share/sllidar_ros2/local_setup.dsv
[1.774s] -- Symlinking: /home/kendell/retail_assistant_ws/install/sllidar_ros2/share/sllidar_ros2/package.dsv
[1.788s] -- Up-to-date symlink: /home/kendell/retail_assistant_ws/install/sllidar_ros2/share/ament_index/resource_index/packages/sllidar_ros2
[1.804s] -- Up-to-date symlink: /home/kendell/retail_assistant_ws/install/sllidar_ros2/share/sllidar_ros2/cmake/ament_cmake_export_dependencies-extras.cmake
[1.806s] -- Up-to-date symlink: /home/kendell/retail_assistant_ws/install/sllidar_ros2/share/sllidar_ros2/cmake/ament_cmake_export_include_directories-extras.cmake
[1.807s] -- Up-to-date symlink: /home/kendell/retail_assistant_ws/install/sllidar_ros2/share/sllidar_ros2/cmake/sllidar_ros2Config.cmake
[1.807s] -- Up-to-date symlink: /home/kendell/retail_assistant_ws/install/sllidar_ros2/share/sllidar_ros2/cmake/sllidar_ros2Config-version.cmake
[1.817s] -- Up-to-date symlink: /home/kendell/retail_assistant_ws/install/sllidar_ros2/share/sllidar_ros2/package.xml
[1.839s] Invoked command in '/home/kendell/retail_assistant_ws/build/sllidar_ros2' returned '0': CMAKE_PREFIX_PATH=${CMAKE_PREFIX_PATH}:/home/kendell/retail_assistant_ws/install/retail_assistant_bringup:/opt/ros/humble /usr/bin/cmake --install /home/kendell/retail_assistant_ws/build/sllidar_ros2
