[0.186s] Invoking command in '/home/kendell/retail_assistant_ws/build/sllidar_ros2': CMAKE_PREFIX_PATH=${CMAKE_PREFIX_PATH}:/home/kendell/retail_assistant_ws/install/retail_assistant_bringup:/opt/ros/humble /usr/bin/cmake --build /home/kendell/retail_assistant_ws/build/sllidar_ros2 -- -j12 -l12
[1.693s] [ 10%] Built target sllidar_client
[1.754s] [100%] Built target sllidar_node
[1.855s] Invoked command in '/home/kendell/retail_assistant_ws/build/sllidar_ros2' returned '0': CMAKE_PREFIX_PATH=${CMAKE_PREFIX_PATH}:/home/kendell/retail_assistant_ws/install/retail_assistant_bringup:/opt/ros/humble /usr/bin/cmake --build /home/kendell/retail_assistant_ws/build/sllidar_ros2 -- -j12 -l12
[1.885s] Invoking command in '/home/kendell/retail_assistant_ws/build/sllidar_ros2': CMAKE_PREFIX_PATH=${CMAKE_PREFIX_PATH}:/home/kendell/retail_assistant_ws/install/retail_assistant_bringup:/opt/ros/humble /usr/bin/cmake --install /home/kendell/retail_assistant_ws/build/sllidar_ros2
[1.893s] -- Install configuration: ""
[1.912s] -- Execute custom install script
[1.916s] -- Up-to-date symlink: /home/kendell/retail_assistant_ws/install/sllidar_ros2/share/sllidar_ros2/launch/sllidar_a1_launch.py
[1.932s] -- Up-to-date symlink: /home/kendell/retail_assistant_ws/install/sllidar_ros2/share/sllidar_ros2/launch/sllidar_a2m12_launch .py
[1.933s] -- Up-to-date symlink: /home/kendell/retail_assistant_ws/install/sllidar_ros2/share/sllidar_ros2/launch/sllidar_a2m7_launch.py
[1.934s] -- Up-to-date symlink: /home/kendell/retail_assistant_ws/install/sllidar_ros2/share/sllidar_ros2/launch/sllidar_a2m8_launch.py
[1.935s] -- Up-to-date symlink: /home/kendell/retail_assistant_ws/install/sllidar_ros2/share/sllidar_ros2/launch/sllidar_a3_launch.py
[1.946s] -- Up-to-date symlink: /home/kendell/retail_assistant_ws/install/sllidar_ros2/share/sllidar_ros2/launch/sllidar_c1_launch.py
[1.947s] -- Up-to-date symlink: /home/kendell/retail_assistant_ws/install/sllidar_ros2/share/sllidar_ros2/launch/sllidar_s1_launch.py
[1.948s] -- Up-to-date symlink: /home/kendell/retail_assistant_ws/install/sllidar_ros2/share/sllidar_ros2/launch/sllidar_s1_tcp_launch.py
[1.949s] -- Up-to-date symlink: /home/kendell/retail_assistant_ws/install/sllidar_ros2/share/sllidar_ros2/launch/sllidar_s2_launch.py
[1.950s] -- Up-to-date symlink: /home/kendell/retail_assistant_ws/install/sllidar_ros2/share/sllidar_ros2/launch/sllidar_s2e_launch.py
[1.950s] -- Up-to-date symlink: /home/kendell/retail_assistant_ws/install/sllidar_ros2/share/sllidar_ros2/launch/sllidar_s3_launch.py
[1.951s] -- Up-to-date symlink: /home/kendell/retail_assistant_ws/install/sllidar_ros2/share/sllidar_ros2/launch/sllidar_t1_launch.py
[1.951s] -- Up-to-date symlink: /home/kendell/retail_assistant_ws/install/sllidar_ros2/share/sllidar_ros2/launch/view_sllidar_a1_launch.py
[1.952s] -- Up-to-date symlink: /home/kendell/retail_assistant_ws/install/sllidar_ros2/share/sllidar_ros2/launch/view_sllidar_a2m12_launch.py
[1.953s] -- Up-to-date symlink: /home/kendell/retail_assistant_ws/install/sllidar_ros2/share/sllidar_ros2/launch/view_sllidar_a2m7_launch.py
[1.953s] -- Up-to-date symlink: /home/kendell/retail_assistant_ws/install/sllidar_ros2/share/sllidar_ros2/launch/view_sllidar_a2m8_launch.py
[1.954s] -- Up-to-date symlink: /home/kendell/retail_assistant_ws/install/sllidar_ros2/share/sllidar_ros2/launch/view_sllidar_a3_launch.py
[1.954s] -- Up-to-date symlink: /home/kendell/retail_assistant_ws/install/sllidar_ros2/share/sllidar_ros2/launch/view_sllidar_c1_launch.py
[1.955s] -- Up-to-date symlink: /home/kendell/retail_assistant_ws/install/sllidar_ros2/share/sllidar_ros2/launch/view_sllidar_s1_launch.py
[1.955s] -- Up-to-date symlink: /home/kendell/retail_assistant_ws/install/sllidar_ros2/share/sllidar_ros2/launch/view_sllidar_s1_tcp_launch.py
[1.956s] -- Up-to-date symlink: /home/kendell/retail_assistant_ws/install/sllidar_ros2/share/sllidar_ros2/launch/view_sllidar_s2_launch.py
[1.956s] -- Up-to-date symlink: /home/kendell/retail_assistant_ws/install/sllidar_ros2/share/sllidar_ros2/launch/view_sllidar_s2e_launch.py
[1.957s] -- Up-to-date symlink: /home/kendell/retail_assistant_ws/install/sllidar_ros2/share/sllidar_ros2/launch/view_sllidar_s3_launch.py
[1.957s] -- Up-to-date symlink: /home/kendell/retail_assistant_ws/install/sllidar_ros2/share/sllidar_ros2/launch/view_sllidar_t1_launch.py
[1.959s] -- Up-to-date symlink: /home/kendell/retail_assistant_ws/install/sllidar_ros2/share/sllidar_ros2/rviz/sllidar_ros2.rviz
[1.961s] -- Up-to-date symlink: /home/kendell/retail_assistant_ws/install/sllidar_ros2/lib/sllidar_ros2/sllidar_node
[1.961s] -- Up-to-date symlink: /home/kendell/retail_assistant_ws/install/sllidar_ros2/lib/sllidar_ros2/sllidar_client
[1.961s] -- Up-to-date symlink: /home/kendell/retail_assistant_ws/install/sllidar_ros2/share/ament_index/resource_index/package_run_dependencies/sllidar_ros2
[1.962s] -- Up-to-date symlink: /home/kendell/retail_assistant_ws/install/sllidar_ros2/share/ament_index/resource_index/parent_prefix_path/sllidar_ros2
[1.963s] -- Up-to-date symlink: /home/kendell/retail_assistant_ws/install/sllidar_ros2/share/sllidar_ros2/environment/ament_prefix_path.sh
[1.963s] -- Up-to-date symlink: /home/kendell/retail_assistant_ws/install/sllidar_ros2/share/sllidar_ros2/environment/ament_prefix_path.dsv
[1.964s] -- Up-to-date symlink: /home/kendell/retail_assistant_ws/install/sllidar_ros2/share/sllidar_ros2/environment/path.sh
[1.964s] -- Up-to-date symlink: /home/kendell/retail_assistant_ws/install/sllidar_ros2/share/sllidar_ros2/environment/path.dsv
[1.964s] -- Up-to-date symlink: /home/kendell/retail_assistant_ws/install/sllidar_ros2/share/sllidar_ros2/local_setup.bash
[1.965s] -- Up-to-date symlink: /home/kendell/retail_assistant_ws/install/sllidar_ros2/share/sllidar_ros2/local_setup.sh
[1.966s] -- Up-to-date symlink: /home/kendell/retail_assistant_ws/install/sllidar_ros2/share/sllidar_ros2/local_setup.zsh
[1.966s] -- Up-to-date symlink: /home/kendell/retail_assistant_ws/install/sllidar_ros2/share/sllidar_ros2/local_setup.dsv
[1.966s] -- Symlinking: /home/kendell/retail_assistant_ws/install/sllidar_ros2/share/sllidar_ros2/package.dsv
[1.977s] -- Up-to-date symlink: /home/kendell/retail_assistant_ws/install/sllidar_ros2/share/ament_index/resource_index/packages/sllidar_ros2
[1.978s] -- Up-to-date symlink: /home/kendell/retail_assistant_ws/install/sllidar_ros2/share/sllidar_ros2/cmake/ament_cmake_export_dependencies-extras.cmake
[1.978s] -- Up-to-date symlink: /home/kendell/retail_assistant_ws/install/sllidar_ros2/share/sllidar_ros2/cmake/ament_cmake_export_include_directories-extras.cmake
[1.978s] -- Up-to-date symlink: /home/kendell/retail_assistant_ws/install/sllidar_ros2/share/sllidar_ros2/cmake/sllidar_ros2Config.cmake
[1.978s] -- Up-to-date symlink: /home/kendell/retail_assistant_ws/install/sllidar_ros2/share/sllidar_ros2/cmake/sllidar_ros2Config-version.cmake
[1.979s] -- Up-to-date symlink: /home/kendell/retail_assistant_ws/install/sllidar_ros2/share/sllidar_ros2/package.xml
[1.980s] Invoked command in '/home/kendell/retail_assistant_ws/build/sllidar_ros2' returned '0': CMAKE_PREFIX_PATH=${CMAKE_PREFIX_PATH}:/home/kendell/retail_assistant_ws/install/retail_assistant_bringup:/opt/ros/humble /usr/bin/cmake --install /home/kendell/retail_assistant_ws/build/sllidar_ros2
