[3.532s] DEBUG:colcon:Command line arguments: ['/usr/bin/colcon', 'build', '--symlink-install']
[3.532s] DEBUG:colcon:Parsed command line arguments: Namespace(log_base=None, log_level=None, verb_name='build', build_base='build', install_base='install', merge_install=False, symlink_install=True, test_result_base=None, continue_on_error=False, executor='parallel', parallel_workers=12, event_handlers=None, ignore_user_meta=False, metas=['./colcon.meta'], base_paths=['.'], packages_ignore=None, packages_ignore_regex=None, paths=None, packages_up_to=None, packages_up_to_regex=None, packages_above=None, packages_above_and_dependencies=None, packages_above_depth=None, packages_select_by_dep=None, packages_skip_by_dep=None, packages_skip_up_to=None, packages_select_build_failed=False, packages_skip_build_finished=False, packages_select_test_failures=False, packages_skip_test_passed=False, packages_select=None, packages_skip=None, packages_select_regex=None, packages_skip_regex=None, packages_start=None, packages_end=None, allow_overriding=[], cmake_args=None, cmake_target=None, cmake_target_skip_unavailable=False, cmake_clean_cache=False, cmake_clean_first=False, cmake_force_configure=False, ament_cmake_args=None, catkin_cmake_args=None, catkin_skip_building_tests=False, mixin_files=None, mixin=None, verb_parser=<colcon_mixin.mixin.mixin_argument.MixinArgumentDecorator object at 0x7d9159c25a20>, verb_extension=<colcon_core.verb.build.BuildVerb object at 0x7d9159d66980>, main=<bound method BuildVerb.main of <colcon_core.verb.build.BuildVerb object at 0x7d9159d66980>>, mixin_verb=('build',))
[7.475s] Level 1:colcon.colcon_core.package_discovery:discover_packages(colcon_meta) check parameters
[7.476s] Level 1:colcon.colcon_core.package_discovery:discover_packages(recursive) check parameters
[7.476s] Level 1:colcon.colcon_core.package_discovery:discover_packages(ignore) check parameters
[7.476s] Level 1:colcon.colcon_core.package_discovery:discover_packages(path) check parameters
[7.476s] Level 1:colcon.colcon_core.package_discovery:discover_packages(colcon_meta) discover
[7.476s] Level 1:colcon.colcon_core.package_discovery:discover_packages(recursive) discover
[7.476s] INFO:colcon.colcon_core.package_discovery:Crawling recursively for packages in '/home/kendell/retail_assistant_ws'
[7.476s] Level 1:colcon.colcon_core.package_identification:_identify(.) by extensions ['ignore', 'ignore_ament_install']
[7.476s] Level 1:colcon.colcon_core.package_identification:_identify(.) by extension 'ignore'
[7.476s] Level 1:colcon.colcon_core.package_identification:_identify(.) by extension 'ignore_ament_install'
[7.477s] Level 1:colcon.colcon_core.package_identification:_identify(.) by extensions ['colcon_pkg']
[7.477s] Level 1:colcon.colcon_core.package_identification:_identify(.) by extension 'colcon_pkg'
[7.477s] Level 1:colcon.colcon_core.package_identification:_identify(.) by extensions ['colcon_meta']
[7.477s] Level 1:colcon.colcon_core.package_identification:_identify(.) by extension 'colcon_meta'
[7.477s] Level 1:colcon.colcon_core.package_identification:_identify(.) by extensions ['ros']
[7.477s] Level 1:colcon.colcon_core.package_identification:_identify(.) by extension 'ros'
[7.534s] Level 1:colcon.colcon_core.package_identification:_identify(.) by extensions ['cmake', 'python']
[7.534s] Level 1:colcon.colcon_core.package_identification:_identify(.) by extension 'cmake'
[7.534s] Level 1:colcon.colcon_core.package_identification:_identify(.) by extension 'python'
[7.534s] Level 1:colcon.colcon_core.package_identification:_identify(.) by extensions ['python_setup_py']
[7.534s] Level 1:colcon.colcon_core.package_identification:_identify(.) by extension 'python_setup_py'
[7.534s] Level 1:colcon.colcon_core.package_identification:_identify(build) by extensions ['ignore', 'ignore_ament_install']
[7.534s] Level 1:colcon.colcon_core.package_identification:_identify(build) by extension 'ignore'
[7.534s] Level 1:colcon.colcon_core.package_identification:_identify(build) ignored
[7.545s] Level 1:colcon.colcon_core.package_identification:_identify(config) by extensions ['ignore', 'ignore_ament_install']
[7.545s] Level 1:colcon.colcon_core.package_identification:_identify(config) by extension 'ignore'
[7.545s] Level 1:colcon.colcon_core.package_identification:_identify(config) by extension 'ignore_ament_install'
[7.545s] Level 1:colcon.colcon_core.package_identification:_identify(config) by extensions ['colcon_pkg']
[7.545s] Level 1:colcon.colcon_core.package_identification:_identify(config) by extension 'colcon_pkg'
[7.545s] Level 1:colcon.colcon_core.package_identification:_identify(config) by extensions ['colcon_meta']
[7.546s] Level 1:colcon.colcon_core.package_identification:_identify(config) by extension 'colcon_meta'
[7.546s] Level 1:colcon.colcon_core.package_identification:_identify(config) by extensions ['ros']
[7.546s] Level 1:colcon.colcon_core.package_identification:_identify(config) by extension 'ros'
[7.546s] Level 1:colcon.colcon_core.package_identification:_identify(config) by extensions ['cmake', 'python']
[7.546s] Level 1:colcon.colcon_core.package_identification:_identify(config) by extension 'cmake'
[7.546s] Level 1:colcon.colcon_core.package_identification:_identify(config) by extension 'python'
[7.546s] Level 1:colcon.colcon_core.package_identification:_identify(config) by extensions ['python_setup_py']
[7.546s] Level 1:colcon.colcon_core.package_identification:_identify(config) by extension 'python_setup_py'
[7.546s] Level 1:colcon.colcon_core.package_identification:_identify(install) by extensions ['ignore', 'ignore_ament_install']
[7.546s] Level 1:colcon.colcon_core.package_identification:_identify(install) by extension 'ignore'
[7.546s] Level 1:colcon.colcon_core.package_identification:_identify(install) ignored
[7.546s] Level 1:colcon.colcon_core.package_identification:_identify(log) by extensions ['ignore', 'ignore_ament_install']
[7.546s] Level 1:colcon.colcon_core.package_identification:_identify(log) by extension 'ignore'
[7.547s] Level 1:colcon.colcon_core.package_identification:_identify(log) ignored
[7.553s] Level 1:colcon.colcon_core.package_identification:_identify(src) by extensions ['ignore', 'ignore_ament_install']
[7.553s] Level 1:colcon.colcon_core.package_identification:_identify(src) by extension 'ignore'
[7.553s] Level 1:colcon.colcon_core.package_identification:_identify(src) by extension 'ignore_ament_install'
[7.554s] Level 1:colcon.colcon_core.package_identification:_identify(src) by extensions ['colcon_pkg']
[7.554s] Level 1:colcon.colcon_core.package_identification:_identify(src) by extension 'colcon_pkg'
[7.554s] Level 1:colcon.colcon_core.package_identification:_identify(src) by extensions ['colcon_meta']
[7.554s] Level 1:colcon.colcon_core.package_identification:_identify(src) by extension 'colcon_meta'
[7.554s] Level 1:colcon.colcon_core.package_identification:_identify(src) by extensions ['ros']
[7.554s] Level 1:colcon.colcon_core.package_identification:_identify(src) by extension 'ros'
[7.554s] Level 1:colcon.colcon_core.package_identification:_identify(src) by extensions ['cmake', 'python']
[7.554s] Level 1:colcon.colcon_core.package_identification:_identify(src) by extension 'cmake'
[7.554s] Level 1:colcon.colcon_core.package_identification:_identify(src) by extension 'python'
[7.554s] Level 1:colcon.colcon_core.package_identification:_identify(src) by extensions ['python_setup_py']
[7.554s] Level 1:colcon.colcon_core.package_identification:_identify(src) by extension 'python_setup_py'
[7.555s] Level 1:colcon.colcon_core.package_identification:_identify(src/retail_assistant_bringup) by extensions ['ignore', 'ignore_ament_install']
[7.555s] Level 1:colcon.colcon_core.package_identification:_identify(src/retail_assistant_bringup) by extension 'ignore'
[7.555s] Level 1:colcon.colcon_core.package_identification:_identify(src/retail_assistant_bringup) by extension 'ignore_ament_install'
[7.555s] Level 1:colcon.colcon_core.package_identification:_identify(src/retail_assistant_bringup) by extensions ['colcon_pkg']
[7.555s] Level 1:colcon.colcon_core.package_identification:_identify(src/retail_assistant_bringup) by extension 'colcon_pkg'
[7.555s] Level 1:colcon.colcon_core.package_identification:_identify(src/retail_assistant_bringup) by extensions ['colcon_meta']
[7.555s] Level 1:colcon.colcon_core.package_identification:_identify(src/retail_assistant_bringup) by extension 'colcon_meta'
[7.556s] Level 1:colcon.colcon_core.package_identification:_identify(src/retail_assistant_bringup) by extensions ['ros']
[7.556s] Level 1:colcon.colcon_core.package_identification:_identify(src/retail_assistant_bringup) by extension 'ros'
[7.583s] DEBUG:colcon.colcon_core.package_identification:Package 'src/retail_assistant_bringup' with type 'ros.ament_python' and name 'retail_assistant_bringup'
[7.584s] Level 1:colcon.colcon_core.package_discovery:discover_packages(recursive) using defaults
[7.584s] Level 1:colcon.colcon_core.package_discovery:discover_packages(ignore) discover
[7.584s] Level 1:colcon.colcon_core.package_discovery:discover_packages(ignore) using defaults
[7.584s] Level 1:colcon.colcon_core.package_discovery:discover_packages(path) discover
[7.584s] Level 1:colcon.colcon_core.package_discovery:discover_packages(path) using defaults
[7.790s] Level 1:colcon.colcon_core.package_discovery:discover_packages(prefix_path) check parameters
[7.790s] Level 1:colcon.colcon_core.package_discovery:discover_packages(prefix_path) discover
[7.797s] DEBUG:colcon.colcon_installed_package_information.package_discovery:Found 1 installed packages in /home/kendell/retail_assistant_ws/install
[7.798s] DEBUG:colcon.colcon_installed_package_information.package_discovery:Found 331 installed packages in /opt/ros/humble
[7.799s] Level 1:colcon.colcon_core.package_discovery:discover_packages(prefix_path) using defaults
[7.874s] Level 5:colcon.colcon_core.verb:set package 'retail_assistant_bringup' build argument 'cmake_args' from command line to 'None'
[7.874s] Level 5:colcon.colcon_core.verb:set package 'retail_assistant_bringup' build argument 'cmake_target' from command line to 'None'
[7.874s] Level 5:colcon.colcon_core.verb:set package 'retail_assistant_bringup' build argument 'cmake_target_skip_unavailable' from command line to 'False'
[7.874s] Level 5:colcon.colcon_core.verb:set package 'retail_assistant_bringup' build argument 'cmake_clean_cache' from command line to 'False'
[7.874s] Level 5:colcon.colcon_core.verb:set package 'retail_assistant_bringup' build argument 'cmake_clean_first' from command line to 'False'
[7.874s] Level 5:colcon.colcon_core.verb:set package 'retail_assistant_bringup' build argument 'cmake_force_configure' from command line to 'False'
[7.874s] Level 5:colcon.colcon_core.verb:set package 'retail_assistant_bringup' build argument 'ament_cmake_args' from command line to 'None'
[7.874s] Level 5:colcon.colcon_core.verb:set package 'retail_assistant_bringup' build argument 'catkin_cmake_args' from command line to 'None'
[7.874s] Level 5:colcon.colcon_core.verb:set package 'retail_assistant_bringup' build argument 'catkin_skip_building_tests' from command line to 'False'
[7.874s] DEBUG:colcon.colcon_core.verb:Building package 'retail_assistant_bringup' with the following arguments: {'ament_cmake_args': None, 'build_base': '/home/kendell/retail_assistant_ws/build/retail_assistant_bringup', 'catkin_cmake_args': None, 'catkin_skip_building_tests': False, 'cmake_args': None, 'cmake_clean_cache': False, 'cmake_clean_first': False, 'cmake_force_configure': False, 'cmake_target': None, 'cmake_target_skip_unavailable': False, 'install_base': '/home/kendell/retail_assistant_ws/install/retail_assistant_bringup', 'merge_install': False, 'path': '/home/kendell/retail_assistant_ws/src/retail_assistant_bringup', 'symlink_install': True, 'test_result_base': None}
[7.874s] INFO:colcon.colcon_core.executor:Executing jobs using 'parallel' executor
[7.875s] DEBUG:colcon.colcon_parallel_executor.executor.parallel:run_until_complete
[7.875s] INFO:colcon.colcon_ros.task.ament_python.build:Building ROS package in '/home/kendell/retail_assistant_ws/src/retail_assistant_bringup' with build type 'ament_python'
[7.875s] Level 1:colcon.colcon_core.shell:create_environment_hook('retail_assistant_bringup', 'ament_prefix_path')
[7.892s] INFO:colcon.colcon_core.plugin_system:Skipping extension 'colcon_core.shell.bat': Not used on non-Windows systems
[7.892s] INFO:colcon.colcon_core.shell:Creating environment hook '/home/kendell/retail_assistant_ws/install/retail_assistant_bringup/share/retail_assistant_bringup/hook/ament_prefix_path.ps1'
[7.909s] INFO:colcon.colcon_core.shell:Creating environment descriptor '/home/kendell/retail_assistant_ws/install/retail_assistant_bringup/share/retail_assistant_bringup/hook/ament_prefix_path.dsv'
[7.920s] INFO:colcon.colcon_core.shell:Creating environment hook '/home/kendell/retail_assistant_ws/install/retail_assistant_bringup/share/retail_assistant_bringup/hook/ament_prefix_path.sh'
[7.922s] INFO:colcon.colcon_core.shell:Skip shell extension 'powershell' for command environment: Not usable outside of PowerShell
[7.922s] DEBUG:colcon.colcon_core.shell:Skip shell extension 'dsv' for command environment
[8.113s] INFO:colcon.colcon_core.task.python.build:Building Python package in '/home/kendell/retail_assistant_ws/src/retail_assistant_bringup'
[8.113s] INFO:colcon.colcon_core.shell:Skip shell extension 'powershell' for command environment: Not usable outside of PowerShell
[8.113s] DEBUG:colcon.colcon_core.shell:Skip shell extension 'dsv' for command environment
[9.065s] DEBUG:colcon.colcon_core.event_handler.log_command:Invoking command in '/home/kendell/retail_assistant_ws/build/retail_assistant_bringup': PYTHONPATH=/home/kendell/retail_assistant_ws/build/retail_assistant_bringup/prefix_override:/usr/lib/python3/dist-packages/colcon_core/task/python/colcon_distutils_commands:/home/kendell/retail_assistant_ws/install/retail_assistant_bringup/lib/python3.10/site-packages:${PYTHONPATH} /usr/bin/python3 -W ignore:setup.py install is deprecated -W ignore:easy_install command is deprecated setup.py develop --editable --build-directory /home/kendell/retail_assistant_ws/build/retail_assistant_bringup/build --no-deps symlink_data
[9.585s] Level 1:colcon.colcon_core.shell:create_environment_hook('retail_assistant_bringup', 'pythonpath_develop')
[9.586s] DEBUG:colcon.colcon_core.event_handler.log_command:Invoked command in '/home/kendell/retail_assistant_ws/build/retail_assistant_bringup' returned '0': PYTHONPATH=/home/kendell/retail_assistant_ws/build/retail_assistant_bringup/prefix_override:/usr/lib/python3/dist-packages/colcon_core/task/python/colcon_distutils_commands:/home/kendell/retail_assistant_ws/install/retail_assistant_bringup/lib/python3.10/site-packages:${PYTHONPATH} /usr/bin/python3 -W ignore:setup.py install is deprecated -W ignore:easy_install command is deprecated setup.py develop --editable --build-directory /home/kendell/retail_assistant_ws/build/retail_assistant_bringup/build --no-deps symlink_data
[9.586s] INFO:colcon.colcon_core.shell:Creating environment hook '/home/kendell/retail_assistant_ws/build/retail_assistant_bringup/share/retail_assistant_bringup/hook/pythonpath_develop.ps1'
[9.587s] INFO:colcon.colcon_core.shell:Creating environment descriptor '/home/kendell/retail_assistant_ws/build/retail_assistant_bringup/share/retail_assistant_bringup/hook/pythonpath_develop.dsv'
[9.587s] INFO:colcon.colcon_core.shell:Creating environment hook '/home/kendell/retail_assistant_ws/build/retail_assistant_bringup/share/retail_assistant_bringup/hook/pythonpath_develop.sh'
[9.594s] Level 1:colcon.colcon_core.environment:checking '/home/kendell/retail_assistant_ws/install/retail_assistant_bringup' for CMake module files
[9.594s] Level 1:colcon.colcon_core.environment:checking '/home/kendell/retail_assistant_ws/install/retail_assistant_bringup' for CMake config files
[9.621s] Level 1:colcon.colcon_core.environment:checking '/home/kendell/retail_assistant_ws/install/retail_assistant_bringup/lib'
[9.622s] Level 1:colcon.colcon_core.environment:checking '/home/kendell/retail_assistant_ws/install/retail_assistant_bringup/bin'
[9.622s] Level 1:colcon.colcon_core.environment:checking '/home/kendell/retail_assistant_ws/install/retail_assistant_bringup/lib/pkgconfig/retail_assistant_bringup.pc'
[9.622s] Level 1:colcon.colcon_core.environment:checking '/home/kendell/retail_assistant_ws/install/retail_assistant_bringup/lib/python3.10/site-packages'
[9.622s] Level 1:colcon.colcon_core.shell:create_environment_hook('retail_assistant_bringup', 'pythonpath')
[9.623s] INFO:colcon.colcon_core.shell:Creating environment hook '/home/kendell/retail_assistant_ws/install/retail_assistant_bringup/share/retail_assistant_bringup/hook/pythonpath.ps1'
[9.623s] INFO:colcon.colcon_core.shell:Creating environment descriptor '/home/kendell/retail_assistant_ws/install/retail_assistant_bringup/share/retail_assistant_bringup/hook/pythonpath.dsv'
[9.624s] INFO:colcon.colcon_core.shell:Creating environment hook '/home/kendell/retail_assistant_ws/install/retail_assistant_bringup/share/retail_assistant_bringup/hook/pythonpath.sh'
[9.625s] Level 1:colcon.colcon_core.environment:checking '/home/kendell/retail_assistant_ws/install/retail_assistant_bringup/bin'
[9.625s] Level 1:colcon.colcon_core.environment:create_environment_scripts_only(retail_assistant_bringup)
[9.625s] INFO:colcon.colcon_core.shell:Creating package script '/home/kendell/retail_assistant_ws/install/retail_assistant_bringup/share/retail_assistant_bringup/package.ps1'
[9.626s] INFO:colcon.colcon_core.shell:Creating package descriptor '/home/kendell/retail_assistant_ws/install/retail_assistant_bringup/share/retail_assistant_bringup/package.dsv'
[9.627s] INFO:colcon.colcon_core.shell:Creating package script '/home/kendell/retail_assistant_ws/install/retail_assistant_bringup/share/retail_assistant_bringup/package.sh'
[9.628s] INFO:colcon.colcon_core.shell:Creating package script '/home/kendell/retail_assistant_ws/install/retail_assistant_bringup/share/retail_assistant_bringup/package.bash'
[9.645s] INFO:colcon.colcon_core.shell:Creating package script '/home/kendell/retail_assistant_ws/install/retail_assistant_bringup/share/retail_assistant_bringup/package.zsh'
[9.664s] Level 1:colcon.colcon_core.environment:create_file_with_runtime_dependencies(/home/kendell/retail_assistant_ws/install/retail_assistant_bringup/share/colcon-core/packages/retail_assistant_bringup)
[9.664s] DEBUG:colcon.colcon_parallel_executor.executor.parallel:closing loop
[9.665s] DEBUG:colcon.colcon_parallel_executor.executor.parallel:loop closed
[9.665s] DEBUG:colcon.colcon_parallel_executor.executor.parallel:run_until_complete finished with '0'
[9.666s] DEBUG:colcon.colcon_core.event_reactor:joining thread
[9.689s] INFO:colcon.colcon_core.plugin_system:Skipping extension 'colcon_notification.desktop_notification.terminal_notifier': Not used on non-Darwin systems
[9.689s] INFO:colcon.colcon_core.plugin_system:Skipping extension 'colcon_notification.desktop_notification.win32': Not used on non-Windows systems
[9.689s] INFO:colcon.colcon_notification.desktop_notification:Sending desktop notification using 'notify2'
[9.723s] DEBUG:colcon.colcon_core.event_reactor:joined thread
[9.724s] INFO:colcon.colcon_core.shell:Creating prefix script '/home/kendell/retail_assistant_ws/install/local_setup.ps1'
[9.726s] INFO:colcon.colcon_core.shell:Creating prefix util module '/home/kendell/retail_assistant_ws/install/_local_setup_util_ps1.py'
[9.728s] INFO:colcon.colcon_core.shell:Creating prefix chain script '/home/kendell/retail_assistant_ws/install/setup.ps1'
[9.729s] INFO:colcon.colcon_core.shell:Creating prefix script '/home/kendell/retail_assistant_ws/install/local_setup.sh'
[9.730s] INFO:colcon.colcon_core.shell:Creating prefix util module '/home/kendell/retail_assistant_ws/install/_local_setup_util_sh.py'
[9.731s] INFO:colcon.colcon_core.shell:Creating prefix chain script '/home/kendell/retail_assistant_ws/install/setup.sh'
[9.732s] INFO:colcon.colcon_core.shell:Creating prefix script '/home/kendell/retail_assistant_ws/install/local_setup.bash'
[9.733s] INFO:colcon.colcon_core.shell:Creating prefix chain script '/home/kendell/retail_assistant_ws/install/setup.bash'
[9.733s] INFO:colcon.colcon_core.shell:Creating prefix script '/home/kendell/retail_assistant_ws/install/local_setup.zsh'
[9.734s] INFO:colcon.colcon_core.shell:Creating prefix chain script '/home/kendell/retail_assistant_ws/install/setup.zsh'
