[33.289s] DEBUG:colcon:Command line arguments: ['/usr/bin/colcon', 'build']
[33.289s] DEBUG:colcon:Parsed command line arguments: Namespace(log_base=None, log_level=None, verb_name='build', build_base='build', install_base='install', merge_install=False, symlink_install=False, test_result_base=None, continue_on_error=False, executor='parallel', parallel_workers=12, event_handlers=None, ignore_user_meta=False, metas=['./colcon.meta'], base_paths=['.'], packages_ignore=None, packages_ignore_regex=None, paths=None, packages_up_to=None, packages_up_to_regex=None, packages_above=None, packages_above_and_dependencies=None, packages_above_depth=None, packages_select_by_dep=None, packages_skip_by_dep=None, packages_skip_up_to=None, packages_select_build_failed=False, packages_skip_build_finished=False, packages_select_test_failures=False, packages_skip_test_passed=False, packages_select=None, packages_skip=None, packages_select_regex=None, packages_skip_regex=None, packages_start=None, packages_end=None, allow_overriding=[], cmake_args=None, cmake_target=None, cmake_target_skip_unavailable=False, cmake_clean_cache=False, cmake_clean_first=False, cmake_force_configure=False, ament_cmake_args=None, catkin_cmake_args=None, catkin_skip_building_tests=False, mixin_files=None, mixin=None, verb_parser=<colcon_mixin.mixin.mixin_argument.MixinArgumentDecorator object at 0x7c685bd358a0>, verb_extension=<colcon_core.verb.build.BuildVerb object at 0x7c685be5e800>, main=<bound method BuildVerb.main of <colcon_core.verb.build.BuildVerb object at 0x7c685be5e800>>, mixin_verb=('build',))
[63.442s] Level 1:colcon.colcon_core.package_discovery:discover_packages(colcon_meta) check parameters
[63.443s] Level 1:colcon.colcon_core.package_discovery:discover_packages(recursive) check parameters
[63.443s] Level 1:colcon.colcon_core.package_discovery:discover_packages(ignore) check parameters
[63.443s] Level 1:colcon.colcon_core.package_discovery:discover_packages(path) check parameters
[63.443s] Level 1:colcon.colcon_core.package_discovery:discover_packages(colcon_meta) discover
[63.444s] Level 1:colcon.colcon_core.package_discovery:discover_packages(recursive) discover
[63.444s] INFO:colcon.colcon_core.package_discovery:Crawling recursively for packages in '/home/kendell/retail_assistant_ws'
[63.444s] Level 1:colcon.colcon_core.package_identification:_identify(.) by extensions ['ignore', 'ignore_ament_install']
[63.445s] Level 1:colcon.colcon_core.package_identification:_identify(.) by extension 'ignore'
[63.445s] Level 1:colcon.colcon_core.package_identification:_identify(.) by extension 'ignore_ament_install'
[63.445s] Level 1:colcon.colcon_core.package_identification:_identify(.) by extensions ['colcon_pkg']
[63.445s] Level 1:colcon.colcon_core.package_identification:_identify(.) by extension 'colcon_pkg'
[63.445s] Level 1:colcon.colcon_core.package_identification:_identify(.) by extensions ['colcon_meta']
[63.446s] Level 1:colcon.colcon_core.package_identification:_identify(.) by extension 'colcon_meta'
[63.446s] Level 1:colcon.colcon_core.package_identification:_identify(.) by extensions ['ros']
[63.446s] Level 1:colcon.colcon_core.package_identification:_identify(.) by extension 'ros'
[63.900s] Level 1:colcon.colcon_core.package_identification:_identify(.) by extensions ['cmake', 'python']
[63.954s] Level 1:colcon.colcon_core.package_identification:_identify(.) by extension 'cmake'
[63.954s] Level 1:colcon.colcon_core.package_identification:_identify(.) by extension 'python'
[63.954s] Level 1:colcon.colcon_core.package_identification:_identify(.) by extensions ['python_setup_py']
[63.955s] Level 1:colcon.colcon_core.package_identification:_identify(.) by extension 'python_setup_py'
[63.955s] Level 1:colcon.colcon_core.package_identification:_identify(build) by extensions ['ignore', 'ignore_ament_install']
[63.955s] Level 1:colcon.colcon_core.package_identification:_identify(build) by extension 'ignore'
[63.955s] Level 1:colcon.colcon_core.package_identification:_identify(build) ignored
[63.956s] Level 1:colcon.colcon_core.package_identification:_identify(config) by extensions ['ignore', 'ignore_ament_install']
[63.956s] Level 1:colcon.colcon_core.package_identification:_identify(config) by extension 'ignore'
[63.956s] Level 1:colcon.colcon_core.package_identification:_identify(config) by extension 'ignore_ament_install'
[63.956s] Level 1:colcon.colcon_core.package_identification:_identify(config) by extensions ['colcon_pkg']
[63.956s] Level 1:colcon.colcon_core.package_identification:_identify(config) by extension 'colcon_pkg'
[63.956s] Level 1:colcon.colcon_core.package_identification:_identify(config) by extensions ['colcon_meta']
[63.956s] Level 1:colcon.colcon_core.package_identification:_identify(config) by extension 'colcon_meta'
[63.956s] Level 1:colcon.colcon_core.package_identification:_identify(config) by extensions ['ros']
[63.957s] Level 1:colcon.colcon_core.package_identification:_identify(config) by extension 'ros'
[63.957s] Level 1:colcon.colcon_core.package_identification:_identify(config) by extensions ['cmake', 'python']
[63.957s] Level 1:colcon.colcon_core.package_identification:_identify(config) by extension 'cmake'
[63.957s] Level 1:colcon.colcon_core.package_identification:_identify(config) by extension 'python'
[63.957s] Level 1:colcon.colcon_core.package_identification:_identify(config) by extensions ['python_setup_py']
[63.957s] Level 1:colcon.colcon_core.package_identification:_identify(config) by extension 'python_setup_py'
[63.957s] Level 1:colcon.colcon_core.package_identification:_identify(install) by extensions ['ignore', 'ignore_ament_install']
[63.957s] Level 1:colcon.colcon_core.package_identification:_identify(install) by extension 'ignore'
[63.957s] Level 1:colcon.colcon_core.package_identification:_identify(install) ignored
[63.958s] Level 1:colcon.colcon_core.package_identification:_identify(log) by extensions ['ignore', 'ignore_ament_install']
[63.958s] Level 1:colcon.colcon_core.package_identification:_identify(log) by extension 'ignore'
[63.958s] Level 1:colcon.colcon_core.package_identification:_identify(log) ignored
[63.958s] Level 1:colcon.colcon_core.package_identification:_identify(src) by extensions ['ignore', 'ignore_ament_install']
[63.958s] Level 1:colcon.colcon_core.package_identification:_identify(src) by extension 'ignore'
[63.959s] Level 1:colcon.colcon_core.package_identification:_identify(src) by extension 'ignore_ament_install'
[63.959s] Level 1:colcon.colcon_core.package_identification:_identify(src) by extensions ['colcon_pkg']
[63.959s] Level 1:colcon.colcon_core.package_identification:_identify(src) by extension 'colcon_pkg'
[63.959s] Level 1:colcon.colcon_core.package_identification:_identify(src) by extensions ['colcon_meta']
[63.959s] Level 1:colcon.colcon_core.package_identification:_identify(src) by extension 'colcon_meta'
[63.959s] Level 1:colcon.colcon_core.package_identification:_identify(src) by extensions ['ros']
[63.959s] Level 1:colcon.colcon_core.package_identification:_identify(src) by extension 'ros'
[63.959s] Level 1:colcon.colcon_core.package_identification:_identify(src) by extensions ['cmake', 'python']
[63.959s] Level 1:colcon.colcon_core.package_identification:_identify(src) by extension 'cmake'
[63.959s] Level 1:colcon.colcon_core.package_identification:_identify(src) by extension 'python'
[63.959s] Level 1:colcon.colcon_core.package_identification:_identify(src) by extensions ['python_setup_py']
[63.959s] Level 1:colcon.colcon_core.package_identification:_identify(src) by extension 'python_setup_py'
[63.959s] Level 1:colcon.colcon_core.package_identification:_identify(src/retail_assistant_bringup) by extensions ['ignore', 'ignore_ament_install']
[63.960s] Level 1:colcon.colcon_core.package_identification:_identify(src/retail_assistant_bringup) by extension 'ignore'
[63.960s] Level 1:colcon.colcon_core.package_identification:_identify(src/retail_assistant_bringup) by extension 'ignore_ament_install'
[63.960s] Level 1:colcon.colcon_core.package_identification:_identify(src/retail_assistant_bringup) by extensions ['colcon_pkg']
[63.960s] Level 1:colcon.colcon_core.package_identification:_identify(src/retail_assistant_bringup) by extension 'colcon_pkg'
[63.960s] Level 1:colcon.colcon_core.package_identification:_identify(src/retail_assistant_bringup) by extensions ['colcon_meta']
[63.960s] Level 1:colcon.colcon_core.package_identification:_identify(src/retail_assistant_bringup) by extension 'colcon_meta'
[63.960s] Level 1:colcon.colcon_core.package_identification:_identify(src/retail_assistant_bringup) by extensions ['ros']
[63.960s] Level 1:colcon.colcon_core.package_identification:_identify(src/retail_assistant_bringup) by extension 'ros'
[64.265s] DEBUG:colcon.colcon_core.package_identification:Package 'src/retail_assistant_bringup' with type 'ros.ament_python' and name 'retail_assistant_bringup'
[64.265s] Level 1:colcon.colcon_core.package_discovery:discover_packages(recursive) using defaults
[64.265s] Level 1:colcon.colcon_core.package_discovery:discover_packages(ignore) discover
[64.265s] Level 1:colcon.colcon_core.package_discovery:discover_packages(ignore) using defaults
[64.265s] Level 1:colcon.colcon_core.package_discovery:discover_packages(path) discover
[64.266s] Level 1:colcon.colcon_core.package_discovery:discover_packages(path) using defaults
[65.452s] Level 1:colcon.colcon_core.package_discovery:discover_packages(prefix_path) check parameters
[65.452s] Level 1:colcon.colcon_core.package_discovery:discover_packages(prefix_path) discover
[65.472s] DEBUG:colcon.colcon_installed_package_information.package_discovery:Found 1 installed packages in /home/kendell/retail_assistant_ws/install
[65.475s] DEBUG:colcon.colcon_installed_package_information.package_discovery:Found 350 installed packages in /opt/ros/humble
[65.478s] Level 1:colcon.colcon_core.package_discovery:discover_packages(prefix_path) using defaults
[65.525s] Level 5:colcon.colcon_core.verb:set package 'retail_assistant_bringup' build argument 'cmake_args' from command line to 'None'
[65.525s] Level 5:colcon.colcon_core.verb:set package 'retail_assistant_bringup' build argument 'cmake_target' from command line to 'None'
[65.525s] Level 5:colcon.colcon_core.verb:set package 'retail_assistant_bringup' build argument 'cmake_target_skip_unavailable' from command line to 'False'
[65.525s] Level 5:colcon.colcon_core.verb:set package 'retail_assistant_bringup' build argument 'cmake_clean_cache' from command line to 'False'
[65.525s] Level 5:colcon.colcon_core.verb:set package 'retail_assistant_bringup' build argument 'cmake_clean_first' from command line to 'False'
[65.525s] Level 5:colcon.colcon_core.verb:set package 'retail_assistant_bringup' build argument 'cmake_force_configure' from command line to 'False'
[65.525s] Level 5:colcon.colcon_core.verb:set package 'retail_assistant_bringup' build argument 'ament_cmake_args' from command line to 'None'
[65.525s] Level 5:colcon.colcon_core.verb:set package 'retail_assistant_bringup' build argument 'catkin_cmake_args' from command line to 'None'
[65.525s] Level 5:colcon.colcon_core.verb:set package 'retail_assistant_bringup' build argument 'catkin_skip_building_tests' from command line to 'False'
[65.525s] DEBUG:colcon.colcon_core.verb:Building package 'retail_assistant_bringup' with the following arguments: {'ament_cmake_args': None, 'build_base': '/home/kendell/retail_assistant_ws/build/retail_assistant_bringup', 'catkin_cmake_args': None, 'catkin_skip_building_tests': False, 'cmake_args': None, 'cmake_clean_cache': False, 'cmake_clean_first': False, 'cmake_force_configure': False, 'cmake_target': None, 'cmake_target_skip_unavailable': False, 'install_base': '/home/kendell/retail_assistant_ws/install/retail_assistant_bringup', 'merge_install': False, 'path': '/home/kendell/retail_assistant_ws/src/retail_assistant_bringup', 'symlink_install': False, 'test_result_base': None}
[65.525s] INFO:colcon.colcon_core.executor:Executing jobs using 'parallel' executor
[65.526s] DEBUG:colcon.colcon_parallel_executor.executor.parallel:run_until_complete
[65.526s] INFO:colcon.colcon_ros.task.ament_python.build:Building ROS package in '/home/kendell/retail_assistant_ws/src/retail_assistant_bringup' with build type 'ament_python'
[65.526s] Level 1:colcon.colcon_core.shell:create_environment_hook('retail_assistant_bringup', 'ament_prefix_path')
[65.812s] INFO:colcon.colcon_core.plugin_system:Skipping extension 'colcon_core.shell.bat': Not used on non-Windows systems
[65.813s] INFO:colcon.colcon_core.shell:Creating environment hook '/home/kendell/retail_assistant_ws/install/retail_assistant_bringup/share/retail_assistant_bringup/hook/ament_prefix_path.ps1'
[65.857s] INFO:colcon.colcon_core.shell:Creating environment descriptor '/home/kendell/retail_assistant_ws/install/retail_assistant_bringup/share/retail_assistant_bringup/hook/ament_prefix_path.dsv'
[65.918s] INFO:colcon.colcon_core.shell:Creating environment hook '/home/kendell/retail_assistant_ws/install/retail_assistant_bringup/share/retail_assistant_bringup/hook/ament_prefix_path.sh'
[65.935s] INFO:colcon.colcon_core.shell:Skip shell extension 'powershell' for command environment: Not usable outside of PowerShell
[65.936s] DEBUG:colcon.colcon_core.shell:Skip shell extension 'dsv' for command environment
[66.571s] INFO:colcon.colcon_core.task.python.build:Building Python package in '/home/kendell/retail_assistant_ws/src/retail_assistant_bringup'
[66.571s] INFO:colcon.colcon_core.shell:Skip shell extension 'powershell' for command environment: Not usable outside of PowerShell
[66.572s] DEBUG:colcon.colcon_core.shell:Skip shell extension 'dsv' for command environment
[74.528s] DEBUG:colcon.colcon_core.event_handler.log_command:Invoking command in '/home/kendell/retail_assistant_ws/src/retail_assistant_bringup': PYTHONPATH=/home/kendell/retail_assistant_ws/build/retail_assistant_bringup/prefix_override:/usr/lib/python3/dist-packages/colcon_core/task/python/colcon_distutils_commands:/home/kendell/retail_assistant_ws/install/retail_assistant_bringup/lib/python3.10/site-packages:${PYTHONPATH} /usr/bin/python3 -W ignore:setup.py install is deprecated -W ignore:easy_install command is deprecated setup.py egg_info --egg-base ../../build/retail_assistant_bringup build --build-base /home/kendell/retail_assistant_ws/build/retail_assistant_bringup/build install --record /home/kendell/retail_assistant_ws/build/retail_assistant_bringup/install.log --single-version-externally-managed install_data
[75.053s] DEBUG:colcon.colcon_core.event_handler.log_command:Invoked command in '/home/kendell/retail_assistant_ws/src/retail_assistant_bringup' returned '0': PYTHONPATH=/home/kendell/retail_assistant_ws/build/retail_assistant_bringup/prefix_override:/usr/lib/python3/dist-packages/colcon_core/task/python/colcon_distutils_commands:/home/kendell/retail_assistant_ws/install/retail_assistant_bringup/lib/python3.10/site-packages:${PYTHONPATH} /usr/bin/python3 -W ignore:setup.py install is deprecated -W ignore:easy_install command is deprecated setup.py egg_info --egg-base ../../build/retail_assistant_bringup build --build-base /home/kendell/retail_assistant_ws/build/retail_assistant_bringup/build install --record /home/kendell/retail_assistant_ws/build/retail_assistant_bringup/install.log --single-version-externally-managed install_data
[75.899s] Level 1:colcon.colcon_core.environment:checking '/home/kendell/retail_assistant_ws/install/retail_assistant_bringup' for CMake module files
[75.900s] Level 1:colcon.colcon_core.environment:checking '/home/kendell/retail_assistant_ws/install/retail_assistant_bringup' for CMake config files
[75.902s] Level 1:colcon.colcon_core.environment:checking '/home/kendell/retail_assistant_ws/install/retail_assistant_bringup/lib'
[75.902s] Level 1:colcon.colcon_core.environment:checking '/home/kendell/retail_assistant_ws/install/retail_assistant_bringup/bin'
[75.902s] Level 1:colcon.colcon_core.environment:checking '/home/kendell/retail_assistant_ws/install/retail_assistant_bringup/lib/pkgconfig/retail_assistant_bringup.pc'
[75.903s] Level 1:colcon.colcon_core.environment:checking '/home/kendell/retail_assistant_ws/install/retail_assistant_bringup/lib/python3.10/site-packages'
[75.903s] Level 1:colcon.colcon_core.shell:create_environment_hook('retail_assistant_bringup', 'pythonpath')
[75.903s] INFO:colcon.colcon_core.shell:Creating environment hook '/home/kendell/retail_assistant_ws/install/retail_assistant_bringup/share/retail_assistant_bringup/hook/pythonpath.ps1'
[75.927s] INFO:colcon.colcon_core.shell:Creating environment descriptor '/home/kendell/retail_assistant_ws/install/retail_assistant_bringup/share/retail_assistant_bringup/hook/pythonpath.dsv'
[75.938s] INFO:colcon.colcon_core.shell:Creating environment hook '/home/kendell/retail_assistant_ws/install/retail_assistant_bringup/share/retail_assistant_bringup/hook/pythonpath.sh'
[75.944s] Level 1:colcon.colcon_core.environment:checking '/home/kendell/retail_assistant_ws/install/retail_assistant_bringup/bin'
[75.944s] Level 1:colcon.colcon_core.environment:create_environment_scripts_only(retail_assistant_bringup)
[75.945s] INFO:colcon.colcon_core.shell:Creating package script '/home/kendell/retail_assistant_ws/install/retail_assistant_bringup/share/retail_assistant_bringup/package.ps1'
[76.292s] INFO:colcon.colcon_core.shell:Creating package descriptor '/home/kendell/retail_assistant_ws/install/retail_assistant_bringup/share/retail_assistant_bringup/package.dsv'
[76.439s] INFO:colcon.colcon_core.shell:Creating package script '/home/kendell/retail_assistant_ws/install/retail_assistant_bringup/share/retail_assistant_bringup/package.sh'
[76.517s] INFO:colcon.colcon_core.shell:Creating package script '/home/kendell/retail_assistant_ws/install/retail_assistant_bringup/share/retail_assistant_bringup/package.bash'
[76.719s] INFO:colcon.colcon_core.shell:Creating package script '/home/kendell/retail_assistant_ws/install/retail_assistant_bringup/share/retail_assistant_bringup/package.zsh'
[76.750s] Level 1:colcon.colcon_core.environment:create_file_with_runtime_dependencies(/home/kendell/retail_assistant_ws/install/retail_assistant_bringup/share/colcon-core/packages/retail_assistant_bringup)
[76.752s] DEBUG:colcon.colcon_parallel_executor.executor.parallel:closing loop
[76.752s] DEBUG:colcon.colcon_parallel_executor.executor.parallel:loop closed
[76.752s] DEBUG:colcon.colcon_parallel_executor.executor.parallel:run_until_complete finished with '0'
[76.752s] DEBUG:colcon.colcon_core.event_reactor:joining thread
[76.863s] INFO:colcon.colcon_core.plugin_system:Skipping extension 'colcon_notification.desktop_notification.terminal_notifier': Not used on non-Darwin systems
[76.863s] INFO:colcon.colcon_core.plugin_system:Skipping extension 'colcon_notification.desktop_notification.win32': Not used on non-Windows systems
[76.863s] INFO:colcon.colcon_notification.desktop_notification:Sending desktop notification using 'notify2'
[76.878s] DEBUG:colcon.colcon_core.event_reactor:joined thread
[76.878s] INFO:colcon.colcon_core.shell:Creating prefix script '/home/kendell/retail_assistant_ws/install/local_setup.ps1'
[76.916s] INFO:colcon.colcon_core.shell:Creating prefix util module '/home/kendell/retail_assistant_ws/install/_local_setup_util_ps1.py'
[76.985s] INFO:colcon.colcon_core.shell:Creating prefix chain script '/home/kendell/retail_assistant_ws/install/setup.ps1'
[77.123s] INFO:colcon.colcon_core.shell:Creating prefix script '/home/kendell/retail_assistant_ws/install/local_setup.sh'
[77.159s] INFO:colcon.colcon_core.shell:Creating prefix util module '/home/kendell/retail_assistant_ws/install/_local_setup_util_sh.py'
[77.161s] INFO:colcon.colcon_core.shell:Creating prefix chain script '/home/kendell/retail_assistant_ws/install/setup.sh'
[77.303s] INFO:colcon.colcon_core.shell:Creating prefix script '/home/kendell/retail_assistant_ws/install/local_setup.bash'
[77.396s] INFO:colcon.colcon_core.shell:Creating prefix chain script '/home/kendell/retail_assistant_ws/install/setup.bash'
[77.458s] INFO:colcon.colcon_core.shell:Creating prefix script '/home/kendell/retail_assistant_ws/install/local_setup.zsh'
[77.531s] INFO:colcon.colcon_core.shell:Creating prefix chain script '/home/kendell/retail_assistant_ws/install/setup.zsh'
