[0.359s] Invoking command in '/home/kendell/retail_assistant_ws/build/retail_assistant_bringup': PYTHONPATH=/home/kendell/retail_assistant_ws/build/retail_assistant_bringup/prefix_override:/usr/lib/python3/dist-packages/colcon_core/task/python/colcon_distutils_commands:/home/kendell/retail_assistant_ws/install/retail_assistant_bringup/lib/python3.10/site-packages:${PYTHONPATH} /usr/bin/python3 -W ignore:setup.py install is deprecated -W ignore:easy_install command is deprecated setup.py develop --editable --build-directory /home/kendell/retail_assistant_ws/build/retail_assistant_bringup/build --no-deps symlink_data
[0.495s] running develop
[0.571s] running egg_info
[0.572s] creating retail_assistant_bringup.egg-info
[0.572s] writing retail_assistant_bringup.egg-info/PKG-INFO
[0.572s] writing dependency_links to retail_assistant_bringup.egg-info/dependency_links.txt
[0.572s] writing entry points to retail_assistant_bringup.egg-info/entry_points.txt
[0.572s] writing requirements to retail_assistant_bringup.egg-info/requires.txt
[0.572s] writing top-level names to retail_assistant_bringup.egg-info/top_level.txt
[0.572s] writing manifest file 'retail_assistant_bringup.egg-info/SOURCES.txt'
[0.573s] reading manifest file 'retail_assistant_bringup.egg-info/SOURCES.txt'
[0.573s] writing manifest file 'retail_assistant_bringup.egg-info/SOURCES.txt'
[0.574s] running build_ext
[0.574s] Creating /home/kendell/retail_assistant_ws/install/retail_assistant_bringup/lib/python3.10/site-packages/retail-assistant-bringup.egg-link (link to .)
[0.575s] Installing auto_drive script to /home/kendell/retail_assistant_ws/install/retail_assistant_bringup/lib/retail_assistant_bringup
[0.575s] Installing mcu_to_pi script to /home/kendell/retail_assistant_ws/install/retail_assistant_bringup/lib/retail_assistant_bringup
[0.575s] Installing navigation script to /home/kendell/retail_assistant_ws/install/retail_assistant_bringup/lib/retail_assistant_bringup
[0.575s] Installing ultrasonic script to /home/kendell/retail_assistant_ws/install/retail_assistant_bringup/lib/retail_assistant_bringup
[0.575s] 
[0.575s] Installed /home/kendell/retail_assistant_ws/build/retail_assistant_bringup
[0.575s] running symlink_data
[0.575s] creating /home/kendell/retail_assistant_ws/install/retail_assistant_bringup/share/ament_index
[0.575s] creating /home/kendell/retail_assistant_ws/install/retail_assistant_bringup/share/ament_index/resource_index
[0.575s] creating /home/kendell/retail_assistant_ws/install/retail_assistant_bringup/share/ament_index/resource_index/packages
[0.575s] symbolically linking /home/kendell/retail_assistant_ws/build/retail_assistant_bringup/resource/retail_assistant_bringup -> /home/kendell/retail_assistant_ws/install/retail_assistant_bringup/share/ament_index/resource_index/packages
[0.575s] symbolically linking /home/kendell/retail_assistant_ws/build/retail_assistant_bringup/package.xml -> /home/kendell/retail_assistant_ws/install/retail_assistant_bringup/share/retail_assistant_bringup
[0.575s] creating /home/kendell/retail_assistant_ws/install/retail_assistant_bringup/share/retail_assistant_bringup/launch
[0.576s] symbolically linking /home/kendell/retail_assistant_ws/build/retail_assistant_bringup/launch/gazebo_sim_slam.launch.py -> /home/kendell/retail_assistant_ws/install/retail_assistant_bringup/share/retail_assistant_bringup/launch
[0.576s] symbolically linking /home/kendell/retail_assistant_ws/build/retail_assistant_bringup/launch/slam_world.launch.py -> /home/kendell/retail_assistant_ws/install/retail_assistant_bringup/share/retail_assistant_bringup/launch
[0.576s] symbolically linking /home/kendell/retail_assistant_ws/build/retail_assistant_bringup/launch/rsp.py -> /home/kendell/retail_assistant_ws/install/retail_assistant_bringup/share/retail_assistant_bringup/launch
[0.576s] symbolically linking /home/kendell/retail_assistant_ws/build/retail_assistant_bringup/launch/gazebo_sim_local.launch.py -> /home/kendell/retail_assistant_ws/install/retail_assistant_bringup/share/retail_assistant_bringup/launch
[0.576s] symbolically linking /home/kendell/retail_assistant_ws/build/retail_assistant_bringup/launch/gazebo_sim_auto_mapping.launch.py -> /home/kendell/retail_assistant_ws/install/retail_assistant_bringup/share/retail_assistant_bringup/launch
[0.576s] symbolically linking /home/kendell/retail_assistant_ws/build/retail_assistant_bringup/launch/gazebo_sim.launch.py -> /home/kendell/retail_assistant_ws/install/retail_assistant_bringup/share/retail_assistant_bringup/launch
[0.576s] creating /home/kendell/retail_assistant_ws/install/retail_assistant_bringup/share/retail_assistant_bringup/description
[0.576s] symbolically linking /home/kendell/retail_assistant_ws/build/retail_assistant_bringup/description/proximity.xacro -> /home/kendell/retail_assistant_ws/install/retail_assistant_bringup/share/retail_assistant_bringup/description
[0.576s] symbolically linking /home/kendell/retail_assistant_ws/build/retail_assistant_bringup/description/example.xacro -> /home/kendell/retail_assistant_ws/install/retail_assistant_bringup/share/retail_assistant_bringup/description
[0.576s] symbolically linking /home/kendell/retail_assistant_ws/build/retail_assistant_bringup/description/notes -> /home/kendell/retail_assistant_ws/install/retail_assistant_bringup/share/retail_assistant_bringup/description
[0.576s] symbolically linking /home/kendell/retail_assistant_ws/build/retail_assistant_bringup/description/fake_person_robot.xacro -> /home/kendell/retail_assistant_ws/install/retail_assistant_bringup/share/retail_assistant_bringup/description
[0.576s] symbolically linking /home/kendell/retail_assistant_ws/build/retail_assistant_bringup/description/inertial_macros.xacro -> /home/kendell/retail_assistant_ws/install/retail_assistant_bringup/share/retail_assistant_bringup/description
[0.576s] symbolically linking /home/kendell/retail_assistant_ws/build/retail_assistant_bringup/description/lidar.xacro -> /home/kendell/retail_assistant_ws/install/retail_assistant_bringup/share/retail_assistant_bringup/description
[0.576s] symbolically linking /home/kendell/retail_assistant_ws/build/retail_assistant_bringup/description/robot_core.xacro -> /home/kendell/retail_assistant_ws/install/retail_assistant_bringup/share/retail_assistant_bringup/description
[0.576s] symbolically linking /home/kendell/retail_assistant_ws/build/retail_assistant_bringup/description/robot_core_treads.xacro -> /home/kendell/retail_assistant_ws/install/retail_assistant_bringup/share/retail_assistant_bringup/description
[0.576s] symbolically linking /home/kendell/retail_assistant_ws/build/retail_assistant_bringup/description/gazebo_control.xacro -> /home/kendell/retail_assistant_ws/install/retail_assistant_bringup/share/retail_assistant_bringup/description
[0.576s] symbolically linking /home/kendell/retail_assistant_ws/build/retail_assistant_bringup/description/imu.xacro -> /home/kendell/retail_assistant_ws/install/retail_assistant_bringup/share/retail_assistant_bringup/description
[0.577s] symbolically linking /home/kendell/retail_assistant_ws/build/retail_assistant_bringup/description/gazebo_control_tracked.xacro -> /home/kendell/retail_assistant_ws/install/retail_assistant_bringup/share/retail_assistant_bringup/description
[0.577s] symbolically linking /home/kendell/retail_assistant_ws/build/retail_assistant_bringup/description/robot.urdf.xacro -> /home/kendell/retail_assistant_ws/install/retail_assistant_bringup/share/retail_assistant_bringup/description
[0.577s] creating /home/kendell/retail_assistant_ws/install/retail_assistant_bringup/share/retail_assistant_bringup/worlds
[0.577s] symbolically linking /home/kendell/retail_assistant_ws/build/retail_assistant_bringup/worlds/fake_store_layout.world -> /home/kendell/retail_assistant_ws/install/retail_assistant_bringup/share/retail_assistant_bringup/worlds
[0.577s] symbolically linking /home/kendell/retail_assistant_ws/build/retail_assistant_bringup/worlds/demo_store.world -> /home/kendell/retail_assistant_ws/install/retail_assistant_bringup/share/retail_assistant_bringup/worlds
[0.577s] creating /home/kendell/retail_assistant_ws/install/retail_assistant_bringup/share/retail_assistant_bringup/config
[0.577s] symbolically linking /home/kendell/retail_assistant_ws/build/retail_assistant_bringup/config/test_slam.rviz -> /home/kendell/retail_assistant_ws/install/retail_assistant_bringup/share/retail_assistant_bringup/config
[0.577s] symbolically linking /home/kendell/retail_assistant_ws/build/retail_assistant_bringup/config/mapper_params_online_async.yaml -> /home/kendell/retail_assistant_ws/install/retail_assistant_bringup/share/retail_assistant_bringup/config
[0.577s] symbolically linking /home/kendell/retail_assistant_ws/build/retail_assistant_bringup/config/nav2_params_slam.yaml -> /home/kendell/retail_assistant_ws/install/retail_assistant_bringup/share/retail_assistant_bringup/config
[0.577s] symbolically linking /home/kendell/retail_assistant_ws/build/retail_assistant_bringup/config/ekf.yaml -> /home/kendell/retail_assistant_ws/install/retail_assistant_bringup/share/retail_assistant_bringup/config
[0.577s] symbolically linking /home/kendell/retail_assistant_ws/build/retail_assistant_bringup/config/mapper_params_online_async_local.yaml -> /home/kendell/retail_assistant_ws/install/retail_assistant_bringup/share/retail_assistant_bringup/config
[0.577s] symbolically linking /home/kendell/retail_assistant_ws/build/retail_assistant_bringup/config/nav2_params.yaml -> /home/kendell/retail_assistant_ws/install/retail_assistant_bringup/share/retail_assistant_bringup/config
[0.577s] creating /home/kendell/retail_assistant_ws/install/retail_assistant_bringup/share/retail_assistant_bringup/rviz
[0.594s] Invoked command in '/home/kendell/retail_assistant_ws/build/retail_assistant_bringup' returned '0': PYTHONPATH=/home/kendell/retail_assistant_ws/build/retail_assistant_bringup/prefix_override:/usr/lib/python3/dist-packages/colcon_core/task/python/colcon_distutils_commands:/home/kendell/retail_assistant_ws/install/retail_assistant_bringup/lib/python3.10/site-packages:${PYTHONPATH} /usr/bin/python3 -W ignore:setup.py install is deprecated -W ignore:easy_install command is deprecated setup.py develop --editable --build-directory /home/kendell/retail_assistant_ws/build/retail_assistant_bringup/build --no-deps symlink_data
