[19.855s] DEBUG:colcon:Command line arguments: ['/usr/bin/colcon', 'build']
[19.855s] DEBUG:colcon:Parsed command line arguments: Namespace(log_base=None, log_level=None, verb_name='build', build_base='build', install_base='install', merge_install=False, symlink_install=False, test_result_base=None, continue_on_error=False, executor='parallel', parallel_workers=12, event_handlers=None, ignore_user_meta=False, metas=['./colcon.meta'], base_paths=['.'], packages_ignore=None, packages_ignore_regex=None, paths=None, packages_up_to=None, packages_up_to_regex=None, packages_above=None, packages_above_and_dependencies=None, packages_above_depth=None, packages_select_by_dep=None, packages_skip_by_dep=None, packages_skip_up_to=None, packages_select_build_failed=False, packages_skip_build_finished=False, packages_select_test_failures=False, packages_skip_test_passed=False, packages_select=None, packages_skip=None, packages_select_regex=None, packages_skip_regex=None, packages_start=None, packages_end=None, allow_overriding=[], cmake_args=None, cmake_target=None, cmake_target_skip_unavailable=False, cmake_clean_cache=False, cmake_clean_first=False, cmake_force_configure=False, ament_cmake_args=None, catkin_cmake_args=None, catkin_skip_building_tests=False, mixin_files=None, mixin=None, verb_parser=<colcon_mixin.mixin.mixin_argument.MixinArgumentDecorator object at 0x754bba341b40>, verb_extension=<colcon_core.verb.build.BuildVerb object at 0x754bba45ab00>, main=<bound method BuildVerb.main of <colcon_core.verb.build.BuildVerb object at 0x754bba45ab00>>, mixin_verb=('build',))
[30.788s] Level 1:colcon.colcon_core.package_discovery:discover_packages(colcon_meta) check parameters
[30.789s] Level 1:colcon.colcon_core.package_discovery:discover_packages(recursive) check parameters
[30.789s] Level 1:colcon.colcon_core.package_discovery:discover_packages(ignore) check parameters
[30.789s] Level 1:colcon.colcon_core.package_discovery:discover_packages(path) check parameters
[30.789s] Level 1:colcon.colcon_core.package_discovery:discover_packages(colcon_meta) discover
[30.789s] Level 1:colcon.colcon_core.package_discovery:discover_packages(recursive) discover
[30.789s] INFO:colcon.colcon_core.package_discovery:Crawling recursively for packages in '/home/kendell/retail_assistant_ws'
[30.789s] Level 1:colcon.colcon_core.package_identification:_identify(.) by extensions ['ignore', 'ignore_ament_install']
[30.790s] Level 1:colcon.colcon_core.package_identification:_identify(.) by extension 'ignore'
[30.790s] Level 1:colcon.colcon_core.package_identification:_identify(.) by extension 'ignore_ament_install'
[30.790s] Level 1:colcon.colcon_core.package_identification:_identify(.) by extensions ['colcon_pkg']
[30.790s] Level 1:colcon.colcon_core.package_identification:_identify(.) by extension 'colcon_pkg'
[30.790s] Level 1:colcon.colcon_core.package_identification:_identify(.) by extensions ['colcon_meta']
[30.790s] Level 1:colcon.colcon_core.package_identification:_identify(.) by extension 'colcon_meta'
[30.790s] Level 1:colcon.colcon_core.package_identification:_identify(.) by extensions ['ros']
[30.791s] Level 1:colcon.colcon_core.package_identification:_identify(.) by extension 'ros'
[30.920s] Level 1:colcon.colcon_core.package_identification:_identify(.) by extensions ['cmake', 'python']
[30.920s] Level 1:colcon.colcon_core.package_identification:_identify(.) by extension 'cmake'
[30.920s] Level 1:colcon.colcon_core.package_identification:_identify(.) by extension 'python'
[30.921s] Level 1:colcon.colcon_core.package_identification:_identify(.) by extensions ['python_setup_py']
[30.921s] Level 1:colcon.colcon_core.package_identification:_identify(.) by extension 'python_setup_py'
[30.921s] Level 1:colcon.colcon_core.package_identification:_identify(build) by extensions ['ignore', 'ignore_ament_install']
[30.921s] Level 1:colcon.colcon_core.package_identification:_identify(build) by extension 'ignore'
[30.921s] Level 1:colcon.colcon_core.package_identification:_identify(build) ignored
[30.946s] Level 1:colcon.colcon_core.package_identification:_identify(config) by extensions ['ignore', 'ignore_ament_install']
[30.947s] Level 1:colcon.colcon_core.package_identification:_identify(config) by extension 'ignore'
[30.947s] Level 1:colcon.colcon_core.package_identification:_identify(config) by extension 'ignore_ament_install'
[30.947s] Level 1:colcon.colcon_core.package_identification:_identify(config) by extensions ['colcon_pkg']
[30.947s] Level 1:colcon.colcon_core.package_identification:_identify(config) by extension 'colcon_pkg'
[30.947s] Level 1:colcon.colcon_core.package_identification:_identify(config) by extensions ['colcon_meta']
[30.947s] Level 1:colcon.colcon_core.package_identification:_identify(config) by extension 'colcon_meta'
[30.948s] Level 1:colcon.colcon_core.package_identification:_identify(config) by extensions ['ros']
[30.948s] Level 1:colcon.colcon_core.package_identification:_identify(config) by extension 'ros'
[30.948s] Level 1:colcon.colcon_core.package_identification:_identify(config) by extensions ['cmake', 'python']
[30.948s] Level 1:colcon.colcon_core.package_identification:_identify(config) by extension 'cmake'
[30.948s] Level 1:colcon.colcon_core.package_identification:_identify(config) by extension 'python'
[30.948s] Level 1:colcon.colcon_core.package_identification:_identify(config) by extensions ['python_setup_py']
[30.948s] Level 1:colcon.colcon_core.package_identification:_identify(config) by extension 'python_setup_py'
[30.948s] Level 1:colcon.colcon_core.package_identification:_identify(install) by extensions ['ignore', 'ignore_ament_install']
[30.949s] Level 1:colcon.colcon_core.package_identification:_identify(install) by extension 'ignore'
[30.949s] Level 1:colcon.colcon_core.package_identification:_identify(install) ignored
[31.004s] Level 1:colcon.colcon_core.package_identification:_identify(log) by extensions ['ignore', 'ignore_ament_install']
[31.004s] Level 1:colcon.colcon_core.package_identification:_identify(log) by extension 'ignore'
[31.004s] Level 1:colcon.colcon_core.package_identification:_identify(log) ignored
[31.005s] Level 1:colcon.colcon_core.package_identification:_identify(src) by extensions ['ignore', 'ignore_ament_install']
[31.005s] Level 1:colcon.colcon_core.package_identification:_identify(src) by extension 'ignore'
[31.005s] Level 1:colcon.colcon_core.package_identification:_identify(src) by extension 'ignore_ament_install'
[31.005s] Level 1:colcon.colcon_core.package_identification:_identify(src) by extensions ['colcon_pkg']
[31.005s] Level 1:colcon.colcon_core.package_identification:_identify(src) by extension 'colcon_pkg'
[31.005s] Level 1:colcon.colcon_core.package_identification:_identify(src) by extensions ['colcon_meta']
[31.005s] Level 1:colcon.colcon_core.package_identification:_identify(src) by extension 'colcon_meta'
[31.005s] Level 1:colcon.colcon_core.package_identification:_identify(src) by extensions ['ros']
[31.005s] Level 1:colcon.colcon_core.package_identification:_identify(src) by extension 'ros'
[31.006s] Level 1:colcon.colcon_core.package_identification:_identify(src) by extensions ['cmake', 'python']
[31.006s] Level 1:colcon.colcon_core.package_identification:_identify(src) by extension 'cmake'
[31.006s] Level 1:colcon.colcon_core.package_identification:_identify(src) by extension 'python'
[31.006s] Level 1:colcon.colcon_core.package_identification:_identify(src) by extensions ['python_setup_py']
[31.006s] Level 1:colcon.colcon_core.package_identification:_identify(src) by extension 'python_setup_py'
[31.006s] Level 1:colcon.colcon_core.package_identification:_identify(src/retail_assistant_bringup) by extensions ['ignore', 'ignore_ament_install']
[31.006s] Level 1:colcon.colcon_core.package_identification:_identify(src/retail_assistant_bringup) by extension 'ignore'
[31.006s] Level 1:colcon.colcon_core.package_identification:_identify(src/retail_assistant_bringup) by extension 'ignore_ament_install'
[31.006s] Level 1:colcon.colcon_core.package_identification:_identify(src/retail_assistant_bringup) by extensions ['colcon_pkg']
[31.006s] Level 1:colcon.colcon_core.package_identification:_identify(src/retail_assistant_bringup) by extension 'colcon_pkg'
[31.007s] Level 1:colcon.colcon_core.package_identification:_identify(src/retail_assistant_bringup) by extensions ['colcon_meta']
[31.007s] Level 1:colcon.colcon_core.package_identification:_identify(src/retail_assistant_bringup) by extension 'colcon_meta'
[31.007s] Level 1:colcon.colcon_core.package_identification:_identify(src/retail_assistant_bringup) by extensions ['ros']
[31.007s] Level 1:colcon.colcon_core.package_identification:_identify(src/retail_assistant_bringup) by extension 'ros'
[31.078s] DEBUG:colcon.colcon_core.package_identification:Package 'src/retail_assistant_bringup' with type 'ros.ament_python' and name 'retail_assistant_bringup'
[31.079s] Level 1:colcon.colcon_core.package_discovery:discover_packages(recursive) using defaults
[31.079s] Level 1:colcon.colcon_core.package_discovery:discover_packages(ignore) discover
[31.079s] Level 1:colcon.colcon_core.package_discovery:discover_packages(ignore) using defaults
[31.079s] Level 1:colcon.colcon_core.package_discovery:discover_packages(path) discover
[31.079s] Level 1:colcon.colcon_core.package_discovery:discover_packages(path) using defaults
[31.579s] Level 1:colcon.colcon_core.package_discovery:discover_packages(prefix_path) check parameters
[31.579s] Level 1:colcon.colcon_core.package_discovery:discover_packages(prefix_path) discover
[31.645s] DEBUG:colcon.colcon_installed_package_information.package_discovery:Found 1 installed packages in /home/kendell/retail_assistant_ws/install
[31.648s] DEBUG:colcon.colcon_installed_package_information.package_discovery:Found 350 installed packages in /opt/ros/humble
[31.650s] Level 1:colcon.colcon_core.package_discovery:discover_packages(prefix_path) using defaults
[31.812s] Level 5:colcon.colcon_core.verb:set package 'retail_assistant_bringup' build argument 'cmake_args' from command line to 'None'
[31.812s] Level 5:colcon.colcon_core.verb:set package 'retail_assistant_bringup' build argument 'cmake_target' from command line to 'None'
[31.812s] Level 5:colcon.colcon_core.verb:set package 'retail_assistant_bringup' build argument 'cmake_target_skip_unavailable' from command line to 'False'
[31.812s] Level 5:colcon.colcon_core.verb:set package 'retail_assistant_bringup' build argument 'cmake_clean_cache' from command line to 'False'
[31.812s] Level 5:colcon.colcon_core.verb:set package 'retail_assistant_bringup' build argument 'cmake_clean_first' from command line to 'False'
[31.812s] Level 5:colcon.colcon_core.verb:set package 'retail_assistant_bringup' build argument 'cmake_force_configure' from command line to 'False'
[31.812s] Level 5:colcon.colcon_core.verb:set package 'retail_assistant_bringup' build argument 'ament_cmake_args' from command line to 'None'
[31.812s] Level 5:colcon.colcon_core.verb:set package 'retail_assistant_bringup' build argument 'catkin_cmake_args' from command line to 'None'
[31.812s] Level 5:colcon.colcon_core.verb:set package 'retail_assistant_bringup' build argument 'catkin_skip_building_tests' from command line to 'False'
[31.812s] DEBUG:colcon.colcon_core.verb:Building package 'retail_assistant_bringup' with the following arguments: {'ament_cmake_args': None, 'build_base': '/home/kendell/retail_assistant_ws/build/retail_assistant_bringup', 'catkin_cmake_args': None, 'catkin_skip_building_tests': False, 'cmake_args': None, 'cmake_clean_cache': False, 'cmake_clean_first': False, 'cmake_force_configure': False, 'cmake_target': None, 'cmake_target_skip_unavailable': False, 'install_base': '/home/kendell/retail_assistant_ws/install/retail_assistant_bringup', 'merge_install': False, 'path': '/home/kendell/retail_assistant_ws/src/retail_assistant_bringup', 'symlink_install': False, 'test_result_base': None}
[31.812s] INFO:colcon.colcon_core.executor:Executing jobs using 'parallel' executor
[31.813s] DEBUG:colcon.colcon_parallel_executor.executor.parallel:run_until_complete
[31.813s] INFO:colcon.colcon_ros.task.ament_python.build:Building ROS package in '/home/kendell/retail_assistant_ws/src/retail_assistant_bringup' with build type 'ament_python'
[31.813s] Level 1:colcon.colcon_core.shell:create_environment_hook('retail_assistant_bringup', 'ament_prefix_path')
[31.971s] INFO:colcon.colcon_core.plugin_system:Skipping extension 'colcon_core.shell.bat': Not used on non-Windows systems
[31.972s] INFO:colcon.colcon_core.shell:Creating environment hook '/home/kendell/retail_assistant_ws/install/retail_assistant_bringup/share/retail_assistant_bringup/hook/ament_prefix_path.ps1'
[32.000s] INFO:colcon.colcon_core.shell:Creating environment descriptor '/home/kendell/retail_assistant_ws/install/retail_assistant_bringup/share/retail_assistant_bringup/hook/ament_prefix_path.dsv'
[32.032s] INFO:colcon.colcon_core.shell:Creating environment hook '/home/kendell/retail_assistant_ws/install/retail_assistant_bringup/share/retail_assistant_bringup/hook/ament_prefix_path.sh'
[32.050s] INFO:colcon.colcon_core.shell:Skip shell extension 'powershell' for command environment: Not usable outside of PowerShell
[32.050s] DEBUG:colcon.colcon_core.shell:Skip shell extension 'dsv' for command environment
[32.371s] INFO:colcon.colcon_core.task.python.build:Building Python package in '/home/kendell/retail_assistant_ws/src/retail_assistant_bringup'
[32.372s] INFO:colcon.colcon_core.shell:Skip shell extension 'powershell' for command environment: Not usable outside of PowerShell
[32.372s] DEBUG:colcon.colcon_core.shell:Skip shell extension 'dsv' for command environment
[34.365s] DEBUG:colcon.colcon_core.event_handler.log_command:Invoking command in '/home/kendell/retail_assistant_ws/src/retail_assistant_bringup': PYTHONPATH=/home/kendell/retail_assistant_ws/build/retail_assistant_bringup/prefix_override:/usr/lib/python3/dist-packages/colcon_core/task/python/colcon_distutils_commands:/home/kendell/retail_assistant_ws/install/retail_assistant_bringup/lib/python3.10/site-packages:${PYTHONPATH} /usr/bin/python3 -W ignore:setup.py install is deprecated -W ignore:easy_install command is deprecated setup.py egg_info --egg-base ../../build/retail_assistant_bringup build --build-base /home/kendell/retail_assistant_ws/build/retail_assistant_bringup/build install --record /home/kendell/retail_assistant_ws/build/retail_assistant_bringup/install.log --single-version-externally-managed install_data
[34.981s] DEBUG:colcon.colcon_core.event_handler.log_command:Invoked command in '/home/kendell/retail_assistant_ws/src/retail_assistant_bringup' returned '0': PYTHONPATH=/home/kendell/retail_assistant_ws/build/retail_assistant_bringup/prefix_override:/usr/lib/python3/dist-packages/colcon_core/task/python/colcon_distutils_commands:/home/kendell/retail_assistant_ws/install/retail_assistant_bringup/lib/python3.10/site-packages:${PYTHONPATH} /usr/bin/python3 -W ignore:setup.py install is deprecated -W ignore:easy_install command is deprecated setup.py egg_info --egg-base ../../build/retail_assistant_bringup build --build-base /home/kendell/retail_assistant_ws/build/retail_assistant_bringup/build install --record /home/kendell/retail_assistant_ws/build/retail_assistant_bringup/install.log --single-version-externally-managed install_data
[35.145s] Level 1:colcon.colcon_core.environment:checking '/home/kendell/retail_assistant_ws/install/retail_assistant_bringup' for CMake module files
[35.146s] Level 1:colcon.colcon_core.environment:checking '/home/kendell/retail_assistant_ws/install/retail_assistant_bringup' for CMake config files
[35.185s] Level 1:colcon.colcon_core.environment:checking '/home/kendell/retail_assistant_ws/install/retail_assistant_bringup/lib'
[35.186s] Level 1:colcon.colcon_core.environment:checking '/home/kendell/retail_assistant_ws/install/retail_assistant_bringup/bin'
[35.186s] Level 1:colcon.colcon_core.environment:checking '/home/kendell/retail_assistant_ws/install/retail_assistant_bringup/lib/pkgconfig/retail_assistant_bringup.pc'
[35.186s] Level 1:colcon.colcon_core.environment:checking '/home/kendell/retail_assistant_ws/install/retail_assistant_bringup/lib/python3.10/site-packages'
[35.187s] Level 1:colcon.colcon_core.shell:create_environment_hook('retail_assistant_bringup', 'pythonpath')
[35.187s] INFO:colcon.colcon_core.shell:Creating environment hook '/home/kendell/retail_assistant_ws/install/retail_assistant_bringup/share/retail_assistant_bringup/hook/pythonpath.ps1'
[35.188s] INFO:colcon.colcon_core.shell:Creating environment descriptor '/home/kendell/retail_assistant_ws/install/retail_assistant_bringup/share/retail_assistant_bringup/hook/pythonpath.dsv'
[35.188s] INFO:colcon.colcon_core.shell:Creating environment hook '/home/kendell/retail_assistant_ws/install/retail_assistant_bringup/share/retail_assistant_bringup/hook/pythonpath.sh'
[35.189s] Level 1:colcon.colcon_core.environment:checking '/home/kendell/retail_assistant_ws/install/retail_assistant_bringup/bin'
[35.189s] Level 1:colcon.colcon_core.environment:create_environment_scripts_only(retail_assistant_bringup)
[35.190s] INFO:colcon.colcon_core.shell:Creating package script '/home/kendell/retail_assistant_ws/install/retail_assistant_bringup/share/retail_assistant_bringup/package.ps1'
[35.210s] INFO:colcon.colcon_core.shell:Creating package descriptor '/home/kendell/retail_assistant_ws/install/retail_assistant_bringup/share/retail_assistant_bringup/package.dsv'
[35.222s] INFO:colcon.colcon_core.shell:Creating package script '/home/kendell/retail_assistant_ws/install/retail_assistant_bringup/share/retail_assistant_bringup/package.sh'
[35.243s] INFO:colcon.colcon_core.shell:Creating package script '/home/kendell/retail_assistant_ws/install/retail_assistant_bringup/share/retail_assistant_bringup/package.bash'
[35.263s] INFO:colcon.colcon_core.shell:Creating package script '/home/kendell/retail_assistant_ws/install/retail_assistant_bringup/share/retail_assistant_bringup/package.zsh'
[35.292s] Level 1:colcon.colcon_core.environment:create_file_with_runtime_dependencies(/home/kendell/retail_assistant_ws/install/retail_assistant_bringup/share/colcon-core/packages/retail_assistant_bringup)
[35.293s] DEBUG:colcon.colcon_parallel_executor.executor.parallel:closing loop
[35.293s] DEBUG:colcon.colcon_parallel_executor.executor.parallel:loop closed
[35.294s] DEBUG:colcon.colcon_parallel_executor.executor.parallel:run_until_complete finished with '0'
[35.294s] DEBUG:colcon.colcon_core.event_reactor:joining thread
[35.403s] INFO:colcon.colcon_core.plugin_system:Skipping extension 'colcon_notification.desktop_notification.terminal_notifier': Not used on non-Darwin systems
[35.403s] INFO:colcon.colcon_core.plugin_system:Skipping extension 'colcon_notification.desktop_notification.win32': Not used on non-Windows systems
[35.404s] INFO:colcon.colcon_notification.desktop_notification:Sending desktop notification using 'notify2'
[35.417s] DEBUG:colcon.colcon_core.event_reactor:joined thread
[35.418s] INFO:colcon.colcon_core.shell:Creating prefix script '/home/kendell/retail_assistant_ws/install/local_setup.ps1'
[35.453s] INFO:colcon.colcon_core.shell:Creating prefix util module '/home/kendell/retail_assistant_ws/install/_local_setup_util_ps1.py'
[35.471s] INFO:colcon.colcon_core.shell:Creating prefix chain script '/home/kendell/retail_assistant_ws/install/setup.ps1'
[35.481s] INFO:colcon.colcon_core.shell:Creating prefix script '/home/kendell/retail_assistant_ws/install/local_setup.sh'
[35.491s] INFO:colcon.colcon_core.shell:Creating prefix util module '/home/kendell/retail_assistant_ws/install/_local_setup_util_sh.py'
[35.492s] INFO:colcon.colcon_core.shell:Creating prefix chain script '/home/kendell/retail_assistant_ws/install/setup.sh'
[35.509s] INFO:colcon.colcon_core.shell:Creating prefix script '/home/kendell/retail_assistant_ws/install/local_setup.bash'
[35.517s] INFO:colcon.colcon_core.shell:Creating prefix chain script '/home/kendell/retail_assistant_ws/install/setup.bash'
[35.526s] INFO:colcon.colcon_core.shell:Creating prefix script '/home/kendell/retail_assistant_ws/install/local_setup.zsh'
[35.552s] INFO:colcon.colcon_core.shell:Creating prefix chain script '/home/kendell/retail_assistant_ws/install/setup.zsh'
