[1.906s] Invoking command in '/home/kendell/retail_assistant_ws/build/sllidar_ros2': CMAKE_PREFIX_PATH=${CMAKE_PREFIX_PATH}:/home/kendell/retail_assistant_ws/install/retail_assistant_bringup:/opt/ros/humble /usr/bin/cmake --build /home/kendell/retail_assistant_ws/build/sllidar_ros2 -- -j12 -l12
[11.892s] [ 10%] Built target sllidar_client
[12.191s] [100%] Built target sllidar_node
[12.902s] Invoked command in '/home/kendell/retail_assistant_ws/build/sllidar_ros2' returned '0': CMAKE_PREFIX_PATH=${CMAKE_PREFIX_PATH}:/home/kendell/retail_assistant_ws/install/retail_assistant_bringup:/opt/ros/humble /usr/bin/cmake --build /home/kendell/retail_assistant_ws/build/sllidar_ros2 -- -j12 -l12
[13.043s] Invoking command in '/home/kendell/retail_assistant_ws/build/sllidar_ros2': CMAKE_PREFIX_PATH=${CMAKE_PREFIX_PATH}:/home/kendell/retail_assistant_ws/install/retail_assistant_bringup:/opt/ros/humble /usr/bin/cmake --install /home/kendell/retail_assistant_ws/build/sllidar_ros2
[13.104s] -- Install configuration: ""
[13.161s] -- Execute custom install script
[13.191s] -- Up-to-date symlink: /home/kendell/retail_assistant_ws/install/sllidar_ros2/share/sllidar_ros2/launch/sllidar_a1_launch.py
[13.205s] -- Up-to-date symlink: /home/kendell/retail_assistant_ws/install/sllidar_ros2/share/sllidar_ros2/launch/sllidar_a2m12_launch .py
[13.254s] -- Up-to-date symlink: /home/kendell/retail_assistant_ws/install/sllidar_ros2/share/sllidar_ros2/launch/sllidar_a2m7_launch.py
[13.276s] -- Up-to-date symlink: /home/kendell/retail_assistant_ws/install/sllidar_ros2/share/sllidar_ros2/launch/sllidar_a2m8_launch.py
[13.277s] -- Up-to-date symlink: /home/kendell/retail_assistant_ws/install/sllidar_ros2/share/sllidar_ros2/launch/sllidar_a3_launch.py
[13.308s] -- Up-to-date symlink: /home/kendell/retail_assistant_ws/install/sllidar_ros2/share/sllidar_ros2/launch/sllidar_c1_launch.py
[13.324s] -- Up-to-date symlink: /home/kendell/retail_assistant_ws/install/sllidar_ros2/share/sllidar_ros2/launch/sllidar_s1_launch.py
[13.326s] -- Up-to-date symlink: /home/kendell/retail_assistant_ws/install/sllidar_ros2/share/sllidar_ros2/launch/sllidar_s1_tcp_launch.py
[13.387s] -- Up-to-date symlink: /home/kendell/retail_assistant_ws/install/sllidar_ros2/share/sllidar_ros2/launch/sllidar_s2_launch.py
[13.434s] -- Up-to-date symlink: /home/kendell/retail_assistant_ws/install/sllidar_ros2/share/sllidar_ros2/launch/sllidar_s2e_launch.py
[13.437s] -- Up-to-date symlink: /home/kendell/retail_assistant_ws/install/sllidar_ros2/share/sllidar_ros2/launch/sllidar_s3_launch.py
[13.442s] -- Up-to-date symlink: /home/kendell/retail_assistant_ws/install/sllidar_ros2/share/sllidar_ros2/launch/sllidar_t1_launch.py
[13.445s] -- Up-to-date symlink: /home/kendell/retail_assistant_ws/install/sllidar_ros2/share/sllidar_ros2/launch/view_sllidar_a1_launch.py
[13.447s] -- Up-to-date symlink: /home/kendell/retail_assistant_ws/install/sllidar_ros2/share/sllidar_ros2/launch/view_sllidar_a2m12_launch.py
[13.451s] -- Up-to-date symlink: /home/kendell/retail_assistant_ws/install/sllidar_ros2/share/sllidar_ros2/launch/view_sllidar_a2m7_launch.py
[13.453s] -- Up-to-date symlink: /home/kendell/retail_assistant_ws/install/sllidar_ros2/share/sllidar_ros2/launch/view_sllidar_a2m8_launch.py
[13.454s] -- Up-to-date symlink: /home/kendell/retail_assistant_ws/install/sllidar_ros2/share/sllidar_ros2/launch/view_sllidar_a3_launch.py
[13.468s] -- Up-to-date symlink: /home/kendell/retail_assistant_ws/install/sllidar_ros2/share/sllidar_ros2/launch/view_sllidar_c1_launch.py
[13.472s] -- Up-to-date symlink: /home/kendell/retail_assistant_ws/install/sllidar_ros2/share/sllidar_ros2/launch/view_sllidar_s1_launch.py
[13.475s] -- Up-to-date symlink: /home/kendell/retail_assistant_ws/install/sllidar_ros2/share/sllidar_ros2/launch/view_sllidar_s1_tcp_launch.py
[13.477s] -- Up-to-date symlink: /home/kendell/retail_assistant_ws/install/sllidar_ros2/share/sllidar_ros2/launch/view_sllidar_s2_launch.py
[13.484s] -- Up-to-date symlink: /home/kendell/retail_assistant_ws/install/sllidar_ros2/share/sllidar_ros2/launch/view_sllidar_s2e_launch.py
[13.487s] -- Up-to-date symlink: /home/kendell/retail_assistant_ws/install/sllidar_ros2/share/sllidar_ros2/launch/view_sllidar_s3_launch.py
[13.490s] -- Up-to-date symlink: /home/kendell/retail_assistant_ws/install/sllidar_ros2/share/sllidar_ros2/launch/view_sllidar_t1_launch.py
[13.500s] -- Up-to-date symlink: /home/kendell/retail_assistant_ws/install/sllidar_ros2/share/sllidar_ros2/rviz/sllidar_ros2.rviz
[13.542s] -- Up-to-date symlink: /home/kendell/retail_assistant_ws/install/sllidar_ros2/lib/sllidar_ros2/sllidar_node
[13.545s] -- Up-to-date symlink: /home/kendell/retail_assistant_ws/install/sllidar_ros2/lib/sllidar_ros2/sllidar_client
[13.546s] -- Up-to-date symlink: /home/kendell/retail_assistant_ws/install/sllidar_ros2/share/ament_index/resource_index/package_run_dependencies/sllidar_ros2
[13.551s] -- Up-to-date symlink: /home/kendell/retail_assistant_ws/install/sllidar_ros2/share/ament_index/resource_index/parent_prefix_path/sllidar_ros2
[13.554s] -- Up-to-date symlink: /home/kendell/retail_assistant_ws/install/sllidar_ros2/share/sllidar_ros2/environment/ament_prefix_path.sh
[13.554s] -- Up-to-date symlink: /home/kendell/retail_assistant_ws/install/sllidar_ros2/share/sllidar_ros2/environment/ament_prefix_path.dsv
[13.557s] -- Up-to-date symlink: /home/kendell/retail_assistant_ws/install/sllidar_ros2/share/sllidar_ros2/environment/path.sh
[13.558s] -- Up-to-date symlink: /home/kendell/retail_assistant_ws/install/sllidar_ros2/share/sllidar_ros2/environment/path.dsv
[13.562s] -- Up-to-date symlink: /home/kendell/retail_assistant_ws/install/sllidar_ros2/share/sllidar_ros2/local_setup.bash
[13.566s] -- Up-to-date symlink: /home/kendell/retail_assistant_ws/install/sllidar_ros2/share/sllidar_ros2/local_setup.sh
[13.569s] -- Up-to-date symlink: /home/kendell/retail_assistant_ws/install/sllidar_ros2/share/sllidar_ros2/local_setup.zsh
[13.570s] -- Up-to-date symlink: /home/kendell/retail_assistant_ws/install/sllidar_ros2/share/sllidar_ros2/local_setup.dsv
[13.571s] -- Symlinking: /home/kendell/retail_assistant_ws/install/sllidar_ros2/share/sllidar_ros2/package.dsv
[13.596s] -- Up-to-date symlink: /home/kendell/retail_assistant_ws/install/sllidar_ros2/share/ament_index/resource_index/packages/sllidar_ros2
[13.598s] -- Up-to-date symlink: /home/kendell/retail_assistant_ws/install/sllidar_ros2/share/sllidar_ros2/cmake/ament_cmake_export_dependencies-extras.cmake
[13.600s] -- Up-to-date symlink: /home/kendell/retail_assistant_ws/install/sllidar_ros2/share/sllidar_ros2/cmake/ament_cmake_export_include_directories-extras.cmake
[13.621s] -- Up-to-date symlink: /home/kendell/retail_assistant_ws/install/sllidar_ros2/share/sllidar_ros2/cmake/sllidar_ros2Config.cmake
[13.624s] -- Up-to-date symlink: /home/kendell/retail_assistant_ws/install/sllidar_ros2/share/sllidar_ros2/cmake/sllidar_ros2Config-version.cmake
[13.642s] -- Up-to-date symlink: /home/kendell/retail_assistant_ws/install/sllidar_ros2/share/sllidar_ros2/package.xml
[13.646s] Invoked command in '/home/kendell/retail_assistant_ws/build/sllidar_ros2' returned '0': CMAKE_PREFIX_PATH=${CMAKE_PREFIX_PATH}:/home/kendell/retail_assistant_ws/install/retail_assistant_bringup:/opt/ros/humble /usr/bin/cmake --install /home/kendell/retail_assistant_ws/build/sllidar_ros2
