running develop
running egg_info
creating retail_assistant_bringup.egg-info
writing retail_assistant_bringup.egg-info/PKG-INFO
writing dependency_links to retail_assistant_bringup.egg-info/dependency_links.txt
writing entry points to retail_assistant_bringup.egg-info/entry_points.txt
writing requirements to retail_assistant_bringup.egg-info/requires.txt
writing top-level names to retail_assistant_bringup.egg-info/top_level.txt
writing manifest file 'retail_assistant_bringup.egg-info/SOURCES.txt'
reading manifest file 'retail_assistant_bringup.egg-info/SOURCES.txt'
writing manifest file 'retail_assistant_bringup.egg-info/SOURCES.txt'
running build_ext
Creating /home/kendell/retail_assistant_ws/install/retail_assistant_bringup/lib/python3.10/site-packages/retail-assistant-bringup.egg-link (link to .)
Installing auto_drive script to /home/kendell/retail_assistant_ws/install/retail_assistant_bringup/lib/retail_assistant_bringup

Installed /home/kendell/retail_assistant_ws/build/retail_assistant_bringup
running symlink_data
creating /home/kendell/retail_assistant_ws/install/retail_assistant_bringup/share/ament_index
creating /home/kendell/retail_assistant_ws/install/retail_assistant_bringup/share/ament_index/resource_index
creating /home/kendell/retail_assistant_ws/install/retail_assistant_bringup/share/ament_index/resource_index/packages
symbolically linking /home/kendell/retail_assistant_ws/build/retail_assistant_bringup/resource/retail_assistant_bringup -> /home/kendell/retail_assistant_ws/install/retail_assistant_bringup/share/ament_index/resource_index/packages
symbolically linking /home/kendell/retail_assistant_ws/build/retail_assistant_bringup/package.xml -> /home/kendell/retail_assistant_ws/install/retail_assistant_bringup/share/retail_assistant_bringup
creating /home/kendell/retail_assistant_ws/install/retail_assistant_bringup/share/retail_assistant_bringup/launch
symbolically linking /home/kendell/retail_assistant_ws/build/retail_assistant_bringup/launch/gazebo_sim_slam.launch.py -> /home/kendell/retail_assistant_ws/install/retail_assistant_bringup/share/retail_assistant_bringup/launch
symbolically linking /home/kendell/retail_assistant_ws/build/retail_assistant_bringup/launch/rsp.py -> /home/kendell/retail_assistant_ws/install/retail_assistant_bringup/share/retail_assistant_bringup/launch
symbolically linking /home/kendell/retail_assistant_ws/build/retail_assistant_bringup/launch/gazebo_sim_local.launch.py -> /home/kendell/retail_assistant_ws/install/retail_assistant_bringup/share/retail_assistant_bringup/launch
symbolically linking /home/kendell/retail_assistant_ws/build/retail_assistant_bringup/launch/gazebo_sim_auto_mapping.launch.py -> /home/kendell/retail_assistant_ws/install/retail_assistant_bringup/share/retail_assistant_bringup/launch
symbolically linking /home/kendell/retail_assistant_ws/build/retail_assistant_bringup/launch/navigation.py -> /home/kendell/retail_assistant_ws/install/retail_assistant_bringup/share/retail_assistant_bringup/launch
symbolically linking /home/kendell/retail_assistant_ws/build/retail_assistant_bringup/launch/gazebo_sim.launch.py -> /home/kendell/retail_assistant_ws/install/retail_assistant_bringup/share/retail_assistant_bringup/launch
symbolically linking /home/kendell/retail_assistant_ws/build/retail_assistant_bringup/launch/slam_launch.py -> /home/kendell/retail_assistant_ws/install/retail_assistant_bringup/share/retail_assistant_bringup/launch
creating /home/kendell/retail_assistant_ws/install/retail_assistant_bringup/share/retail_assistant_bringup/description
symbolically linking /home/kendell/retail_assistant_ws/build/retail_assistant_bringup/description/example.xacro -> /home/kendell/retail_assistant_ws/install/retail_assistant_bringup/share/retail_assistant_bringup/description
symbolically linking /home/kendell/retail_assistant_ws/build/retail_assistant_bringup/description/notes -> /home/kendell/retail_assistant_ws/install/retail_assistant_bringup/share/retail_assistant_bringup/description
symbolically linking /home/kendell/retail_assistant_ws/build/retail_assistant_bringup/description/inertial_macros.xacro -> /home/kendell/retail_assistant_ws/install/retail_assistant_bringup/share/retail_assistant_bringup/description
symbolically linking /home/kendell/retail_assistant_ws/build/retail_assistant_bringup/description/lidar.xacro -> /home/kendell/retail_assistant_ws/install/retail_assistant_bringup/share/retail_assistant_bringup/description
symbolically linking /home/kendell/retail_assistant_ws/build/retail_assistant_bringup/description/robot_core.xacro -> /home/kendell/retail_assistant_ws/install/retail_assistant_bringup/share/retail_assistant_bringup/description
symbolically linking /home/kendell/retail_assistant_ws/build/retail_assistant_bringup/description/gazebo_control.xacro -> /home/kendell/retail_assistant_ws/install/retail_assistant_bringup/share/retail_assistant_bringup/description
symbolically linking /home/kendell/retail_assistant_ws/build/retail_assistant_bringup/description/imu.xacro -> /home/kendell/retail_assistant_ws/install/retail_assistant_bringup/share/retail_assistant_bringup/description
symbolically linking /home/kendell/retail_assistant_ws/build/retail_assistant_bringup/description/robot.urdf.xacro -> /home/kendell/retail_assistant_ws/install/retail_assistant_bringup/share/retail_assistant_bringup/description
creating /home/kendell/retail_assistant_ws/install/retail_assistant_bringup/share/retail_assistant_bringup/worlds
symbolically linking /home/kendell/retail_assistant_ws/build/retail_assistant_bringup/worlds/fake_store_layout.world -> /home/kendell/retail_assistant_ws/install/retail_assistant_bringup/share/retail_assistant_bringup/worlds
creating /home/kendell/retail_assistant_ws/install/retail_assistant_bringup/share/retail_assistant_bringup/config
symbolically linking /home/kendell/retail_assistant_ws/build/retail_assistant_bringup/config/test_slam.rviz -> /home/kendell/retail_assistant_ws/install/retail_assistant_bringup/share/retail_assistant_bringup/config
symbolically linking /home/kendell/retail_assistant_ws/build/retail_assistant_bringup/config/mapper_params_online_async.yaml -> /home/kendell/retail_assistant_ws/install/retail_assistant_bringup/share/retail_assistant_bringup/config
symbolically linking /home/kendell/retail_assistant_ws/build/retail_assistant_bringup/config/ekf.yaml -> /home/kendell/retail_assistant_ws/install/retail_assistant_bringup/share/retail_assistant_bringup/config
symbolically linking /home/kendell/retail_assistant_ws/build/retail_assistant_bringup/config/mapper_params_online_async_local.yaml -> /home/kendell/retail_assistant_ws/install/retail_assistant_bringup/share/retail_assistant_bringup/config
creating /home/kendell/retail_assistant_ws/install/retail_assistant_bringup/share/retail_assistant_bringup/rviz
