[0.352s] Invoking command in '/home/kendell/retail_assistant_ws/build/retail_assistant_bringup': PYTHONPATH=/home/kendell/retail_assistant_ws/build/retail_assistant_bringup/prefix_override:/usr/lib/python3/dist-packages/colcon_core/task/python/colcon_distutils_commands:/home/kendell/retail_assistant_ws/install/retail_assistant_bringup/lib/python3.10/site-packages:${PYTHONPATH} /usr/bin/python3 -W ignore:setup.py install is deprecated -W ignore:easy_install command is deprecated setup.py develop --editable --build-directory /home/kendell/retail_assistant_ws/build/retail_assistant_bringup/build --no-deps symlink_data
[0.512s] running develop
[0.589s] running egg_info
[0.590s] creating retail_assistant_bringup.egg-info
[0.590s] writing retail_assistant_bringup.egg-info/PKG-INFO
[0.590s] writing dependency_links to retail_assistant_bringup.egg-info/dependency_links.txt
[0.590s] writing entry points to retail_assistant_bringup.egg-info/entry_points.txt
[0.590s] writing requirements to retail_assistant_bringup.egg-info/requires.txt
[0.590s] writing top-level names to retail_assistant_bringup.egg-info/top_level.txt
[0.590s] writing manifest file 'retail_assistant_bringup.egg-info/SOURCES.txt'
[0.591s] reading manifest file 'retail_assistant_bringup.egg-info/SOURCES.txt'
[0.591s] writing manifest file 'retail_assistant_bringup.egg-info/SOURCES.txt'
[0.592s] running build_ext
[0.592s] Creating /home/kendell/retail_assistant_ws/install/retail_assistant_bringup/lib/python3.10/site-packages/retail-assistant-bringup.egg-link (link to .)
[0.593s] Installing auto_drive script to /home/kendell/retail_assistant_ws/install/retail_assistant_bringup/lib/retail_assistant_bringup
[0.593s] 
[0.593s] Installed /home/kendell/retail_assistant_ws/build/retail_assistant_bringup
[0.593s] running symlink_data
[0.593s] creating /home/kendell/retail_assistant_ws/install/retail_assistant_bringup/share/ament_index
[0.593s] creating /home/kendell/retail_assistant_ws/install/retail_assistant_bringup/share/ament_index/resource_index
[0.593s] creating /home/kendell/retail_assistant_ws/install/retail_assistant_bringup/share/ament_index/resource_index/packages
[0.593s] symbolically linking /home/kendell/retail_assistant_ws/build/retail_assistant_bringup/resource/retail_assistant_bringup -> /home/kendell/retail_assistant_ws/install/retail_assistant_bringup/share/ament_index/resource_index/packages
[0.593s] symbolically linking /home/kendell/retail_assistant_ws/build/retail_assistant_bringup/package.xml -> /home/kendell/retail_assistant_ws/install/retail_assistant_bringup/share/retail_assistant_bringup
[0.593s] creating /home/kendell/retail_assistant_ws/install/retail_assistant_bringup/share/retail_assistant_bringup/launch
[0.593s] symbolically linking /home/kendell/retail_assistant_ws/build/retail_assistant_bringup/launch/gazebo_sim_slam.launch.py -> /home/kendell/retail_assistant_ws/install/retail_assistant_bringup/share/retail_assistant_bringup/launch
[0.593s] symbolically linking /home/kendell/retail_assistant_ws/build/retail_assistant_bringup/launch/rsp.py -> /home/kendell/retail_assistant_ws/install/retail_assistant_bringup/share/retail_assistant_bringup/launch
[0.593s] symbolically linking /home/kendell/retail_assistant_ws/build/retail_assistant_bringup/launch/gazebo_sim_local.launch.py -> /home/kendell/retail_assistant_ws/install/retail_assistant_bringup/share/retail_assistant_bringup/launch
[0.593s] symbolically linking /home/kendell/retail_assistant_ws/build/retail_assistant_bringup/launch/gazebo_sim_auto_mapping.launch.py -> /home/kendell/retail_assistant_ws/install/retail_assistant_bringup/share/retail_assistant_bringup/launch
[0.593s] symbolically linking /home/kendell/retail_assistant_ws/build/retail_assistant_bringup/launch/navigation.py -> /home/kendell/retail_assistant_ws/install/retail_assistant_bringup/share/retail_assistant_bringup/launch
[0.593s] symbolically linking /home/kendell/retail_assistant_ws/build/retail_assistant_bringup/launch/gazebo_sim.launch.py -> /home/kendell/retail_assistant_ws/install/retail_assistant_bringup/share/retail_assistant_bringup/launch
[0.593s] symbolically linking /home/kendell/retail_assistant_ws/build/retail_assistant_bringup/launch/slam_launch.py -> /home/kendell/retail_assistant_ws/install/retail_assistant_bringup/share/retail_assistant_bringup/launch
[0.593s] creating /home/kendell/retail_assistant_ws/install/retail_assistant_bringup/share/retail_assistant_bringup/description
[0.594s] symbolically linking /home/kendell/retail_assistant_ws/build/retail_assistant_bringup/description/example.xacro -> /home/kendell/retail_assistant_ws/install/retail_assistant_bringup/share/retail_assistant_bringup/description
[0.594s] symbolically linking /home/kendell/retail_assistant_ws/build/retail_assistant_bringup/description/notes -> /home/kendell/retail_assistant_ws/install/retail_assistant_bringup/share/retail_assistant_bringup/description
[0.594s] symbolically linking /home/kendell/retail_assistant_ws/build/retail_assistant_bringup/description/inertial_macros.xacro -> /home/kendell/retail_assistant_ws/install/retail_assistant_bringup/share/retail_assistant_bringup/description
[0.594s] symbolically linking /home/kendell/retail_assistant_ws/build/retail_assistant_bringup/description/lidar.xacro -> /home/kendell/retail_assistant_ws/install/retail_assistant_bringup/share/retail_assistant_bringup/description
[0.594s] symbolically linking /home/kendell/retail_assistant_ws/build/retail_assistant_bringup/description/robot_core.xacro -> /home/kendell/retail_assistant_ws/install/retail_assistant_bringup/share/retail_assistant_bringup/description
[0.594s] symbolically linking /home/kendell/retail_assistant_ws/build/retail_assistant_bringup/description/gazebo_control.xacro -> /home/kendell/retail_assistant_ws/install/retail_assistant_bringup/share/retail_assistant_bringup/description
[0.594s] symbolically linking /home/kendell/retail_assistant_ws/build/retail_assistant_bringup/description/imu.xacro -> /home/kendell/retail_assistant_ws/install/retail_assistant_bringup/share/retail_assistant_bringup/description
[0.594s] symbolically linking /home/kendell/retail_assistant_ws/build/retail_assistant_bringup/description/robot.urdf.xacro -> /home/kendell/retail_assistant_ws/install/retail_assistant_bringup/share/retail_assistant_bringup/description
[0.594s] creating /home/kendell/retail_assistant_ws/install/retail_assistant_bringup/share/retail_assistant_bringup/worlds
[0.594s] symbolically linking /home/kendell/retail_assistant_ws/build/retail_assistant_bringup/worlds/fake_store_layout.world -> /home/kendell/retail_assistant_ws/install/retail_assistant_bringup/share/retail_assistant_bringup/worlds
[0.594s] creating /home/kendell/retail_assistant_ws/install/retail_assistant_bringup/share/retail_assistant_bringup/config
[0.594s] symbolically linking /home/kendell/retail_assistant_ws/build/retail_assistant_bringup/config/test_slam.rviz -> /home/kendell/retail_assistant_ws/install/retail_assistant_bringup/share/retail_assistant_bringup/config
[0.594s] symbolically linking /home/kendell/retail_assistant_ws/build/retail_assistant_bringup/config/mapper_params_online_async.yaml -> /home/kendell/retail_assistant_ws/install/retail_assistant_bringup/share/retail_assistant_bringup/config
[0.594s] symbolically linking /home/kendell/retail_assistant_ws/build/retail_assistant_bringup/config/ekf.yaml -> /home/kendell/retail_assistant_ws/install/retail_assistant_bringup/share/retail_assistant_bringup/config
[0.594s] symbolically linking /home/kendell/retail_assistant_ws/build/retail_assistant_bringup/config/mapper_params_online_async_local.yaml -> /home/kendell/retail_assistant_ws/install/retail_assistant_bringup/share/retail_assistant_bringup/config
[0.594s] creating /home/kendell/retail_assistant_ws/install/retail_assistant_bringup/share/retail_assistant_bringup/rviz
[0.617s] Invoked command in '/home/kendell/retail_assistant_ws/build/retail_assistant_bringup' returned '0': PYTHONPATH=/home/kendell/retail_assistant_ws/build/retail_assistant_bringup/prefix_override:/usr/lib/python3/dist-packages/colcon_core/task/python/colcon_distutils_commands:/home/kendell/retail_assistant_ws/install/retail_assistant_bringup/lib/python3.10/site-packages:${PYTHONPATH} /usr/bin/python3 -W ignore:setup.py install is deprecated -W ignore:easy_install command is deprecated setup.py develop --editable --build-directory /home/kendell/retail_assistant_ws/build/retail_assistant_bringup/build --no-deps symlink_data
