[1.433s] Invoking command in '/home/kendell/retail_assistant_ws/build/sllidar_ros2': CMAKE_PREFIX_PATH=${CMAKE_PREFIX_PATH}:/home/kendell/retail_assistant_ws/install/retail_assistant_bringup:/opt/ros/humble /usr/bin/cmake --build /home/kendell/retail_assistant_ws/build/sllidar_ros2 -- -j12 -l12
[17.647s] [ 10%] Built target sllidar_client
[17.986s] [100%] Built target sllidar_node
[17.997s] Invoked command in '/home/kendell/retail_assistant_ws/build/sllidar_ros2' returned '0': CMAKE_PREFIX_PATH=${CMAKE_PREFIX_PATH}:/home/kendell/retail_assistant_ws/install/retail_assistant_bringup:/opt/ros/humble /usr/bin/cmake --build /home/kendell/retail_assistant_ws/build/sllidar_ros2 -- -j12 -l12
[18.056s] Invoking command in '/home/kendell/retail_assistant_ws/build/sllidar_ros2': CMAKE_PREFIX_PATH=${CMAKE_PREFIX_PATH}:/home/kendell/retail_assistant_ws/install/retail_assistant_bringup:/opt/ros/humble /usr/bin/cmake --install /home/kendell/retail_assistant_ws/build/sllidar_ros2
[18.094s] -- Install configuration: ""
[18.156s] -- Execute custom install script
[18.197s] -- Up-to-date symlink: /home/kendell/retail_assistant_ws/install/sllidar_ros2/share/sllidar_ros2/launch/sllidar_a1_launch.py
[18.231s] -- Up-to-date symlink: /home/kendell/retail_assistant_ws/install/sllidar_ros2/share/sllidar_ros2/launch/sllidar_a2m12_launch .py
[18.232s] -- Up-to-date symlink: /home/kendell/retail_assistant_ws/install/sllidar_ros2/share/sllidar_ros2/launch/sllidar_a2m7_launch.py
[18.252s] -- Up-to-date symlink: /home/kendell/retail_assistant_ws/install/sllidar_ros2/share/sllidar_ros2/launch/sllidar_a2m8_launch.py
[18.259s] -- Up-to-date symlink: /home/kendell/retail_assistant_ws/install/sllidar_ros2/share/sllidar_ros2/launch/sllidar_a3_launch.py
[18.278s] -- Up-to-date symlink: /home/kendell/retail_assistant_ws/install/sllidar_ros2/share/sllidar_ros2/launch/sllidar_c1_launch.py
[18.293s] -- Up-to-date symlink: /home/kendell/retail_assistant_ws/install/sllidar_ros2/share/sllidar_ros2/launch/sllidar_s1_launch.py
[18.305s] -- Up-to-date symlink: /home/kendell/retail_assistant_ws/install/sllidar_ros2/share/sllidar_ros2/launch/sllidar_s1_tcp_launch.py
[18.315s] -- Up-to-date symlink: /home/kendell/retail_assistant_ws/install/sllidar_ros2/share/sllidar_ros2/launch/sllidar_s2_launch.py
[18.321s] -- Up-to-date symlink: /home/kendell/retail_assistant_ws/install/sllidar_ros2/share/sllidar_ros2/launch/sllidar_s2e_launch.py
[18.322s] -- Up-to-date symlink: /home/kendell/retail_assistant_ws/install/sllidar_ros2/share/sllidar_ros2/launch/sllidar_s3_launch.py
[18.323s] -- Up-to-date symlink: /home/kendell/retail_assistant_ws/install/sllidar_ros2/share/sllidar_ros2/launch/sllidar_t1_launch.py
[18.336s] -- Up-to-date symlink: /home/kendell/retail_assistant_ws/install/sllidar_ros2/share/sllidar_ros2/launch/view_sllidar_a1_launch.py
[18.351s] -- Up-to-date symlink: /home/kendell/retail_assistant_ws/install/sllidar_ros2/share/sllidar_ros2/launch/view_sllidar_a2m12_launch.py
[18.362s] -- Up-to-date symlink: /home/kendell/retail_assistant_ws/install/sllidar_ros2/share/sllidar_ros2/launch/view_sllidar_a2m7_launch.py
[18.363s] -- Up-to-date symlink: /home/kendell/retail_assistant_ws/install/sllidar_ros2/share/sllidar_ros2/launch/view_sllidar_a2m8_launch.py
[18.364s] -- Up-to-date symlink: /home/kendell/retail_assistant_ws/install/sllidar_ros2/share/sllidar_ros2/launch/view_sllidar_a3_launch.py
[18.378s] -- Up-to-date symlink: /home/kendell/retail_assistant_ws/install/sllidar_ros2/share/sllidar_ros2/launch/view_sllidar_c1_launch.py
[18.386s] -- Up-to-date symlink: /home/kendell/retail_assistant_ws/install/sllidar_ros2/share/sllidar_ros2/launch/view_sllidar_s1_launch.py
[18.395s] -- Up-to-date symlink: /home/kendell/retail_assistant_ws/install/sllidar_ros2/share/sllidar_ros2/launch/view_sllidar_s1_tcp_launch.py
[18.395s] -- Up-to-date symlink: /home/kendell/retail_assistant_ws/install/sllidar_ros2/share/sllidar_ros2/launch/view_sllidar_s2_launch.py
[18.414s] -- Up-to-date symlink: /home/kendell/retail_assistant_ws/install/sllidar_ros2/share/sllidar_ros2/launch/view_sllidar_s2e_launch.py
[18.414s] -- Up-to-date symlink: /home/kendell/retail_assistant_ws/install/sllidar_ros2/share/sllidar_ros2/launch/view_sllidar_s3_launch.py
[18.429s] -- Up-to-date symlink: /home/kendell/retail_assistant_ws/install/sllidar_ros2/share/sllidar_ros2/launch/view_sllidar_t1_launch.py
[18.440s] -- Up-to-date symlink: /home/kendell/retail_assistant_ws/install/sllidar_ros2/share/sllidar_ros2/rviz/sllidar_ros2.rviz
[18.463s] -- Up-to-date symlink: /home/kendell/retail_assistant_ws/install/sllidar_ros2/lib/sllidar_ros2/sllidar_node
[18.483s] -- Up-to-date symlink: /home/kendell/retail_assistant_ws/install/sllidar_ros2/lib/sllidar_ros2/sllidar_client
[18.483s] -- Up-to-date symlink: /home/kendell/retail_assistant_ws/install/sllidar_ros2/share/ament_index/resource_index/package_run_dependencies/sllidar_ros2
[18.512s] -- Up-to-date symlink: /home/kendell/retail_assistant_ws/install/sllidar_ros2/share/ament_index/resource_index/parent_prefix_path/sllidar_ros2
[18.528s] -- Up-to-date symlink: /home/kendell/retail_assistant_ws/install/sllidar_ros2/share/sllidar_ros2/environment/ament_prefix_path.sh
[18.529s] -- Up-to-date symlink: /home/kendell/retail_assistant_ws/install/sllidar_ros2/share/sllidar_ros2/environment/ament_prefix_path.dsv
[18.539s] -- Up-to-date symlink: /home/kendell/retail_assistant_ws/install/sllidar_ros2/share/sllidar_ros2/environment/path.sh
[18.540s] -- Up-to-date symlink: /home/kendell/retail_assistant_ws/install/sllidar_ros2/share/sllidar_ros2/environment/path.dsv
[18.553s] -- Up-to-date symlink: /home/kendell/retail_assistant_ws/install/sllidar_ros2/share/sllidar_ros2/local_setup.bash
[18.558s] -- Up-to-date symlink: /home/kendell/retail_assistant_ws/install/sllidar_ros2/share/sllidar_ros2/local_setup.sh
[18.576s] -- Up-to-date symlink: /home/kendell/retail_assistant_ws/install/sllidar_ros2/share/sllidar_ros2/local_setup.zsh
[18.577s] -- Up-to-date symlink: /home/kendell/retail_assistant_ws/install/sllidar_ros2/share/sllidar_ros2/local_setup.dsv
[18.577s] -- Symlinking: /home/kendell/retail_assistant_ws/install/sllidar_ros2/share/sllidar_ros2/package.dsv
[18.606s] -- Up-to-date symlink: /home/kendell/retail_assistant_ws/install/sllidar_ros2/share/ament_index/resource_index/packages/sllidar_ros2
[18.626s] -- Up-to-date symlink: /home/kendell/retail_assistant_ws/install/sllidar_ros2/share/sllidar_ros2/cmake/ament_cmake_export_dependencies-extras.cmake
[18.627s] -- Up-to-date symlink: /home/kendell/retail_assistant_ws/install/sllidar_ros2/share/sllidar_ros2/cmake/ament_cmake_export_include_directories-extras.cmake
[18.639s] -- Up-to-date symlink: /home/kendell/retail_assistant_ws/install/sllidar_ros2/share/sllidar_ros2/cmake/sllidar_ros2Config.cmake
[18.651s] -- Up-to-date symlink: /home/kendell/retail_assistant_ws/install/sllidar_ros2/share/sllidar_ros2/cmake/sllidar_ros2Config-version.cmake
[18.665s] -- Up-to-date symlink: /home/kendell/retail_assistant_ws/install/sllidar_ros2/share/sllidar_ros2/package.xml
[18.671s] Invoked command in '/home/kendell/retail_assistant_ws/build/sllidar_ros2' returned '0': CMAKE_PREFIX_PATH=${CMAKE_PREFIX_PATH}:/home/kendell/retail_assistant_ws/install/retail_assistant_bringup:/opt/ros/humble /usr/bin/cmake --install /home/kendell/retail_assistant_ws/build/sllidar_ros2
