[0.587s] Invoking command in '/home/kendell/retail_assistant_ws/build/retail_assistant_bringup': DEBUGINFOD_URLS=https://debuginfod.ubuntu.com PYTHONPATH=/home/kendell/retail_assistant_ws/build/retail_assistant_bringup/prefix_override:/usr/lib/python3/dist-packages/colcon_core/task/python/colcon_distutils_commands:/home/kendell/retail_assistant_ws/install/retail_assistant_bringup/lib/python3.12/site-packages:${PYTHONPATH} /usr/bin/python3 -W ignore:setup.py install is deprecated -W ignore:easy_install command is deprecated setup.py develop --uninstall --editable --build-directory /home/kendell/retail_assistant_ws/build/retail_assistant_bringup/build
[0.803s] running develop
[0.930s] Removing /home/kendell/retail_assistant_ws/install/retail_assistant_bringup/lib/python3.12/site-packages/retail-assistant-bringup.egg-link (link to .)
[0.960s] Invoked command in '/home/kendell/retail_assistant_ws/build/retail_assistant_bringup' returned '0': DEBUGINFOD_URLS=https://debuginfod.ubuntu.com PYTHONPATH=/home/kendell/retail_assistant_ws/build/retail_assistant_bringup/prefix_override:/usr/lib/python3/dist-packages/colcon_core/task/python/colcon_distutils_commands:/home/kendell/retail_assistant_ws/install/retail_assistant_bringup/lib/python3.12/site-packages:${PYTHONPATH} /usr/bin/python3 -W ignore:setup.py install is deprecated -W ignore:easy_install command is deprecated setup.py develop --uninstall --editable --build-directory /home/kendell/retail_assistant_ws/build/retail_assistant_bringup/build
[0.962s] Invoking command in '/home/kendell/retail_assistant_ws/src/retail_assistant_bringup': DEBUGINFOD_URLS=https://debuginfod.ubuntu.com PYTHONPATH=/home/kendell/retail_assistant_ws/build/retail_assistant_bringup/prefix_override:/usr/lib/python3/dist-packages/colcon_core/task/python/colcon_distutils_commands:/home/kendell/retail_assistant_ws/install/retail_assistant_bringup/lib/python3.12/site-packages:${PYTHONPATH} /usr/bin/python3 -W ignore:setup.py install is deprecated -W ignore:easy_install command is deprecated setup.py egg_info --egg-base ../../build/retail_assistant_bringup build --build-base /home/kendell/retail_assistant_ws/build/retail_assistant_bringup/build install --record /home/kendell/retail_assistant_ws/build/retail_assistant_bringup/install.log --single-version-externally-managed install_data --force
[1.147s] running egg_info
[1.158s] writing ../../build/retail_assistant_bringup/retail_assistant_bringup.egg-info/PKG-INFO
[1.158s] writing dependency_links to ../../build/retail_assistant_bringup/retail_assistant_bringup.egg-info/dependency_links.txt
[1.158s] writing requirements to ../../build/retail_assistant_bringup/retail_assistant_bringup.egg-info/requires.txt
[1.158s] writing top-level names to ../../build/retail_assistant_bringup/retail_assistant_bringup.egg-info/top_level.txt
[1.181s] reading manifest file '../../build/retail_assistant_bringup/retail_assistant_bringup.egg-info/SOURCES.txt'
[1.181s] writing manifest file '../../build/retail_assistant_bringup/retail_assistant_bringup.egg-info/SOURCES.txt'
[1.181s] running build
[1.181s] running build_py
[1.181s] creating /home/kendell/retail_assistant_ws/build/retail_assistant_bringup/build
[1.181s] creating /home/kendell/retail_assistant_ws/build/retail_assistant_bringup/build/lib
[1.182s] creating /home/kendell/retail_assistant_ws/build/retail_assistant_bringup/build/lib/retail_assistant_bringup
[1.182s] copying retail_assistant_bringup/__init__.py -> /home/kendell/retail_assistant_ws/build/retail_assistant_bringup/build/lib/retail_assistant_bringup
[1.182s] running install
[1.186s] running install_lib
[1.198s] creating /home/kendell/retail_assistant_ws/install/retail_assistant_bringup/lib/python3.12/site-packages/retail_assistant_bringup
[1.198s] copying /home/kendell/retail_assistant_ws/build/retail_assistant_bringup/build/lib/retail_assistant_bringup/__init__.py -> /home/kendell/retail_assistant_ws/install/retail_assistant_bringup/lib/python3.12/site-packages/retail_assistant_bringup
[1.199s] byte-compiling /home/kendell/retail_assistant_ws/install/retail_assistant_bringup/lib/python3.12/site-packages/retail_assistant_bringup/__init__.py to __init__.cpython-312.pyc
[1.199s] running install_data
[1.199s] copying resource/retail_assistant_bringup -> /home/kendell/retail_assistant_ws/install/retail_assistant_bringup/share/ament_index/resource_index/packages
[1.199s] copying package.xml -> /home/kendell/retail_assistant_ws/install/retail_assistant_bringup/share/retail_assistant_bringup
[1.199s] copying launch/rsp.py -> /home/kendell/retail_assistant_ws/install/retail_assistant_bringup/share/retail_assistant_bringup/launch
[1.199s] copying launch/gazebo_sim.launch.py -> /home/kendell/retail_assistant_ws/install/retail_assistant_bringup/share/retail_assistant_bringup/launch
[1.199s] copying launch/slam_launch.py -> /home/kendell/retail_assistant_ws/install/retail_assistant_bringup/share/retail_assistant_bringup/launch
[1.199s] copying description/robot_core.xacro -> /home/kendell/retail_assistant_ws/install/retail_assistant_bringup/share/retail_assistant_bringup/description
[1.199s] copying description/robot.urdf.xacro -> /home/kendell/retail_assistant_ws/install/retail_assistant_bringup/share/retail_assistant_bringup/description
[1.200s] copying description/inertial_macros.xacro -> /home/kendell/retail_assistant_ws/install/retail_assistant_bringup/share/retail_assistant_bringup/description
[1.200s] running install_egg_info
[1.214s] Copying ../../build/retail_assistant_bringup/retail_assistant_bringup.egg-info to /home/kendell/retail_assistant_ws/install/retail_assistant_bringup/lib/python3.12/site-packages/retail_assistant_bringup-0.0.0-py3.12.egg-info
[1.214s] running install_scripts
[1.297s] writing list of installed files to '/home/kendell/retail_assistant_ws/build/retail_assistant_bringup/install.log'
[1.324s] Invoked command in '/home/kendell/retail_assistant_ws/src/retail_assistant_bringup' returned '0': DEBUGINFOD_URLS=https://debuginfod.ubuntu.com PYTHONPATH=/home/kendell/retail_assistant_ws/build/retail_assistant_bringup/prefix_override:/usr/lib/python3/dist-packages/colcon_core/task/python/colcon_distutils_commands:/home/kendell/retail_assistant_ws/install/retail_assistant_bringup/lib/python3.12/site-packages:${PYTHONPATH} /usr/bin/python3 -W ignore:setup.py install is deprecated -W ignore:easy_install command is deprecated setup.py egg_info --egg-base ../../build/retail_assistant_bringup build --build-base /home/kendell/retail_assistant_ws/build/retail_assistant_bringup/build install --record /home/kendell/retail_assistant_ws/build/retail_assistant_bringup/install.log --single-version-externally-managed install_data --force
