[0.780s] Invoking command in '/home/kendell/retail_assistant_ws/src/retail_assistant_bringup': PYTHONPATH=/home/kendell/retail_assistant_ws/build/retail_assistant_bringup/prefix_override:/usr/lib/python3/dist-packages/colcon_core/task/python/colcon_distutils_commands:/home/kendell/retail_assistant_ws/install/retail_assistant_bringup/lib/python3.10/site-packages:${PYTHONPATH} /usr/bin/python3 -W ignore:setup.py install is deprecated -W ignore:easy_install command is deprecated setup.py egg_info --egg-base ../../build/retail_assistant_bringup build --build-base /home/kendell/retail_assistant_ws/build/retail_assistant_bringup/build install --record /home/kendell/retail_assistant_ws/build/retail_assistant_bringup/install.log --single-version-externally-managed install_data
[1.056s] running egg_info
[1.057s] writing ../../build/retail_assistant_bringup/retail_assistant_bringup.egg-info/PKG-INFO
[1.618s] writing dependency_links to ../../build/retail_assistant_bringup/retail_assistant_bringup.egg-info/dependency_links.txt
[1.620s] writing entry points to ../../build/retail_assistant_bringup/retail_assistant_bringup.egg-info/entry_points.txt
[1.621s] writing requirements to ../../build/retail_assistant_bringup/retail_assistant_bringup.egg-info/requires.txt
[1.621s] writing top-level names to ../../build/retail_assistant_bringup/retail_assistant_bringup.egg-info/top_level.txt
[1.625s] reading manifest file '../../build/retail_assistant_bringup/retail_assistant_bringup.egg-info/SOURCES.txt'
[1.628s] writing manifest file '../../build/retail_assistant_bringup/retail_assistant_bringup.egg-info/SOURCES.txt'
[1.629s] running build
[1.629s] running build_py
[1.630s] running install
[1.630s] running install_lib
[1.633s] running install_data
[1.633s] copying description/proximity.xacro -> /home/kendell/retail_assistant_ws/install/retail_assistant_bringup/share/retail_assistant_bringup/description
[1.635s] running install_egg_info
[1.641s] removing '/home/kendell/retail_assistant_ws/install/retail_assistant_bringup/lib/python3.10/site-packages/retail_assistant_bringup-0.0.0-py3.10.egg-info' (and everything under it)
[1.642s] Copying ../../build/retail_assistant_bringup/retail_assistant_bringup.egg-info to /home/kendell/retail_assistant_ws/install/retail_assistant_bringup/lib/python3.10/site-packages/retail_assistant_bringup-0.0.0-py3.10.egg-info
[1.644s] running install_scripts
[1.675s] Installing auto_drive script to /home/kendell/retail_assistant_ws/install/retail_assistant_bringup/lib/retail_assistant_bringup
[1.675s] writing list of installed files to '/home/kendell/retail_assistant_ws/build/retail_assistant_bringup/install.log'
[1.707s] Invoked command in '/home/kendell/retail_assistant_ws/src/retail_assistant_bringup' returned '0': PYTHONPATH=/home/kendell/retail_assistant_ws/build/retail_assistant_bringup/prefix_override:/usr/lib/python3/dist-packages/colcon_core/task/python/colcon_distutils_commands:/home/kendell/retail_assistant_ws/install/retail_assistant_bringup/lib/python3.10/site-packages:${PYTHONPATH} /usr/bin/python3 -W ignore:setup.py install is deprecated -W ignore:easy_install command is deprecated setup.py egg_info --egg-base ../../build/retail_assistant_bringup build --build-base /home/kendell/retail_assistant_ws/build/retail_assistant_bringup/build install --record /home/kendell/retail_assistant_ws/build/retail_assistant_bringup/install.log --single-version-externally-managed install_data
