running egg_info
creating ../../build/retail_assistant_bringup/retail_assistant_bringup.egg-info
writing ../../build/retail_assistant_bringup/retail_assistant_bringup.egg-info/PKG-INFO
writing dependency_links to ../../build/retail_assistant_bringup/retail_assistant_bringup.egg-info/dependency_links.txt
writing entry points to ../../build/retail_assistant_bringup/retail_assistant_bringup.egg-info/entry_points.txt
writing requirements to ../../build/retail_assistant_bringup/retail_assistant_bringup.egg-info/requires.txt
writing top-level names to ../../build/retail_assistant_bringup/retail_assistant_bringup.egg-info/top_level.txt
writing manifest file '../../build/retail_assistant_bringup/retail_assistant_bringup.egg-info/SOURCES.txt'
reading manifest file '../../build/retail_assistant_bringup/retail_assistant_bringup.egg-info/SOURCES.txt'
writing manifest file '../../build/retail_assistant_bringup/retail_assistant_bringup.egg-info/SOURCES.txt'
running build
running build_py
creating /home/retail-assistant/SLAM/build/retail_assistant_bringup/build
creating /home/retail-assistant/SLAM/build/retail_assistant_bringup/build/lib
creating /home/retail-assistant/SLAM/build/retail_assistant_bringup/build/lib/retail_assistant_bringup
copying retail_assistant_bringup/navigation.py -> /home/retail-assistant/SLAM/build/retail_assistant_bringup/build/lib/retail_assistant_bringup
copying retail_assistant_bringup/MCU_to_Pi.py -> /home/retail-assistant/SLAM/build/retail_assistant_bringup/build/lib/retail_assistant_bringup
copying retail_assistant_bringup/__init__.py -> /home/retail-assistant/SLAM/build/retail_assistant_bringup/build/lib/retail_assistant_bringup
copying retail_assistant_bringup/ultrasonic.py -> /home/retail-assistant/SLAM/build/retail_assistant_bringup/build/lib/retail_assistant_bringup
copying retail_assistant_bringup/test.py -> /home/retail-assistant/SLAM/build/retail_assistant_bringup/build/lib/retail_assistant_bringup
copying retail_assistant_bringup/auto_drive.py -> /home/retail-assistant/SLAM/build/retail_assistant_bringup/build/lib/retail_assistant_bringup
copying retail_assistant_bringup/roboclaw.py -> /home/retail-assistant/SLAM/build/retail_assistant_bringup/build/lib/retail_assistant_bringup
copying retail_assistant_bringup/Pi_to_MCU.py -> /home/retail-assistant/SLAM/build/retail_assistant_bringup/build/lib/retail_assistant_bringup
copying retail_assistant_bringup/stm32_communication.py -> /home/retail-assistant/SLAM/build/retail_assistant_bringup/build/lib/retail_assistant_bringup
running install
running install_lib
creating /home/retail-assistant/SLAM/install/retail_assistant_bringup/lib/python3.10/site-packages/retail_assistant_bringup
copying /home/retail-assistant/SLAM/build/retail_assistant_bringup/build/lib/retail_assistant_bringup/navigation.py -> /home/retail-assistant/SLAM/install/retail_assistant_bringup/lib/python3.10/site-packages/retail_assistant_bringup
copying /home/retail-assistant/SLAM/build/retail_assistant_bringup/build/lib/retail_assistant_bringup/MCU_to_Pi.py -> /home/retail-assistant/SLAM/install/retail_assistant_bringup/lib/python3.10/site-packages/retail_assistant_bringup
copying /home/retail-assistant/SLAM/build/retail_assistant_bringup/build/lib/retail_assistant_bringup/__init__.py -> /home/retail-assistant/SLAM/install/retail_assistant_bringup/lib/python3.10/site-packages/retail_assistant_bringup
copying /home/retail-assistant/SLAM/build/retail_assistant_bringup/build/lib/retail_assistant_bringup/ultrasonic.py -> /home/retail-assistant/SLAM/install/retail_assistant_bringup/lib/python3.10/site-packages/retail_assistant_bringup
copying /home/retail-assistant/SLAM/build/retail_assistant_bringup/build/lib/retail_assistant_bringup/test.py -> /home/retail-assistant/SLAM/install/retail_assistant_bringup/lib/python3.10/site-packages/retail_assistant_bringup
copying /home/retail-assistant/SLAM/build/retail_assistant_bringup/build/lib/retail_assistant_bringup/auto_drive.py -> /home/retail-assistant/SLAM/install/retail_assistant_bringup/lib/python3.10/site-packages/retail_assistant_bringup
copying /home/retail-assistant/SLAM/build/retail_assistant_bringup/build/lib/retail_assistant_bringup/roboclaw.py -> /home/retail-assistant/SLAM/install/retail_assistant_bringup/lib/python3.10/site-packages/retail_assistant_bringup
copying /home/retail-assistant/SLAM/build/retail_assistant_bringup/build/lib/retail_assistant_bringup/Pi_to_MCU.py -> /home/retail-assistant/SLAM/install/retail_assistant_bringup/lib/python3.10/site-packages/retail_assistant_bringup
copying /home/retail-assistant/SLAM/build/retail_assistant_bringup/build/lib/retail_assistant_bringup/stm32_communication.py -> /home/retail-assistant/SLAM/install/retail_assistant_bringup/lib/python3.10/site-packages/retail_assistant_bringup
byte-compiling /home/retail-assistant/SLAM/install/retail_assistant_bringup/lib/python3.10/site-packages/retail_assistant_bringup/navigation.py to navigation.cpython-310.pyc
byte-compiling /home/retail-assistant/SLAM/install/retail_assistant_bringup/lib/python3.10/site-packages/retail_assistant_bringup/MCU_to_Pi.py to MCU_to_Pi.cpython-310.pyc
byte-compiling /home/retail-assistant/SLAM/install/retail_assistant_bringup/lib/python3.10/site-packages/retail_assistant_bringup/__init__.py to __init__.cpython-310.pyc
byte-compiling /home/retail-assistant/SLAM/install/retail_assistant_bringup/lib/python3.10/site-packages/retail_assistant_bringup/ultrasonic.py to ultrasonic.cpython-310.pyc
byte-compiling /home/retail-assistant/SLAM/install/retail_assistant_bringup/lib/python3.10/site-packages/retail_assistant_bringup/test.py to test.cpython-310.pyc
byte-compiling /home/retail-assistant/SLAM/install/retail_assistant_bringup/lib/python3.10/site-packages/retail_assistant_bringup/auto_drive.py to auto_drive.cpython-310.pyc
byte-compiling /home/retail-assistant/SLAM/install/retail_assistant_bringup/lib/python3.10/site-packages/retail_assistant_bringup/roboclaw.py to roboclaw.cpython-310.pyc
byte-compiling /home/retail-assistant/SLAM/install/retail_assistant_bringup/lib/python3.10/site-packages/retail_assistant_bringup/Pi_to_MCU.py to Pi_to_MCU.cpython-310.pyc
byte-compiling /home/retail-assistant/SLAM/install/retail_assistant_bringup/lib/python3.10/site-packages/retail_assistant_bringup/stm32_communication.py to stm32_communication.cpython-310.pyc
running install_data
creating /home/retail-assistant/SLAM/install/retail_assistant_bringup/share/ament_index
creating /home/retail-assistant/SLAM/install/retail_assistant_bringup/share/ament_index/resource_index
creating /home/retail-assistant/SLAM/install/retail_assistant_bringup/share/ament_index/resource_index/packages
copying resource/retail_assistant_bringup -> /home/retail-assistant/SLAM/install/retail_assistant_bringup/share/ament_index/resource_index/packages
copying package.xml -> /home/retail-assistant/SLAM/install/retail_assistant_bringup/share/retail_assistant_bringup
creating /home/retail-assistant/SLAM/install/retail_assistant_bringup/share/retail_assistant_bringup/launch
copying launch/gazebo_sim.launch.py -> /home/retail-assistant/SLAM/install/retail_assistant_bringup/share/retail_assistant_bringup/launch
copying launch/gazebo_sim_auto_mapping.launch.py -> /home/retail-assistant/SLAM/install/retail_assistant_bringup/share/retail_assistant_bringup/launch
copying launch/gazebo_sim_local.launch.py -> /home/retail-assistant/SLAM/install/retail_assistant_bringup/share/retail_assistant_bringup/launch
copying launch/slam_world.launch.py -> /home/retail-assistant/SLAM/install/retail_assistant_bringup/share/retail_assistant_bringup/launch
copying launch/navigation_world.launch.py -> /home/retail-assistant/SLAM/install/retail_assistant_bringup/share/retail_assistant_bringup/launch
copying launch/gazebo_sim_slam.launch.py -> /home/retail-assistant/SLAM/install/retail_assistant_bringup/share/retail_assistant_bringup/launch
copying launch/rsp.py -> /home/retail-assistant/SLAM/install/retail_assistant_bringup/share/retail_assistant_bringup/launch
creating /home/retail-assistant/SLAM/install/retail_assistant_bringup/share/retail_assistant_bringup/description
copying description/example.xacro -> /home/retail-assistant/SLAM/install/retail_assistant_bringup/share/retail_assistant_bringup/description
copying description/notes -> /home/retail-assistant/SLAM/install/retail_assistant_bringup/share/retail_assistant_bringup/description
copying description/imu.xacro -> /home/retail-assistant/SLAM/install/retail_assistant_bringup/share/retail_assistant_bringup/description
copying description/robot_core_treads.xacro -> /home/retail-assistant/SLAM/install/retail_assistant_bringup/share/retail_assistant_bringup/description
copying description/inertial_macros.xacro -> /home/retail-assistant/SLAM/install/retail_assistant_bringup/share/retail_assistant_bringup/description
copying description/gazebo_control.xacro -> /home/retail-assistant/SLAM/install/retail_assistant_bringup/share/retail_assistant_bringup/description
copying description/lidar.xacro -> /home/retail-assistant/SLAM/install/retail_assistant_bringup/share/retail_assistant_bringup/description
copying description/gazebo_control_tracked.xacro -> /home/retail-assistant/SLAM/install/retail_assistant_bringup/share/retail_assistant_bringup/description
copying description/fake_person_robot.xacro -> /home/retail-assistant/SLAM/install/retail_assistant_bringup/share/retail_assistant_bringup/description
copying description/robot.urdf.xacro -> /home/retail-assistant/SLAM/install/retail_assistant_bringup/share/retail_assistant_bringup/description
copying description/proximity.xacro -> /home/retail-assistant/SLAM/install/retail_assistant_bringup/share/retail_assistant_bringup/description
copying description/robot_core.xacro -> /home/retail-assistant/SLAM/install/retail_assistant_bringup/share/retail_assistant_bringup/description
creating /home/retail-assistant/SLAM/install/retail_assistant_bringup/share/retail_assistant_bringup/worlds
copying worlds/fake_store_layout.world -> /home/retail-assistant/SLAM/install/retail_assistant_bringup/share/retail_assistant_bringup/worlds
copying worlds/demo_store.world -> /home/retail-assistant/SLAM/install/retail_assistant_bringup/share/retail_assistant_bringup/worlds
creating /home/retail-assistant/SLAM/install/retail_assistant_bringup/share/retail_assistant_bringup/config
copying config/ekf.yaml -> /home/retail-assistant/SLAM/install/retail_assistant_bringup/share/retail_assistant_bringup/config
copying config/nav2_params.yaml -> /home/retail-assistant/SLAM/install/retail_assistant_bringup/share/retail_assistant_bringup/config
copying config/test_slam.rviz -> /home/retail-assistant/SLAM/install/retail_assistant_bringup/share/retail_assistant_bringup/config
copying config/nav2_params_slam.yaml -> /home/retail-assistant/SLAM/install/retail_assistant_bringup/share/retail_assistant_bringup/config
copying config/mapper_params_online_async_local.yaml -> /home/retail-assistant/SLAM/install/retail_assistant_bringup/share/retail_assistant_bringup/config
copying config/mapper_params_online_async.yaml -> /home/retail-assistant/SLAM/install/retail_assistant_bringup/share/retail_assistant_bringup/config
creating /home/retail-assistant/SLAM/install/retail_assistant_bringup/share/retail_assistant_bringup/rviz
running install_egg_info
Copying ../../build/retail_assistant_bringup/retail_assistant_bringup.egg-info to /home/retail-assistant/SLAM/install/retail_assistant_bringup/lib/python3.10/site-packages/retail_assistant_bringup-0.0.0-py3.10.egg-info
running install_scripts
Installing auto_drive script to /home/retail-assistant/SLAM/install/retail_assistant_bringup/lib/retail_assistant_bringup
Installing mcu_to_pi script to /home/retail-assistant/SLAM/install/retail_assistant_bringup/lib/retail_assistant_bringup
Installing navigation script to /home/retail-assistant/SLAM/install/retail_assistant_bringup/lib/retail_assistant_bringup
Installing roboclaw script to /home/retail-assistant/SLAM/install/retail_assistant_bringup/lib/retail_assistant_bringup
Installing stm32 script to /home/retail-assistant/SLAM/install/retail_assistant_bringup/lib/retail_assistant_bringup
Installing ultrasonic script to /home/retail-assistant/SLAM/install/retail_assistant_bringup/lib/retail_assistant_bringup
writing list of installed files to '/home/retail-assistant/SLAM/build/retail_assistant_bringup/install.log'
