[3.400s] Invoking command in '/home/retail-assistant/SLAM/src/retail_assistant_bringup': PYTHONPATH=/home/retail-assistant/SLAM/build/retail_assistant_bringup/prefix_override:/usr/lib/python3/dist-packages/colcon_core/task/python/colcon_distutils_commands:/home/retail-assistant/SLAM/install/retail_assistant_bringup/lib/python3.10/site-packages:${PYTHONPATH} /usr/bin/python3 -W ignore:setup.py install is deprecated -W ignore:easy_install command is deprecated setup.py egg_info --egg-base ../../build/retail_assistant_bringup build --build-base /home/retail-assistant/SLAM/build/retail_assistant_bringup/build install --record /home/retail-assistant/SLAM/build/retail_assistant_bringup/install.log --single-version-externally-managed install_data
[4.840s] running egg_info
[4.843s] creating ../../build/retail_assistant_bringup/retail_assistant_bringup.egg-info
[4.844s] writing ../../build/retail_assistant_bringup/retail_assistant_bringup.egg-info/PKG-INFO
[4.846s] writing dependency_links to ../../build/retail_assistant_bringup/retail_assistant_bringup.egg-info/dependency_links.txt
[4.847s] writing entry points to ../../build/retail_assistant_bringup/retail_assistant_bringup.egg-info/entry_points.txt
[4.849s] writing requirements to ../../build/retail_assistant_bringup/retail_assistant_bringup.egg-info/requires.txt
[4.850s] writing top-level names to ../../build/retail_assistant_bringup/retail_assistant_bringup.egg-info/top_level.txt
[4.851s] writing manifest file '../../build/retail_assistant_bringup/retail_assistant_bringup.egg-info/SOURCES.txt'
[4.860s] reading manifest file '../../build/retail_assistant_bringup/retail_assistant_bringup.egg-info/SOURCES.txt'
[4.865s] writing manifest file '../../build/retail_assistant_bringup/retail_assistant_bringup.egg-info/SOURCES.txt'
[4.866s] running build
[4.867s] running build_py
[4.868s] creating /home/retail-assistant/SLAM/build/retail_assistant_bringup/build
[4.869s] creating /home/retail-assistant/SLAM/build/retail_assistant_bringup/build/lib
[4.870s] creating /home/retail-assistant/SLAM/build/retail_assistant_bringup/build/lib/retail_assistant_bringup
[4.871s] copying retail_assistant_bringup/navigation.py -> /home/retail-assistant/SLAM/build/retail_assistant_bringup/build/lib/retail_assistant_bringup
[4.872s] copying retail_assistant_bringup/MCU_to_Pi.py -> /home/retail-assistant/SLAM/build/retail_assistant_bringup/build/lib/retail_assistant_bringup
[4.873s] copying retail_assistant_bringup/__init__.py -> /home/retail-assistant/SLAM/build/retail_assistant_bringup/build/lib/retail_assistant_bringup
[4.874s] copying retail_assistant_bringup/ultrasonic.py -> /home/retail-assistant/SLAM/build/retail_assistant_bringup/build/lib/retail_assistant_bringup
[4.874s] copying retail_assistant_bringup/test.py -> /home/retail-assistant/SLAM/build/retail_assistant_bringup/build/lib/retail_assistant_bringup
[4.875s] copying retail_assistant_bringup/auto_drive.py -> /home/retail-assistant/SLAM/build/retail_assistant_bringup/build/lib/retail_assistant_bringup
[4.876s] copying retail_assistant_bringup/roboclaw.py -> /home/retail-assistant/SLAM/build/retail_assistant_bringup/build/lib/retail_assistant_bringup
[4.877s] copying retail_assistant_bringup/Pi_to_MCU.py -> /home/retail-assistant/SLAM/build/retail_assistant_bringup/build/lib/retail_assistant_bringup
[4.878s] copying retail_assistant_bringup/stm32_communication.py -> /home/retail-assistant/SLAM/build/retail_assistant_bringup/build/lib/retail_assistant_bringup
[4.880s] running install
[4.882s] running install_lib
[4.886s] creating /home/retail-assistant/SLAM/install/retail_assistant_bringup/lib/python3.10/site-packages/retail_assistant_bringup
[4.886s] copying /home/retail-assistant/SLAM/build/retail_assistant_bringup/build/lib/retail_assistant_bringup/navigation.py -> /home/retail-assistant/SLAM/install/retail_assistant_bringup/lib/python3.10/site-packages/retail_assistant_bringup
[4.888s] copying /home/retail-assistant/SLAM/build/retail_assistant_bringup/build/lib/retail_assistant_bringup/MCU_to_Pi.py -> /home/retail-assistant/SLAM/install/retail_assistant_bringup/lib/python3.10/site-packages/retail_assistant_bringup
[4.890s] copying /home/retail-assistant/SLAM/build/retail_assistant_bringup/build/lib/retail_assistant_bringup/__init__.py -> /home/retail-assistant/SLAM/install/retail_assistant_bringup/lib/python3.10/site-packages/retail_assistant_bringup
[4.891s] copying /home/retail-assistant/SLAM/build/retail_assistant_bringup/build/lib/retail_assistant_bringup/ultrasonic.py -> /home/retail-assistant/SLAM/install/retail_assistant_bringup/lib/python3.10/site-packages/retail_assistant_bringup
[4.892s] copying /home/retail-assistant/SLAM/build/retail_assistant_bringup/build/lib/retail_assistant_bringup/test.py -> /home/retail-assistant/SLAM/install/retail_assistant_bringup/lib/python3.10/site-packages/retail_assistant_bringup
[4.894s] copying /home/retail-assistant/SLAM/build/retail_assistant_bringup/build/lib/retail_assistant_bringup/auto_drive.py -> /home/retail-assistant/SLAM/install/retail_assistant_bringup/lib/python3.10/site-packages/retail_assistant_bringup
[4.895s] copying /home/retail-assistant/SLAM/build/retail_assistant_bringup/build/lib/retail_assistant_bringup/roboclaw.py -> /home/retail-assistant/SLAM/install/retail_assistant_bringup/lib/python3.10/site-packages/retail_assistant_bringup
[4.896s] copying /home/retail-assistant/SLAM/build/retail_assistant_bringup/build/lib/retail_assistant_bringup/Pi_to_MCU.py -> /home/retail-assistant/SLAM/install/retail_assistant_bringup/lib/python3.10/site-packages/retail_assistant_bringup
[4.897s] copying /home/retail-assistant/SLAM/build/retail_assistant_bringup/build/lib/retail_assistant_bringup/stm32_communication.py -> /home/retail-assistant/SLAM/install/retail_assistant_bringup/lib/python3.10/site-packages/retail_assistant_bringup
[4.900s] byte-compiling /home/retail-assistant/SLAM/install/retail_assistant_bringup/lib/python3.10/site-packages/retail_assistant_bringup/navigation.py to navigation.cpython-310.pyc
[4.910s] byte-compiling /home/retail-assistant/SLAM/install/retail_assistant_bringup/lib/python3.10/site-packages/retail_assistant_bringup/MCU_to_Pi.py to MCU_to_Pi.cpython-310.pyc
[4.916s] byte-compiling /home/retail-assistant/SLAM/install/retail_assistant_bringup/lib/python3.10/site-packages/retail_assistant_bringup/__init__.py to __init__.cpython-310.pyc
[4.918s] byte-compiling /home/retail-assistant/SLAM/install/retail_assistant_bringup/lib/python3.10/site-packages/retail_assistant_bringup/ultrasonic.py to ultrasonic.cpython-310.pyc
[4.922s] byte-compiling /home/retail-assistant/SLAM/install/retail_assistant_bringup/lib/python3.10/site-packages/retail_assistant_bringup/test.py to test.cpython-310.pyc
[4.926s] byte-compiling /home/retail-assistant/SLAM/install/retail_assistant_bringup/lib/python3.10/site-packages/retail_assistant_bringup/auto_drive.py to auto_drive.cpython-310.pyc
[4.937s] byte-compiling /home/retail-assistant/SLAM/install/retail_assistant_bringup/lib/python3.10/site-packages/retail_assistant_bringup/roboclaw.py to roboclaw.cpython-310.pyc
[4.945s] byte-compiling /home/retail-assistant/SLAM/install/retail_assistant_bringup/lib/python3.10/site-packages/retail_assistant_bringup/Pi_to_MCU.py to Pi_to_MCU.cpython-310.pyc
[4.952s] byte-compiling /home/retail-assistant/SLAM/install/retail_assistant_bringup/lib/python3.10/site-packages/retail_assistant_bringup/stm32_communication.py to stm32_communication.cpython-310.pyc
[4.954s] running install_data
[4.955s] creating /home/retail-assistant/SLAM/install/retail_assistant_bringup/share/ament_index
[4.956s] creating /home/retail-assistant/SLAM/install/retail_assistant_bringup/share/ament_index/resource_index
[4.957s] creating /home/retail-assistant/SLAM/install/retail_assistant_bringup/share/ament_index/resource_index/packages
[4.958s] copying resource/retail_assistant_bringup -> /home/retail-assistant/SLAM/install/retail_assistant_bringup/share/ament_index/resource_index/packages
[4.959s] copying package.xml -> /home/retail-assistant/SLAM/install/retail_assistant_bringup/share/retail_assistant_bringup
[4.960s] creating /home/retail-assistant/SLAM/install/retail_assistant_bringup/share/retail_assistant_bringup/launch
[4.961s] copying launch/gazebo_sim.launch.py -> /home/retail-assistant/SLAM/install/retail_assistant_bringup/share/retail_assistant_bringup/launch
[4.961s] copying launch/gazebo_sim_auto_mapping.launch.py -> /home/retail-assistant/SLAM/install/retail_assistant_bringup/share/retail_assistant_bringup/launch
[4.962s] copying launch/gazebo_sim_local.launch.py -> /home/retail-assistant/SLAM/install/retail_assistant_bringup/share/retail_assistant_bringup/launch
[4.963s] copying launch/slam_world.launch.py -> /home/retail-assistant/SLAM/install/retail_assistant_bringup/share/retail_assistant_bringup/launch
[4.964s] copying launch/navigation_world.launch.py -> /home/retail-assistant/SLAM/install/retail_assistant_bringup/share/retail_assistant_bringup/launch
[4.965s] copying launch/gazebo_sim_slam.launch.py -> /home/retail-assistant/SLAM/install/retail_assistant_bringup/share/retail_assistant_bringup/launch
[4.966s] copying launch/rsp.py -> /home/retail-assistant/SLAM/install/retail_assistant_bringup/share/retail_assistant_bringup/launch
[4.967s] creating /home/retail-assistant/SLAM/install/retail_assistant_bringup/share/retail_assistant_bringup/description
[4.968s] copying description/example.xacro -> /home/retail-assistant/SLAM/install/retail_assistant_bringup/share/retail_assistant_bringup/description
[4.969s] copying description/notes -> /home/retail-assistant/SLAM/install/retail_assistant_bringup/share/retail_assistant_bringup/description
[4.971s] copying description/imu.xacro -> /home/retail-assistant/SLAM/install/retail_assistant_bringup/share/retail_assistant_bringup/description
[4.972s] copying description/robot_core_treads.xacro -> /home/retail-assistant/SLAM/install/retail_assistant_bringup/share/retail_assistant_bringup/description
[4.973s] copying description/inertial_macros.xacro -> /home/retail-assistant/SLAM/install/retail_assistant_bringup/share/retail_assistant_bringup/description
[4.974s] copying description/gazebo_control.xacro -> /home/retail-assistant/SLAM/install/retail_assistant_bringup/share/retail_assistant_bringup/description
[4.975s] copying description/lidar.xacro -> /home/retail-assistant/SLAM/install/retail_assistant_bringup/share/retail_assistant_bringup/description
[4.976s] copying description/gazebo_control_tracked.xacro -> /home/retail-assistant/SLAM/install/retail_assistant_bringup/share/retail_assistant_bringup/description
[4.977s] copying description/fake_person_robot.xacro -> /home/retail-assistant/SLAM/install/retail_assistant_bringup/share/retail_assistant_bringup/description
[4.978s] copying description/robot.urdf.xacro -> /home/retail-assistant/SLAM/install/retail_assistant_bringup/share/retail_assistant_bringup/description
[4.979s] copying description/proximity.xacro -> /home/retail-assistant/SLAM/install/retail_assistant_bringup/share/retail_assistant_bringup/description
[4.980s] copying description/robot_core.xacro -> /home/retail-assistant/SLAM/install/retail_assistant_bringup/share/retail_assistant_bringup/description
[4.983s] creating /home/retail-assistant/SLAM/install/retail_assistant_bringup/share/retail_assistant_bringup/worlds
[4.984s] copying worlds/fake_store_layout.world -> /home/retail-assistant/SLAM/install/retail_assistant_bringup/share/retail_assistant_bringup/worlds
[4.984s] copying worlds/demo_store.world -> /home/retail-assistant/SLAM/install/retail_assistant_bringup/share/retail_assistant_bringup/worlds
[4.986s] creating /home/retail-assistant/SLAM/install/retail_assistant_bringup/share/retail_assistant_bringup/config
[4.987s] copying config/ekf.yaml -> /home/retail-assistant/SLAM/install/retail_assistant_bringup/share/retail_assistant_bringup/config
[4.988s] copying config/nav2_params.yaml -> /home/retail-assistant/SLAM/install/retail_assistant_bringup/share/retail_assistant_bringup/config
[4.989s] copying config/test_slam.rviz -> /home/retail-assistant/SLAM/install/retail_assistant_bringup/share/retail_assistant_bringup/config
[4.990s] copying config/nav2_params_slam.yaml -> /home/retail-assistant/SLAM/install/retail_assistant_bringup/share/retail_assistant_bringup/config
[4.991s] copying config/mapper_params_online_async_local.yaml -> /home/retail-assistant/SLAM/install/retail_assistant_bringup/share/retail_assistant_bringup/config
[4.992s] copying config/mapper_params_online_async.yaml -> /home/retail-assistant/SLAM/install/retail_assistant_bringup/share/retail_assistant_bringup/config
[4.994s] creating /home/retail-assistant/SLAM/install/retail_assistant_bringup/share/retail_assistant_bringup/rviz
[4.995s] running install_egg_info
[5.005s] Copying ../../build/retail_assistant_bringup/retail_assistant_bringup.egg-info to /home/retail-assistant/SLAM/install/retail_assistant_bringup/lib/python3.10/site-packages/retail_assistant_bringup-0.0.0-py3.10.egg-info
[5.018s] running install_scripts
[5.123s] Installing auto_drive script to /home/retail-assistant/SLAM/install/retail_assistant_bringup/lib/retail_assistant_bringup
[5.124s] Installing mcu_to_pi script to /home/retail-assistant/SLAM/install/retail_assistant_bringup/lib/retail_assistant_bringup
[5.126s] Installing navigation script to /home/retail-assistant/SLAM/install/retail_assistant_bringup/lib/retail_assistant_bringup
[5.127s] Installing roboclaw script to /home/retail-assistant/SLAM/install/retail_assistant_bringup/lib/retail_assistant_bringup
[5.128s] Installing stm32 script to /home/retail-assistant/SLAM/install/retail_assistant_bringup/lib/retail_assistant_bringup
[5.129s] Installing ultrasonic script to /home/retail-assistant/SLAM/install/retail_assistant_bringup/lib/retail_assistant_bringup
[5.131s] writing list of installed files to '/home/retail-assistant/SLAM/build/retail_assistant_bringup/install.log'
[5.304s] Invoked command in '/home/retail-assistant/SLAM/src/retail_assistant_bringup' returned '0': PYTHONPATH=/home/retail-assistant/SLAM/build/retail_assistant_bringup/prefix_override:/usr/lib/python3/dist-packages/colcon_core/task/python/colcon_distutils_commands:/home/retail-assistant/SLAM/install/retail_assistant_bringup/lib/python3.10/site-packages:${PYTHONPATH} /usr/bin/python3 -W ignore:setup.py install is deprecated -W ignore:easy_install command is deprecated setup.py egg_info --egg-base ../../build/retail_assistant_bringup build --build-base /home/retail-assistant/SLAM/build/retail_assistant_bringup/build install --record /home/retail-assistant/SLAM/build/retail_assistant_bringup/install.log --single-version-externally-managed install_data
