[14.582s] DEBUG:colcon:Command line arguments: ['/usr/bin/colcon', 'build']
[14.582s] DEBUG:colcon:Parsed command line arguments: Namespace(log_base=None, log_level=None, verb_name='build', build_base='build', install_base='install', merge_install=False, symlink_install=False, test_result_base=None, continue_on_error=False, executor='parallel', parallel_workers=12, event_handlers=None, ignore_user_meta=False, metas=['./colcon.meta'], base_paths=['.'], packages_ignore=None, packages_ignore_regex=None, paths=None, packages_up_to=None, packages_up_to_regex=None, packages_above=None, packages_above_and_dependencies=None, packages_above_depth=None, packages_select_by_dep=None, packages_skip_by_dep=None, packages_skip_up_to=None, packages_select_build_failed=False, packages_skip_build_finished=False, packages_select_test_failures=False, packages_skip_test_passed=False, packages_select=None, packages_skip=None, packages_select_regex=None, packages_skip_regex=None, packages_start=None, packages_end=None, allow_overriding=[], cmake_args=None, cmake_target=None, cmake_target_skip_unavailable=False, cmake_clean_cache=False, cmake_clean_first=False, cmake_force_configure=False, ament_cmake_args=None, catkin_cmake_args=None, catkin_skip_building_tests=False, mixin_files=None, mixin=None, verb_parser=<colcon_mixin.mixin.mixin_argument.MixinArgumentDecorator object at 0x70f7879158a0>, verb_extension=<colcon_core.verb.build.BuildVerb object at 0x70f787a66800>, main=<bound method BuildVerb.main of <colcon_core.verb.build.BuildVerb object at 0x70f787a66800>>, mixin_verb=('build',))
[19.792s] Level 1:colcon.colcon_core.package_discovery:discover_packages(colcon_meta) check parameters
[19.792s] Level 1:colcon.colcon_core.package_discovery:discover_packages(recursive) check parameters
[19.792s] Level 1:colcon.colcon_core.package_discovery:discover_packages(ignore) check parameters
[19.792s] Level 1:colcon.colcon_core.package_discovery:discover_packages(path) check parameters
[19.792s] Level 1:colcon.colcon_core.package_discovery:discover_packages(colcon_meta) discover
[19.792s] Level 1:colcon.colcon_core.package_discovery:discover_packages(recursive) discover
[19.793s] INFO:colcon.colcon_core.package_discovery:Crawling recursively for packages in '/home/kendell/retail_assistant_ws'
[19.793s] Level 1:colcon.colcon_core.package_identification:_identify(.) by extensions ['ignore', 'ignore_ament_install']
[19.793s] Level 1:colcon.colcon_core.package_identification:_identify(.) by extension 'ignore'
[19.793s] Level 1:colcon.colcon_core.package_identification:_identify(.) by extension 'ignore_ament_install'
[19.793s] Level 1:colcon.colcon_core.package_identification:_identify(.) by extensions ['colcon_pkg']
[19.793s] Level 1:colcon.colcon_core.package_identification:_identify(.) by extension 'colcon_pkg'
[19.793s] Level 1:colcon.colcon_core.package_identification:_identify(.) by extensions ['colcon_meta']
[19.793s] Level 1:colcon.colcon_core.package_identification:_identify(.) by extension 'colcon_meta'
[19.793s] Level 1:colcon.colcon_core.package_identification:_identify(.) by extensions ['ros']
[19.793s] Level 1:colcon.colcon_core.package_identification:_identify(.) by extension 'ros'
[19.851s] Level 1:colcon.colcon_core.package_identification:_identify(.) by extensions ['cmake', 'python']
[19.851s] Level 1:colcon.colcon_core.package_identification:_identify(.) by extension 'cmake'
[19.851s] Level 1:colcon.colcon_core.package_identification:_identify(.) by extension 'python'
[19.851s] Level 1:colcon.colcon_core.package_identification:_identify(.) by extensions ['python_setup_py']
[19.851s] Level 1:colcon.colcon_core.package_identification:_identify(.) by extension 'python_setup_py'
[19.851s] Level 1:colcon.colcon_core.package_identification:_identify(build) by extensions ['ignore', 'ignore_ament_install']
[19.851s] Level 1:colcon.colcon_core.package_identification:_identify(build) by extension 'ignore'
[19.851s] Level 1:colcon.colcon_core.package_identification:_identify(build) ignored
[19.852s] Level 1:colcon.colcon_core.package_identification:_identify(config) by extensions ['ignore', 'ignore_ament_install']
[19.852s] Level 1:colcon.colcon_core.package_identification:_identify(config) by extension 'ignore'
[19.852s] Level 1:colcon.colcon_core.package_identification:_identify(config) by extension 'ignore_ament_install'
[19.852s] Level 1:colcon.colcon_core.package_identification:_identify(config) by extensions ['colcon_pkg']
[19.852s] Level 1:colcon.colcon_core.package_identification:_identify(config) by extension 'colcon_pkg'
[19.852s] Level 1:colcon.colcon_core.package_identification:_identify(config) by extensions ['colcon_meta']
[19.852s] Level 1:colcon.colcon_core.package_identification:_identify(config) by extension 'colcon_meta'
[19.852s] Level 1:colcon.colcon_core.package_identification:_identify(config) by extensions ['ros']
[19.852s] Level 1:colcon.colcon_core.package_identification:_identify(config) by extension 'ros'
[19.852s] Level 1:colcon.colcon_core.package_identification:_identify(config) by extensions ['cmake', 'python']
[19.852s] Level 1:colcon.colcon_core.package_identification:_identify(config) by extension 'cmake'
[19.852s] Level 1:colcon.colcon_core.package_identification:_identify(config) by extension 'python'
[19.852s] Level 1:colcon.colcon_core.package_identification:_identify(config) by extensions ['python_setup_py']
[19.852s] Level 1:colcon.colcon_core.package_identification:_identify(config) by extension 'python_setup_py'
[19.852s] Level 1:colcon.colcon_core.package_identification:_identify(install) by extensions ['ignore', 'ignore_ament_install']
[19.852s] Level 1:colcon.colcon_core.package_identification:_identify(install) by extension 'ignore'
[19.852s] Level 1:colcon.colcon_core.package_identification:_identify(install) ignored
[19.852s] Level 1:colcon.colcon_core.package_identification:_identify(log) by extensions ['ignore', 'ignore_ament_install']
[19.852s] Level 1:colcon.colcon_core.package_identification:_identify(log) by extension 'ignore'
[19.852s] Level 1:colcon.colcon_core.package_identification:_identify(log) ignored
[19.852s] Level 1:colcon.colcon_core.package_identification:_identify(src) by extensions ['ignore', 'ignore_ament_install']
[19.852s] Level 1:colcon.colcon_core.package_identification:_identify(src) by extension 'ignore'
[19.852s] Level 1:colcon.colcon_core.package_identification:_identify(src) by extension 'ignore_ament_install'
[19.852s] Level 1:colcon.colcon_core.package_identification:_identify(src) by extensions ['colcon_pkg']
[19.852s] Level 1:colcon.colcon_core.package_identification:_identify(src) by extension 'colcon_pkg'
[19.852s] Level 1:colcon.colcon_core.package_identification:_identify(src) by extensions ['colcon_meta']
[19.852s] Level 1:colcon.colcon_core.package_identification:_identify(src) by extension 'colcon_meta'
[19.852s] Level 1:colcon.colcon_core.package_identification:_identify(src) by extensions ['ros']
[19.852s] Level 1:colcon.colcon_core.package_identification:_identify(src) by extension 'ros'
[19.852s] Level 1:colcon.colcon_core.package_identification:_identify(src) by extensions ['cmake', 'python']
[19.852s] Level 1:colcon.colcon_core.package_identification:_identify(src) by extension 'cmake'
[19.853s] Level 1:colcon.colcon_core.package_identification:_identify(src) by extension 'python'
[19.853s] Level 1:colcon.colcon_core.package_identification:_identify(src) by extensions ['python_setup_py']
[19.853s] Level 1:colcon.colcon_core.package_identification:_identify(src) by extension 'python_setup_py'
[19.853s] Level 1:colcon.colcon_core.package_identification:_identify(src/retail_assistant_bringup) by extensions ['ignore', 'ignore_ament_install']
[19.853s] Level 1:colcon.colcon_core.package_identification:_identify(src/retail_assistant_bringup) by extension 'ignore'
[19.853s] Level 1:colcon.colcon_core.package_identification:_identify(src/retail_assistant_bringup) by extension 'ignore_ament_install'
[19.853s] Level 1:colcon.colcon_core.package_identification:_identify(src/retail_assistant_bringup) by extensions ['colcon_pkg']
[19.853s] Level 1:colcon.colcon_core.package_identification:_identify(src/retail_assistant_bringup) by extension 'colcon_pkg'
[19.853s] Level 1:colcon.colcon_core.package_identification:_identify(src/retail_assistant_bringup) by extensions ['colcon_meta']
[19.853s] Level 1:colcon.colcon_core.package_identification:_identify(src/retail_assistant_bringup) by extension 'colcon_meta'
[19.853s] Level 1:colcon.colcon_core.package_identification:_identify(src/retail_assistant_bringup) by extensions ['ros']
[19.853s] Level 1:colcon.colcon_core.package_identification:_identify(src/retail_assistant_bringup) by extension 'ros'
[19.904s] DEBUG:colcon.colcon_core.package_identification:Package 'src/retail_assistant_bringup' with type 'ros.ament_python' and name 'retail_assistant_bringup'
[19.905s] Level 1:colcon.colcon_core.package_discovery:discover_packages(recursive) using defaults
[19.905s] Level 1:colcon.colcon_core.package_discovery:discover_packages(ignore) discover
[19.905s] Level 1:colcon.colcon_core.package_discovery:discover_packages(ignore) using defaults
[19.905s] Level 1:colcon.colcon_core.package_discovery:discover_packages(path) discover
[19.905s] Level 1:colcon.colcon_core.package_discovery:discover_packages(path) using defaults
[20.117s] Level 1:colcon.colcon_core.package_discovery:discover_packages(prefix_path) check parameters
[20.117s] Level 1:colcon.colcon_core.package_discovery:discover_packages(prefix_path) discover
[20.119s] DEBUG:colcon.colcon_installed_package_information.package_discovery:Found 1 installed packages in /home/kendell/retail_assistant_ws/install
[20.120s] DEBUG:colcon.colcon_installed_package_information.package_discovery:Found 350 installed packages in /opt/ros/humble
[20.121s] Level 1:colcon.colcon_core.package_discovery:discover_packages(prefix_path) using defaults
[20.150s] Level 5:colcon.colcon_core.verb:set package 'retail_assistant_bringup' build argument 'cmake_args' from command line to 'None'
[20.150s] Level 5:colcon.colcon_core.verb:set package 'retail_assistant_bringup' build argument 'cmake_target' from command line to 'None'
[20.150s] Level 5:colcon.colcon_core.verb:set package 'retail_assistant_bringup' build argument 'cmake_target_skip_unavailable' from command line to 'False'
[20.150s] Level 5:colcon.colcon_core.verb:set package 'retail_assistant_bringup' build argument 'cmake_clean_cache' from command line to 'False'
[20.150s] Level 5:colcon.colcon_core.verb:set package 'retail_assistant_bringup' build argument 'cmake_clean_first' from command line to 'False'
[20.150s] Level 5:colcon.colcon_core.verb:set package 'retail_assistant_bringup' build argument 'cmake_force_configure' from command line to 'False'
[20.150s] Level 5:colcon.colcon_core.verb:set package 'retail_assistant_bringup' build argument 'ament_cmake_args' from command line to 'None'
[20.150s] Level 5:colcon.colcon_core.verb:set package 'retail_assistant_bringup' build argument 'catkin_cmake_args' from command line to 'None'
[20.150s] Level 5:colcon.colcon_core.verb:set package 'retail_assistant_bringup' build argument 'catkin_skip_building_tests' from command line to 'False'
[20.150s] DEBUG:colcon.colcon_core.verb:Building package 'retail_assistant_bringup' with the following arguments: {'ament_cmake_args': None, 'build_base': '/home/kendell/retail_assistant_ws/build/retail_assistant_bringup', 'catkin_cmake_args': None, 'catkin_skip_building_tests': False, 'cmake_args': None, 'cmake_clean_cache': False, 'cmake_clean_first': False, 'cmake_force_configure': False, 'cmake_target': None, 'cmake_target_skip_unavailable': False, 'install_base': '/home/kendell/retail_assistant_ws/install/retail_assistant_bringup', 'merge_install': False, 'path': '/home/kendell/retail_assistant_ws/src/retail_assistant_bringup', 'symlink_install': False, 'test_result_base': None}
[20.150s] INFO:colcon.colcon_core.executor:Executing jobs using 'parallel' executor
[20.151s] DEBUG:colcon.colcon_parallel_executor.executor.parallel:run_until_complete
[20.151s] INFO:colcon.colcon_ros.task.ament_python.build:Building ROS package in '/home/kendell/retail_assistant_ws/src/retail_assistant_bringup' with build type 'ament_python'
[20.151s] Level 1:colcon.colcon_core.shell:create_environment_hook('retail_assistant_bringup', 'ament_prefix_path')
[20.184s] INFO:colcon.colcon_core.plugin_system:Skipping extension 'colcon_core.shell.bat': Not used on non-Windows systems
[20.184s] INFO:colcon.colcon_core.shell:Creating environment hook '/home/kendell/retail_assistant_ws/install/retail_assistant_bringup/share/retail_assistant_bringup/hook/ament_prefix_path.ps1'
[20.194s] INFO:colcon.colcon_core.shell:Creating environment descriptor '/home/kendell/retail_assistant_ws/install/retail_assistant_bringup/share/retail_assistant_bringup/hook/ament_prefix_path.dsv'
[20.203s] INFO:colcon.colcon_core.shell:Creating environment hook '/home/kendell/retail_assistant_ws/install/retail_assistant_bringup/share/retail_assistant_bringup/hook/ament_prefix_path.sh'
[20.205s] INFO:colcon.colcon_core.shell:Skip shell extension 'powershell' for command environment: Not usable outside of PowerShell
[20.205s] DEBUG:colcon.colcon_core.shell:Skip shell extension 'dsv' for command environment
[20.467s] INFO:colcon.colcon_core.task.python.build:Building Python package in '/home/kendell/retail_assistant_ws/src/retail_assistant_bringup'
[20.467s] INFO:colcon.colcon_core.shell:Skip shell extension 'powershell' for command environment: Not usable outside of PowerShell
[20.467s] DEBUG:colcon.colcon_core.shell:Skip shell extension 'dsv' for command environment
[21.001s] DEBUG:colcon.colcon_core.event_handler.log_command:Invoking command in '/home/kendell/retail_assistant_ws/src/retail_assistant_bringup': PYTHONPATH=/home/kendell/retail_assistant_ws/build/retail_assistant_bringup/prefix_override:/usr/lib/python3/dist-packages/colcon_core/task/python/colcon_distutils_commands:/home/kendell/retail_assistant_ws/install/retail_assistant_bringup/lib/python3.10/site-packages:${PYTHONPATH} /usr/bin/python3 -W ignore:setup.py install is deprecated -W ignore:easy_install command is deprecated setup.py egg_info --egg-base ../../build/retail_assistant_bringup build --build-base /home/kendell/retail_assistant_ws/build/retail_assistant_bringup/build install --record /home/kendell/retail_assistant_ws/build/retail_assistant_bringup/install.log --single-version-externally-managed install_data
[21.200s] DEBUG:colcon.colcon_core.event_handler.log_command:Invoked command in '/home/kendell/retail_assistant_ws/src/retail_assistant_bringup' returned '0': PYTHONPATH=/home/kendell/retail_assistant_ws/build/retail_assistant_bringup/prefix_override:/usr/lib/python3/dist-packages/colcon_core/task/python/colcon_distutils_commands:/home/kendell/retail_assistant_ws/install/retail_assistant_bringup/lib/python3.10/site-packages:${PYTHONPATH} /usr/bin/python3 -W ignore:setup.py install is deprecated -W ignore:easy_install command is deprecated setup.py egg_info --egg-base ../../build/retail_assistant_bringup build --build-base /home/kendell/retail_assistant_ws/build/retail_assistant_bringup/build install --record /home/kendell/retail_assistant_ws/build/retail_assistant_bringup/install.log --single-version-externally-managed install_data
[21.205s] Level 1:colcon.colcon_core.environment:checking '/home/kendell/retail_assistant_ws/install/retail_assistant_bringup' for CMake module files
[21.205s] Level 1:colcon.colcon_core.environment:checking '/home/kendell/retail_assistant_ws/install/retail_assistant_bringup' for CMake config files
[21.205s] Level 1:colcon.colcon_core.environment:checking '/home/kendell/retail_assistant_ws/install/retail_assistant_bringup/lib'
[21.206s] Level 1:colcon.colcon_core.environment:checking '/home/kendell/retail_assistant_ws/install/retail_assistant_bringup/bin'
[21.206s] Level 1:colcon.colcon_core.environment:checking '/home/kendell/retail_assistant_ws/install/retail_assistant_bringup/lib/pkgconfig/retail_assistant_bringup.pc'
[21.206s] Level 1:colcon.colcon_core.environment:checking '/home/kendell/retail_assistant_ws/install/retail_assistant_bringup/lib/python3.10/site-packages'
[21.206s] Level 1:colcon.colcon_core.shell:create_environment_hook('retail_assistant_bringup', 'pythonpath')
[21.206s] INFO:colcon.colcon_core.shell:Creating environment hook '/home/kendell/retail_assistant_ws/install/retail_assistant_bringup/share/retail_assistant_bringup/hook/pythonpath.ps1'
[21.206s] INFO:colcon.colcon_core.shell:Creating environment descriptor '/home/kendell/retail_assistant_ws/install/retail_assistant_bringup/share/retail_assistant_bringup/hook/pythonpath.dsv'
[21.206s] INFO:colcon.colcon_core.shell:Creating environment hook '/home/kendell/retail_assistant_ws/install/retail_assistant_bringup/share/retail_assistant_bringup/hook/pythonpath.sh'
[21.207s] Level 1:colcon.colcon_core.environment:checking '/home/kendell/retail_assistant_ws/install/retail_assistant_bringup/bin'
[21.207s] Level 1:colcon.colcon_core.environment:create_environment_scripts_only(retail_assistant_bringup)
[21.207s] INFO:colcon.colcon_core.shell:Creating package script '/home/kendell/retail_assistant_ws/install/retail_assistant_bringup/share/retail_assistant_bringup/package.ps1'
[21.208s] INFO:colcon.colcon_core.shell:Creating package descriptor '/home/kendell/retail_assistant_ws/install/retail_assistant_bringup/share/retail_assistant_bringup/package.dsv'
[21.209s] INFO:colcon.colcon_core.shell:Creating package script '/home/kendell/retail_assistant_ws/install/retail_assistant_bringup/share/retail_assistant_bringup/package.sh'
[21.210s] INFO:colcon.colcon_core.shell:Creating package script '/home/kendell/retail_assistant_ws/install/retail_assistant_bringup/share/retail_assistant_bringup/package.bash'
[21.231s] INFO:colcon.colcon_core.shell:Creating package script '/home/kendell/retail_assistant_ws/install/retail_assistant_bringup/share/retail_assistant_bringup/package.zsh'
[21.245s] Level 1:colcon.colcon_core.environment:create_file_with_runtime_dependencies(/home/kendell/retail_assistant_ws/install/retail_assistant_bringup/share/colcon-core/packages/retail_assistant_bringup)
[21.245s] DEBUG:colcon.colcon_parallel_executor.executor.parallel:closing loop
[21.245s] DEBUG:colcon.colcon_parallel_executor.executor.parallel:loop closed
[21.246s] DEBUG:colcon.colcon_parallel_executor.executor.parallel:run_until_complete finished with '0'
[21.246s] DEBUG:colcon.colcon_core.event_reactor:joining thread
[21.277s] INFO:colcon.colcon_core.plugin_system:Skipping extension 'colcon_notification.desktop_notification.terminal_notifier': Not used on non-Darwin systems
[21.278s] INFO:colcon.colcon_core.plugin_system:Skipping extension 'colcon_notification.desktop_notification.win32': Not used on non-Windows systems
[21.278s] INFO:colcon.colcon_notification.desktop_notification:Sending desktop notification using 'notify2'
[21.300s] DEBUG:colcon.colcon_core.event_reactor:joined thread
[21.300s] INFO:colcon.colcon_core.shell:Creating prefix script '/home/kendell/retail_assistant_ws/install/local_setup.ps1'
[21.321s] INFO:colcon.colcon_core.shell:Creating prefix util module '/home/kendell/retail_assistant_ws/install/_local_setup_util_ps1.py'
[21.325s] INFO:colcon.colcon_core.shell:Creating prefix chain script '/home/kendell/retail_assistant_ws/install/setup.ps1'
[21.327s] INFO:colcon.colcon_core.shell:Creating prefix script '/home/kendell/retail_assistant_ws/install/local_setup.sh'
[21.328s] INFO:colcon.colcon_core.shell:Creating prefix util module '/home/kendell/retail_assistant_ws/install/_local_setup_util_sh.py'
[21.329s] INFO:colcon.colcon_core.shell:Creating prefix chain script '/home/kendell/retail_assistant_ws/install/setup.sh'
[21.331s] INFO:colcon.colcon_core.shell:Creating prefix script '/home/kendell/retail_assistant_ws/install/local_setup.bash'
[21.331s] INFO:colcon.colcon_core.shell:Creating prefix chain script '/home/kendell/retail_assistant_ws/install/setup.bash'
[21.332s] INFO:colcon.colcon_core.shell:Creating prefix script '/home/kendell/retail_assistant_ws/install/local_setup.zsh'
[21.333s] INFO:colcon.colcon_core.shell:Creating prefix chain script '/home/kendell/retail_assistant_ws/install/setup.zsh'
