[2.107s] DEBUG:colcon:Command line arguments: ['/usr/bin/colcon', 'build']
[2.107s] DEBUG:colcon:Parsed command line arguments: Namespace(log_base=None, log_level=None, verb_name='build', build_base='build', install_base='install', merge_install=False, symlink_install=False, test_result_base=None, continue_on_error=False, executor='parallel', parallel_workers=12, event_handlers=None, ignore_user_meta=False, metas=['./colcon.meta'], base_paths=['.'], packages_ignore=None, packages_ignore_regex=None, paths=None, packages_up_to=None, packages_up_to_regex=None, packages_above=None, packages_above_and_dependencies=None, packages_above_depth=None, packages_select_by_dep=None, packages_skip_by_dep=None, packages_skip_up_to=None, packages_select_build_failed=False, packages_skip_build_finished=False, packages_select_test_failures=False, packages_skip_test_passed=False, packages_select=None, packages_skip=None, packages_select_regex=None, packages_skip_regex=None, packages_start=None, packages_end=None, allow_overriding=[], cmake_args=None, cmake_target=None, cmake_target_skip_unavailable=False, cmake_clean_cache=False, cmake_clean_first=False, cmake_force_configure=False, ament_cmake_args=None, catkin_cmake_args=None, catkin_skip_building_tests=False, mixin_files=None, mixin=None, verb_parser=<colcon_mixin.mixin.mixin_argument.MixinArgumentDecorator object at 0x744087b71b70>, verb_extension=<colcon_core.verb.build.BuildVerb object at 0x744087c6ab30>, main=<bound method BuildVerb.main of <colcon_core.verb.build.BuildVerb object at 0x744087c6ab30>>, mixin_verb=('build',))
[6.209s] Level 1:colcon.colcon_core.package_discovery:discover_packages(colcon_meta) check parameters
[6.210s] Level 1:colcon.colcon_core.package_discovery:discover_packages(recursive) check parameters
[6.210s] Level 1:colcon.colcon_core.package_discovery:discover_packages(ignore) check parameters
[6.210s] Level 1:colcon.colcon_core.package_discovery:discover_packages(path) check parameters
[6.210s] Level 1:colcon.colcon_core.package_discovery:discover_packages(colcon_meta) discover
[6.210s] Level 1:colcon.colcon_core.package_discovery:discover_packages(recursive) discover
[6.210s] INFO:colcon.colcon_core.package_discovery:Crawling recursively for packages in '/home/kendell/retail_assistant_ws'
[6.211s] Level 1:colcon.colcon_core.package_identification:_identify(.) by extensions ['ignore', 'ignore_ament_install']
[6.211s] Level 1:colcon.colcon_core.package_identification:_identify(.) by extension 'ignore'
[6.211s] Level 1:colcon.colcon_core.package_identification:_identify(.) by extension 'ignore_ament_install'
[6.211s] Level 1:colcon.colcon_core.package_identification:_identify(.) by extensions ['colcon_pkg']
[6.211s] Level 1:colcon.colcon_core.package_identification:_identify(.) by extension 'colcon_pkg'
[6.212s] Level 1:colcon.colcon_core.package_identification:_identify(.) by extensions ['colcon_meta']
[6.212s] Level 1:colcon.colcon_core.package_identification:_identify(.) by extension 'colcon_meta'
[6.212s] Level 1:colcon.colcon_core.package_identification:_identify(.) by extensions ['ros']
[6.212s] Level 1:colcon.colcon_core.package_identification:_identify(.) by extension 'ros'
[6.258s] Level 1:colcon.colcon_core.package_identification:_identify(.) by extensions ['cmake', 'python']
[6.258s] Level 1:colcon.colcon_core.package_identification:_identify(.) by extension 'cmake'
[6.258s] Level 1:colcon.colcon_core.package_identification:_identify(.) by extension 'python'
[6.258s] Level 1:colcon.colcon_core.package_identification:_identify(.) by extensions ['python_setup_py']
[6.258s] Level 1:colcon.colcon_core.package_identification:_identify(.) by extension 'python_setup_py'
[6.258s] Level 1:colcon.colcon_core.package_identification:_identify(build) by extensions ['ignore', 'ignore_ament_install']
[6.258s] Level 1:colcon.colcon_core.package_identification:_identify(build) by extension 'ignore'
[6.258s] Level 1:colcon.colcon_core.package_identification:_identify(build) ignored
[6.271s] Level 1:colcon.colcon_core.package_identification:_identify(config) by extensions ['ignore', 'ignore_ament_install']
[6.271s] Level 1:colcon.colcon_core.package_identification:_identify(config) by extension 'ignore'
[6.271s] Level 1:colcon.colcon_core.package_identification:_identify(config) by extension 'ignore_ament_install'
[6.271s] Level 1:colcon.colcon_core.package_identification:_identify(config) by extensions ['colcon_pkg']
[6.271s] Level 1:colcon.colcon_core.package_identification:_identify(config) by extension 'colcon_pkg'
[6.271s] Level 1:colcon.colcon_core.package_identification:_identify(config) by extensions ['colcon_meta']
[6.271s] Level 1:colcon.colcon_core.package_identification:_identify(config) by extension 'colcon_meta'
[6.271s] Level 1:colcon.colcon_core.package_identification:_identify(config) by extensions ['ros']
[6.271s] Level 1:colcon.colcon_core.package_identification:_identify(config) by extension 'ros'
[6.271s] Level 1:colcon.colcon_core.package_identification:_identify(config) by extensions ['cmake', 'python']
[6.272s] Level 1:colcon.colcon_core.package_identification:_identify(config) by extension 'cmake'
[6.272s] Level 1:colcon.colcon_core.package_identification:_identify(config) by extension 'python'
[6.272s] Level 1:colcon.colcon_core.package_identification:_identify(config) by extensions ['python_setup_py']
[6.272s] Level 1:colcon.colcon_core.package_identification:_identify(config) by extension 'python_setup_py'
[6.272s] Level 1:colcon.colcon_core.package_identification:_identify(install) by extensions ['ignore', 'ignore_ament_install']
[6.272s] Level 1:colcon.colcon_core.package_identification:_identify(install) by extension 'ignore'
[6.272s] Level 1:colcon.colcon_core.package_identification:_identify(install) ignored
[6.290s] Level 1:colcon.colcon_core.package_identification:_identify(log) by extensions ['ignore', 'ignore_ament_install']
[6.290s] Level 1:colcon.colcon_core.package_identification:_identify(log) by extension 'ignore'
[6.290s] Level 1:colcon.colcon_core.package_identification:_identify(log) ignored
[6.290s] Level 1:colcon.colcon_core.package_identification:_identify(src) by extensions ['ignore', 'ignore_ament_install']
[6.291s] Level 1:colcon.colcon_core.package_identification:_identify(src) by extension 'ignore'
[6.291s] Level 1:colcon.colcon_core.package_identification:_identify(src) by extension 'ignore_ament_install'
[6.291s] Level 1:colcon.colcon_core.package_identification:_identify(src) by extensions ['colcon_pkg']
[6.291s] Level 1:colcon.colcon_core.package_identification:_identify(src) by extension 'colcon_pkg'
[6.291s] Level 1:colcon.colcon_core.package_identification:_identify(src) by extensions ['colcon_meta']
[6.291s] Level 1:colcon.colcon_core.package_identification:_identify(src) by extension 'colcon_meta'
[6.291s] Level 1:colcon.colcon_core.package_identification:_identify(src) by extensions ['ros']
[6.291s] Level 1:colcon.colcon_core.package_identification:_identify(src) by extension 'ros'
[6.291s] Level 1:colcon.colcon_core.package_identification:_identify(src) by extensions ['cmake', 'python']
[6.291s] Level 1:colcon.colcon_core.package_identification:_identify(src) by extension 'cmake'
[6.292s] Level 1:colcon.colcon_core.package_identification:_identify(src) by extension 'python'
[6.292s] Level 1:colcon.colcon_core.package_identification:_identify(src) by extensions ['python_setup_py']
[6.292s] Level 1:colcon.colcon_core.package_identification:_identify(src) by extension 'python_setup_py'
[6.292s] Level 1:colcon.colcon_core.package_identification:_identify(src/retail_assistant_bringup) by extensions ['ignore', 'ignore_ament_install']
[6.292s] Level 1:colcon.colcon_core.package_identification:_identify(src/retail_assistant_bringup) by extension 'ignore'
[6.292s] Level 1:colcon.colcon_core.package_identification:_identify(src/retail_assistant_bringup) by extension 'ignore_ament_install'
[6.292s] Level 1:colcon.colcon_core.package_identification:_identify(src/retail_assistant_bringup) by extensions ['colcon_pkg']
[6.292s] Level 1:colcon.colcon_core.package_identification:_identify(src/retail_assistant_bringup) by extension 'colcon_pkg'
[6.292s] Level 1:colcon.colcon_core.package_identification:_identify(src/retail_assistant_bringup) by extensions ['colcon_meta']
[6.292s] Level 1:colcon.colcon_core.package_identification:_identify(src/retail_assistant_bringup) by extension 'colcon_meta'
[6.292s] Level 1:colcon.colcon_core.package_identification:_identify(src/retail_assistant_bringup) by extensions ['ros']
[6.293s] Level 1:colcon.colcon_core.package_identification:_identify(src/retail_assistant_bringup) by extension 'ros'
[6.320s] DEBUG:colcon.colcon_core.package_identification:Package 'src/retail_assistant_bringup' with type 'ros.ament_python' and name 'retail_assistant_bringup'
[6.321s] Level 1:colcon.colcon_core.package_discovery:discover_packages(recursive) using defaults
[6.321s] Level 1:colcon.colcon_core.package_discovery:discover_packages(ignore) discover
[6.321s] Level 1:colcon.colcon_core.package_discovery:discover_packages(ignore) using defaults
[6.321s] Level 1:colcon.colcon_core.package_discovery:discover_packages(path) discover
[6.321s] Level 1:colcon.colcon_core.package_discovery:discover_packages(path) using defaults
[6.548s] Level 1:colcon.colcon_core.package_discovery:discover_packages(prefix_path) check parameters
[6.548s] Level 1:colcon.colcon_core.package_discovery:discover_packages(prefix_path) discover
[6.551s] DEBUG:colcon.colcon_installed_package_information.package_discovery:Found 1 installed packages in /home/kendell/retail_assistant_ws/install
[6.553s] DEBUG:colcon.colcon_installed_package_information.package_discovery:Found 350 installed packages in /opt/ros/humble
[6.554s] Level 1:colcon.colcon_core.package_discovery:discover_packages(prefix_path) using defaults
[6.639s] Level 5:colcon.colcon_core.verb:set package 'retail_assistant_bringup' build argument 'cmake_args' from command line to 'None'
[6.639s] Level 5:colcon.colcon_core.verb:set package 'retail_assistant_bringup' build argument 'cmake_target' from command line to 'None'
[6.639s] Level 5:colcon.colcon_core.verb:set package 'retail_assistant_bringup' build argument 'cmake_target_skip_unavailable' from command line to 'False'
[6.639s] Level 5:colcon.colcon_core.verb:set package 'retail_assistant_bringup' build argument 'cmake_clean_cache' from command line to 'False'
[6.639s] Level 5:colcon.colcon_core.verb:set package 'retail_assistant_bringup' build argument 'cmake_clean_first' from command line to 'False'
[6.639s] Level 5:colcon.colcon_core.verb:set package 'retail_assistant_bringup' build argument 'cmake_force_configure' from command line to 'False'
[6.640s] Level 5:colcon.colcon_core.verb:set package 'retail_assistant_bringup' build argument 'ament_cmake_args' from command line to 'None'
[6.640s] Level 5:colcon.colcon_core.verb:set package 'retail_assistant_bringup' build argument 'catkin_cmake_args' from command line to 'None'
[6.640s] Level 5:colcon.colcon_core.verb:set package 'retail_assistant_bringup' build argument 'catkin_skip_building_tests' from command line to 'False'
[6.640s] DEBUG:colcon.colcon_core.verb:Building package 'retail_assistant_bringup' with the following arguments: {'ament_cmake_args': None, 'build_base': '/home/kendell/retail_assistant_ws/build/retail_assistant_bringup', 'catkin_cmake_args': None, 'catkin_skip_building_tests': False, 'cmake_args': None, 'cmake_clean_cache': False, 'cmake_clean_first': False, 'cmake_force_configure': False, 'cmake_target': None, 'cmake_target_skip_unavailable': False, 'install_base': '/home/kendell/retail_assistant_ws/install/retail_assistant_bringup', 'merge_install': False, 'path': '/home/kendell/retail_assistant_ws/src/retail_assistant_bringup', 'symlink_install': False, 'test_result_base': None}
[6.640s] INFO:colcon.colcon_core.executor:Executing jobs using 'parallel' executor
[6.640s] DEBUG:colcon.colcon_parallel_executor.executor.parallel:run_until_complete
[6.641s] INFO:colcon.colcon_ros.task.ament_python.build:Building ROS package in '/home/kendell/retail_assistant_ws/src/retail_assistant_bringup' with build type 'ament_python'
[6.641s] Level 1:colcon.colcon_core.shell:create_environment_hook('retail_assistant_bringup', 'ament_prefix_path')
[6.669s] INFO:colcon.colcon_core.plugin_system:Skipping extension 'colcon_core.shell.bat': Not used on non-Windows systems
[6.670s] INFO:colcon.colcon_core.shell:Creating environment hook '/home/kendell/retail_assistant_ws/install/retail_assistant_bringup/share/retail_assistant_bringup/hook/ament_prefix_path.ps1'
[6.681s] INFO:colcon.colcon_core.shell:Creating environment descriptor '/home/kendell/retail_assistant_ws/install/retail_assistant_bringup/share/retail_assistant_bringup/hook/ament_prefix_path.dsv'
[6.698s] INFO:colcon.colcon_core.shell:Creating environment hook '/home/kendell/retail_assistant_ws/install/retail_assistant_bringup/share/retail_assistant_bringup/hook/ament_prefix_path.sh'
[6.701s] INFO:colcon.colcon_core.shell:Skip shell extension 'powershell' for command environment: Not usable outside of PowerShell
[6.701s] DEBUG:colcon.colcon_core.shell:Skip shell extension 'dsv' for command environment
[6.900s] INFO:colcon.colcon_core.task.python.build:Building Python package in '/home/kendell/retail_assistant_ws/src/retail_assistant_bringup'
[6.901s] INFO:colcon.colcon_core.shell:Skip shell extension 'powershell' for command environment: Not usable outside of PowerShell
[6.901s] DEBUG:colcon.colcon_core.shell:Skip shell extension 'dsv' for command environment
[7.560s] DEBUG:colcon.colcon_core.event_handler.log_command:Invoking command in '/home/kendell/retail_assistant_ws/src/retail_assistant_bringup': PYTHONPATH=/home/kendell/retail_assistant_ws/build/retail_assistant_bringup/prefix_override:/usr/lib/python3/dist-packages/colcon_core/task/python/colcon_distutils_commands:/home/kendell/retail_assistant_ws/install/retail_assistant_bringup/lib/python3.10/site-packages:${PYTHONPATH} /usr/bin/python3 -W ignore:setup.py install is deprecated -W ignore:easy_install command is deprecated setup.py egg_info --egg-base ../../build/retail_assistant_bringup build --build-base /home/kendell/retail_assistant_ws/build/retail_assistant_bringup/build install --record /home/kendell/retail_assistant_ws/build/retail_assistant_bringup/install.log --single-version-externally-managed install_data
[7.966s] DEBUG:colcon.colcon_core.event_handler.log_command:Invoked command in '/home/kendell/retail_assistant_ws/src/retail_assistant_bringup' returned '0': PYTHONPATH=/home/kendell/retail_assistant_ws/build/retail_assistant_bringup/prefix_override:/usr/lib/python3/dist-packages/colcon_core/task/python/colcon_distutils_commands:/home/kendell/retail_assistant_ws/install/retail_assistant_bringup/lib/python3.10/site-packages:${PYTHONPATH} /usr/bin/python3 -W ignore:setup.py install is deprecated -W ignore:easy_install command is deprecated setup.py egg_info --egg-base ../../build/retail_assistant_bringup build --build-base /home/kendell/retail_assistant_ws/build/retail_assistant_bringup/build install --record /home/kendell/retail_assistant_ws/build/retail_assistant_bringup/install.log --single-version-externally-managed install_data
[8.002s] Level 1:colcon.colcon_core.environment:checking '/home/kendell/retail_assistant_ws/install/retail_assistant_bringup' for CMake module files
[8.003s] Level 1:colcon.colcon_core.environment:checking '/home/kendell/retail_assistant_ws/install/retail_assistant_bringup' for CMake config files
[8.027s] Level 1:colcon.colcon_core.environment:checking '/home/kendell/retail_assistant_ws/install/retail_assistant_bringup/lib'
[8.028s] Level 1:colcon.colcon_core.environment:checking '/home/kendell/retail_assistant_ws/install/retail_assistant_bringup/bin'
[8.028s] Level 1:colcon.colcon_core.environment:checking '/home/kendell/retail_assistant_ws/install/retail_assistant_bringup/lib/pkgconfig/retail_assistant_bringup.pc'
[8.028s] Level 1:colcon.colcon_core.environment:checking '/home/kendell/retail_assistant_ws/install/retail_assistant_bringup/lib/python3.10/site-packages'
[8.028s] Level 1:colcon.colcon_core.shell:create_environment_hook('retail_assistant_bringup', 'pythonpath')
[8.029s] INFO:colcon.colcon_core.shell:Creating environment hook '/home/kendell/retail_assistant_ws/install/retail_assistant_bringup/share/retail_assistant_bringup/hook/pythonpath.ps1'
[8.030s] INFO:colcon.colcon_core.shell:Creating environment descriptor '/home/kendell/retail_assistant_ws/install/retail_assistant_bringup/share/retail_assistant_bringup/hook/pythonpath.dsv'
[8.030s] INFO:colcon.colcon_core.shell:Creating environment hook '/home/kendell/retail_assistant_ws/install/retail_assistant_bringup/share/retail_assistant_bringup/hook/pythonpath.sh'
[8.031s] Level 1:colcon.colcon_core.environment:checking '/home/kendell/retail_assistant_ws/install/retail_assistant_bringup/bin'
[8.031s] Level 1:colcon.colcon_core.environment:create_environment_scripts_only(retail_assistant_bringup)
[8.032s] INFO:colcon.colcon_core.shell:Creating package script '/home/kendell/retail_assistant_ws/install/retail_assistant_bringup/share/retail_assistant_bringup/package.ps1'
[8.047s] INFO:colcon.colcon_core.shell:Creating package descriptor '/home/kendell/retail_assistant_ws/install/retail_assistant_bringup/share/retail_assistant_bringup/package.dsv'
[8.049s] INFO:colcon.colcon_core.shell:Creating package script '/home/kendell/retail_assistant_ws/install/retail_assistant_bringup/share/retail_assistant_bringup/package.sh'
[8.051s] INFO:colcon.colcon_core.shell:Creating package script '/home/kendell/retail_assistant_ws/install/retail_assistant_bringup/share/retail_assistant_bringup/package.bash'
[8.053s] INFO:colcon.colcon_core.shell:Creating package script '/home/kendell/retail_assistant_ws/install/retail_assistant_bringup/share/retail_assistant_bringup/package.zsh'
[8.070s] Level 1:colcon.colcon_core.environment:create_file_with_runtime_dependencies(/home/kendell/retail_assistant_ws/install/retail_assistant_bringup/share/colcon-core/packages/retail_assistant_bringup)
[8.070s] DEBUG:colcon.colcon_parallel_executor.executor.parallel:closing loop
[8.071s] DEBUG:colcon.colcon_parallel_executor.executor.parallel:loop closed
[8.071s] DEBUG:colcon.colcon_parallel_executor.executor.parallel:run_until_complete finished with '0'
[8.071s] DEBUG:colcon.colcon_core.event_reactor:joining thread
[8.089s] INFO:colcon.colcon_core.plugin_system:Skipping extension 'colcon_notification.desktop_notification.terminal_notifier': Not used on non-Darwin systems
[8.089s] INFO:colcon.colcon_core.plugin_system:Skipping extension 'colcon_notification.desktop_notification.win32': Not used on non-Windows systems
[8.089s] INFO:colcon.colcon_notification.desktop_notification:Sending desktop notification using 'notify2'
[8.107s] DEBUG:colcon.colcon_core.event_reactor:joined thread
[8.107s] INFO:colcon.colcon_core.shell:Creating prefix script '/home/kendell/retail_assistant_ws/install/local_setup.ps1'
[8.108s] INFO:colcon.colcon_core.shell:Creating prefix util module '/home/kendell/retail_assistant_ws/install/_local_setup_util_ps1.py'
[8.110s] INFO:colcon.colcon_core.shell:Creating prefix chain script '/home/kendell/retail_assistant_ws/install/setup.ps1'
[8.111s] INFO:colcon.colcon_core.shell:Creating prefix script '/home/kendell/retail_assistant_ws/install/local_setup.sh'
[8.112s] INFO:colcon.colcon_core.shell:Creating prefix util module '/home/kendell/retail_assistant_ws/install/_local_setup_util_sh.py'
[8.112s] INFO:colcon.colcon_core.shell:Creating prefix chain script '/home/kendell/retail_assistant_ws/install/setup.sh'
[8.113s] INFO:colcon.colcon_core.shell:Creating prefix script '/home/kendell/retail_assistant_ws/install/local_setup.bash'
[8.114s] INFO:colcon.colcon_core.shell:Creating prefix chain script '/home/kendell/retail_assistant_ws/install/setup.bash'
[8.114s] INFO:colcon.colcon_core.shell:Creating prefix script '/home/kendell/retail_assistant_ws/install/local_setup.zsh'
[8.115s] INFO:colcon.colcon_core.shell:Creating prefix chain script '/home/kendell/retail_assistant_ws/install/setup.zsh'
