[0.586s] Invoking command in '/home/kendell/retail_assistant_ws/src/retail_assistant_bringup': PYTHONPATH=/home/kendell/retail_assistant_ws/build/retail_assistant_bringup/prefix_override:/usr/lib/python3/dist-packages/colcon_core/task/python/colcon_distutils_commands:/home/kendell/retail_assistant_ws/install/retail_assistant_bringup/lib/python3.10/site-packages:${PYTHONPATH} /usr/bin/python3 -W ignore:setup.py install is deprecated -W ignore:easy_install command is deprecated setup.py egg_info --egg-base ../../build/retail_assistant_bringup build --build-base /home/kendell/retail_assistant_ws/build/retail_assistant_bringup/build install --record /home/kendell/retail_assistant_ws/build/retail_assistant_bringup/install.log --single-version-externally-managed install_data
[0.712s] running egg_info
[0.712s] writing ../../build/retail_assistant_bringup/retail_assistant_bringup.egg-info/PKG-INFO
[0.712s] writing dependency_links to ../../build/retail_assistant_bringup/retail_assistant_bringup.egg-info/dependency_links.txt
[0.713s] writing entry points to ../../build/retail_assistant_bringup/retail_assistant_bringup.egg-info/entry_points.txt
[0.713s] writing requirements to ../../build/retail_assistant_bringup/retail_assistant_bringup.egg-info/requires.txt
[0.713s] writing top-level names to ../../build/retail_assistant_bringup/retail_assistant_bringup.egg-info/top_level.txt
[0.714s] reading manifest file '../../build/retail_assistant_bringup/retail_assistant_bringup.egg-info/SOURCES.txt'
[0.742s] writing manifest file '../../build/retail_assistant_bringup/retail_assistant_bringup.egg-info/SOURCES.txt'
[0.742s] running build
[0.742s] running build_py
[0.742s] copying retail_assistant_bringup/imu_topic.py -> /home/kendell/retail_assistant_ws/build/retail_assistant_bringup/build/lib/retail_assistant_bringup
[0.742s] copying retail_assistant_bringup/MCU_to_Pi.py -> /home/kendell/retail_assistant_ws/build/retail_assistant_bringup/build/lib/retail_assistant_bringup
[0.743s] copying retail_assistant_bringup/navigation.py -> /home/kendell/retail_assistant_ws/build/retail_assistant_bringup/build/lib/retail_assistant_bringup
[0.743s] copying retail_assistant_bringup/Ultrasonic_sensor.py -> /home/kendell/retail_assistant_ws/build/retail_assistant_bringup/build/lib/retail_assistant_bringup
[0.743s] running install
[0.743s] running install_lib
[0.743s] copying /home/kendell/retail_assistant_ws/build/retail_assistant_bringup/build/lib/retail_assistant_bringup/imu_topic.py -> /home/kendell/retail_assistant_ws/install/retail_assistant_bringup/lib/python3.10/site-packages/retail_assistant_bringup
[0.743s] copying /home/kendell/retail_assistant_ws/build/retail_assistant_bringup/build/lib/retail_assistant_bringup/MCU_to_Pi.py -> /home/kendell/retail_assistant_ws/install/retail_assistant_bringup/lib/python3.10/site-packages/retail_assistant_bringup
[0.743s] copying /home/kendell/retail_assistant_ws/build/retail_assistant_bringup/build/lib/retail_assistant_bringup/navigation.py -> /home/kendell/retail_assistant_ws/install/retail_assistant_bringup/lib/python3.10/site-packages/retail_assistant_bringup
[0.743s] copying /home/kendell/retail_assistant_ws/build/retail_assistant_bringup/build/lib/retail_assistant_bringup/Ultrasonic_sensor.py -> /home/kendell/retail_assistant_ws/install/retail_assistant_bringup/lib/python3.10/site-packages/retail_assistant_bringup
[0.744s] byte-compiling /home/kendell/retail_assistant_ws/install/retail_assistant_bringup/lib/python3.10/site-packages/retail_assistant_bringup/imu_topic.py to imu_topic.cpython-310.pyc
[0.744s] byte-compiling /home/kendell/retail_assistant_ws/install/retail_assistant_bringup/lib/python3.10/site-packages/retail_assistant_bringup/MCU_to_Pi.py to MCU_to_Pi.cpython-310.pyc
[0.744s]   File "/home/kendell/retail_assistant_ws/install/retail_assistant_bringup/lib/python3.10/site-packages/retail_assistant_bringup/MCU_to_Pi.py", line 41
[0.744s]     self.odom_pub=self.create_publisher(Odometry'/odom',10)# Publisher for odometry
[0.744s]                                                 ^^^^^^^
[0.744s] SyntaxError: invalid syntax
[0.744s] 
[0.744s] byte-compiling /home/kendell/retail_assistant_ws/install/retail_assistant_bringup/lib/python3.10/site-packages/retail_assistant_bringup/navigation.py to navigation.cpython-310.pyc
[0.745s] byte-compiling /home/kendell/retail_assistant_ws/install/retail_assistant_bringup/lib/python3.10/site-packages/retail_assistant_bringup/Ultrasonic_sensor.py to Ultrasonic_sensor.cpython-310.pyc
[0.745s] running install_data
[0.746s] running install_egg_info
[0.747s] removing '/home/kendell/retail_assistant_ws/install/retail_assistant_bringup/lib/python3.10/site-packages/retail_assistant_bringup-0.0.0-py3.10.egg-info' (and everything under it)
[0.747s] Copying ../../build/retail_assistant_bringup/retail_assistant_bringup.egg-info to /home/kendell/retail_assistant_ws/install/retail_assistant_bringup/lib/python3.10/site-packages/retail_assistant_bringup-0.0.0-py3.10.egg-info
[0.763s] running install_scripts
[0.774s] Installing auto_drive script to /home/kendell/retail_assistant_ws/install/retail_assistant_bringup/lib/retail_assistant_bringup
[0.774s] Installing navigation script to /home/kendell/retail_assistant_ws/install/retail_assistant_bringup/lib/retail_assistant_bringup
[0.775s] writing list of installed files to '/home/kendell/retail_assistant_ws/build/retail_assistant_bringup/install.log'
[0.794s] Invoked command in '/home/kendell/retail_assistant_ws/src/retail_assistant_bringup' returned '0': PYTHONPATH=/home/kendell/retail_assistant_ws/build/retail_assistant_bringup/prefix_override:/usr/lib/python3/dist-packages/colcon_core/task/python/colcon_distutils_commands:/home/kendell/retail_assistant_ws/install/retail_assistant_bringup/lib/python3.10/site-packages:${PYTHONPATH} /usr/bin/python3 -W ignore:setup.py install is deprecated -W ignore:easy_install command is deprecated setup.py egg_info --egg-base ../../build/retail_assistant_bringup build --build-base /home/kendell/retail_assistant_ws/build/retail_assistant_bringup/build install --record /home/kendell/retail_assistant_ws/build/retail_assistant_bringup/install.log --single-version-externally-managed install_data
