2026-02-21 00:00:31,593 [INFO] Activator:176 - 


2026-02-21 00:00:31,600 [INFO] Activator:177 - !SESSION log4j initialized
2026-02-21 00:00:43,203 [INFO] LogOutputStream:77 - [STDOUT_REDIRECT] 
2026-03-03 14:52:45,879 [INFO] Activator:176 - 


2026-03-03 14:52:45,881 [INFO] Activator:177 - !SESSION log4j initialized
2026-03-03 14:52:52,555 [INFO] LogOutputStream:77 - [STDOUT_REDIRECT] 
2026-03-03 14:52:53,411 [INFO] LogOutputStream:77 - [STDOUT_REDIRECT] Start the detection of the machine's architecture
2026-03-03 14:52:53,438 [INFO] LogOutputStream:77 - [STDOUT_REDIRECT] use arm architecture
2026-03-03 14:52:53,438 [INFO] LogOutputStream:77 - [STDOUT_REDIRECT] Architecture: Apple Silicon (ARM64)
2026-03-03 14:55:41,770 [ERROR] LogOutputStream:75 - [STDERR_REDIRECT] 
2026-03-03 16:17:47,748 [INFO] Activator:176 - 


2026-03-03 16:17:47,750 [INFO] Activator:177 - !SESSION log4j initialized
2026-03-03 16:17:54,113 [INFO] LogOutputStream:77 - [STDOUT_REDIRECT] 
2026-03-03 16:17:54,629 [INFO] LogOutputStream:77 - [STDOUT_REDIRECT] Start the detection of the machine's architecture
2026-03-03 16:17:54,653 [INFO] LogOutputStream:77 - [STDOUT_REDIRECT] use arm architecture
2026-03-03 16:17:54,654 [INFO] LogOutputStream:77 - [STDOUT_REDIRECT] Architecture: Apple Silicon (ARM64)
2026-03-10 23:49:55,817 [INFO] Activator:176 - 


2026-03-10 23:49:55,819 [INFO] Activator:177 - !SESSION log4j initialized
2026-03-10 23:50:01,918 [INFO] LogOutputStream:77 - [STDOUT_REDIRECT] 
2026-03-10 23:50:02,430 [INFO] LogOutputStream:77 - [STDOUT_REDIRECT] Start the detection of the machine's architecture
2026-03-10 23:50:02,455 [INFO] LogOutputStream:77 - [STDOUT_REDIRECT] use arm architecture
2026-03-10 23:50:02,456 [INFO] LogOutputStream:77 - [STDOUT_REDIRECT] Architecture: Apple Silicon (ARM64)
2026-03-16 14:16:18,900 [INFO] Activator:176 - 


2026-03-16 14:16:18,901 [INFO] Activator:177 - !SESSION log4j initialized
2026-03-16 14:16:24,467 [INFO] LogOutputStream:77 - [STDOUT_REDIRECT] 
2026-03-16 14:16:26,048 [INFO] LogOutputStream:77 - [STDOUT_REDIRECT] Start the detection of the machine's architecture
2026-03-16 14:16:26,080 [INFO] LogOutputStream:77 - [STDOUT_REDIRECT] use arm architecture
2026-03-16 14:16:26,082 [INFO] LogOutputStream:77 - [STDOUT_REDIRECT] Architecture: Apple Silicon (ARM64)
